<?xml version="1.0" encoding="UTF-8"?>
<testsuite xmlns:xsi="http://www.w3.org/2001/XMLSchema-instance" xsi:noNamespaceSchemaLocation="https://maven.apache.org/surefire/maven-surefire-plugin/xsd/surefire-test-report-3.0.xsd" version="3.0" name="com.sismics.docs.core.util.TestFileUtil" time="36.939" tests="6" errors="0" skipped="0" failures="0">
  <properties>
[...]
</properties>
  <testcase name="extractContentOfficeDocumentTest" classname="com.sismics.docs.core.util.TestFileUtil" time="4.538">
    <system-out><![CDATA[10 Apr 2024 15:11:47,316 INFO com.sismics.util.ClasspathScanner.findClasses(ClasspathScanner.java:48) Found 7 classes for FormatHandler 
10 Apr 2024 15:11:48,353 INFO com.sismics.util.ClasspathScanner.findClasses(ClasspathScanner.java:48) Found 1 classes for IndexingHandler 
10 Apr 2024 15:11:48,384 INFO com.sismics.docs.core.util.indexing.LuceneIndexingHandler.initLucene(LuceneIndexingHandler.java:115) Using RAM Lucene storage 
10 Apr 2024 15:11:48,728 INFO com.sismics.docs.core.service.FileService.startUp(FileService.java:39) File service starting up 
10 Apr 2024 15:11:48,746 INFO com.sismics.docs.core.service.InboxService.startUp(InboxService.java:55) Inbox service starting up 
10 Apr 2024 15:11:48,771 INFO com.sismics.util.jpa.EMF.getEntityManagerProperties(EMF.java:67) Configuring EntityManager from hibernate.properties 
10 Apr 2024 15:11:48,804 DEBUG org.hibernate.boot.registry.selector.internal.StrategySelectorBuilder.<clinit>(StrategySelectorBuilder.java:44) Logging Provider: org.jboss.logging.Log4jLoggerProvider 
10 Apr 2024 15:11:49,277 INFO com.mchange.v2.log.slf4j.Slf4jMLog$Slf4jMLogger$InfoLogger.log(Slf4jMLog.java:212) MLog clients using slf4j logging. 
10 Apr 2024 15:11:49,287 DEBUG com.mchange.v2.log.slf4j.Slf4jMLog$Slf4jMLogger$DebugLogger.log(Slf4jMLog.java:207) Reading VM config for path list /com/mchange/v2/log/default-mchange-log.properties, /mchange-commons.properties, /c3p0.properties, hocon:/reference,/application,/c3p0,/, /mchange-log.properties, / 
10 Apr 2024 15:11:49,287 DEBUG com.mchange.v2.log.slf4j.Slf4jMLog$Slf4jMLogger$DebugLogger.log(Slf4jMLog.java:207) The configuration file for resource identifier '/mchange-commons.properties' could not be found. Skipping. 
10 Apr 2024 15:11:49,287 DEBUG com.mchange.v2.log.slf4j.Slf4jMLog$Slf4jMLogger$DebugLogger.log(Slf4jMLog.java:207) The configuration file for resource identifier '/c3p0.properties' could not be found. Skipping. 
10 Apr 2024 15:11:49,287 DEBUG com.mchange.v2.log.slf4j.Slf4jMLog$Slf4jMLogger$DebugLogger.log(Slf4jMLog.java:207) The configuration file for resource identifier 'hocon:/reference,/application,/c3p0,/' could not be found. Skipping. 
10 Apr 2024 15:11:49,288 DEBUG com.mchange.v2.log.slf4j.Slf4jMLog$Slf4jMLogger$DebugLogger.log(Slf4jMLog.java:207) The configuration file for resource identifier '/mchange-log.properties' could not be found. Skipping. 
10 Apr 2024 15:11:49,294 DEBUG com.mchange.v2.log.slf4j.Slf4jMLog$Slf4jMLogger$DebugLogger.log(Slf4jMLog.java:207) The configuration file for resource identifier '/mchange-commons.properties' could not be found. Skipping. 
10 Apr 2024 15:11:49,295 DEBUG com.mchange.v2.log.slf4j.Slf4jMLog$Slf4jMLogger$DebugLogger.log(Slf4jMLog.java:207) The configuration file for resource identifier '/mchange-log.properties' could not be found. Skipping. 
10 Apr 2024 15:11:49,295 DEBUG com.mchange.v2.log.slf4j.Slf4jMLog$Slf4jMLogger$DebugLogger.log(Slf4jMLog.java:207) The configuration file for resource identifier 'hocon:/reference,/application,/c3p0,/' could not be found. Skipping. 
10 Apr 2024 15:11:49,297 DEBUG com.mchange.v2.log.slf4j.Slf4jMLog$Slf4jMLogger$DebugLogger.log(Slf4jMLog.java:207) The configuration file for resource identifier '/c3p0.properties' could not be found. Skipping. 
10 Apr 2024 15:11:49,425 INFO com.mchange.v2.log.slf4j.Slf4jMLog$Slf4jMLogger$InfoLogger.log(Slf4jMLog.java:212) Initializing c3p0-0.9.5.5 [built 11-December-2019 22:18:33 -0800; debug? true; trace: 10] 
10 Apr 2024 15:11:49,445 DEBUG com.mchange.v2.log.slf4j.Slf4jMLog$Slf4jMLogger$DebugLogger.log(Slf4jMLog.java:204) MBean: com.mchange.v2.c3p0:type=PooledDataSource,identityToken=z8kfsxb21j68qx218gqq7s|48429980,name=z8kfsxb21j68qx218gqq7s|48429980 registered. 
10 Apr 2024 15:11:49,461 DEBUG com.mchange.v2.log.slf4j.Slf4jMLog$Slf4jMLogger$DebugLogger.log(Slf4jMLog.java:204) MBean: com.mchange.v2.c3p0:type=PooledDataSource,identityToken=z8kfsxb21j68qx218gqq7s|48429980,name=z8kfsxb21j68qx218gqq7s|48429980 unregistered, in order to be reregistered after update. 
10 Apr 2024 15:11:49,462 DEBUG com.mchange.v2.log.slf4j.Slf4jMLog$Slf4jMLogger$DebugLogger.log(Slf4jMLog.java:204) MBean: com.mchange.v2.c3p0:type=PooledDataSource,identityToken=z8kfsxb21j68qx218gqq7s|48429980,name=z8kfsxb21j68qx218gqq7s|48429980 registered. 
10 Apr 2024 15:11:49,497 INFO com.mchange.v2.log.slf4j.Slf4jMLog$Slf4jMLogger$InfoLogger.log(Slf4jMLog.java:212) Initializing c3p0 pool... com.mchange.v2.c3p0.PoolBackedDataSource@5dddca63 [ connectionPoolDataSource -> com.mchange.v2.c3p0.WrapperConnectionPoolDataSource@47bfaf8b [ acquireIncrement -> 3, acquireRetryAttempts -> 30, acquireRetryDelay -> 1000, autoCommitOnClose -> false, automaticTestTable -> null, breakAfterAcquireFailure -> false, checkoutTimeout -> 0, connectionCustomizerClassName -> null, connectionTesterClassName -> com.mchange.v2.c3p0.impl.DefaultConnectionTester, contextClassLoaderSource -> caller, debugUnreturnedConnectionStackTraces -> false, factoryClassLocation -> null, forceIgnoreUnresolvedTransactions -> false, forceSynchronousCheckins -> false, identityToken -> z8kfsxb21j68qx218gqq7s|21ff1d55, idleConnectionTestPeriod -> 0, initialPoolSize -> 1, maxAdministrativeTaskTime -> 0, maxConnectionAge -> 0, maxIdleTime -> 0, maxIdleTimeExcessConnections -> 0, maxPoolSize -> 10, maxStatements -> 0, maxStatementsPerConnection -> 0, minPoolSize -> 1, nestedDataSource -> com.mchange.v2.c3p0.DriverManagerDataSource@75dd8a3e [ description -> null, driverClass -> null, factoryClassLocation -> null, forceUseNamedDriverClass -> false, identityToken -> z8kfsxb21j68qx218gqq7s|54e44d23, jdbcUrl -> jdbc:h2:mem:docs, properties -> {password=******, user=******} ], preferredTestQuery -> null, privilegeSpawnedThreads -> false, propertyCycle -> 0, statementCacheNumDeferredCloseThreads -> 0, testConnectionOnCheckin -> false, testConnectionOnCheckout -> false, unreturnedConnectionTimeout -> 0, usesTraditionalReflectiveProxies -> false; userOverrides: {} ], dataSourceName -> null, extensions -> {}, factoryClassLocation -> null, identityToken -> z8kfsxb21j68qx218gqq7s|48429980, numHelperThreads -> 3 ] 
10 Apr 2024 15:11:49,534 DEBUG com.mchange.v2.log.slf4j.Slf4jMLog$Slf4jMLogger$DebugLogger.log(Slf4jMLog.java:207) The configuration file for resource identifier '/mchange-commons.properties' could not be found. Skipping. 
10 Apr 2024 15:11:49,534 DEBUG com.mchange.v2.log.slf4j.Slf4jMLog$Slf4jMLogger$DebugLogger.log(Slf4jMLog.java:207) The configuration file for resource identifier '/mchange-log.properties' could not be found. Skipping. 
10 Apr 2024 15:11:49,535 DEBUG com.mchange.v2.log.slf4j.Slf4jMLog$Slf4jMLogger$DebugLogger.log(Slf4jMLog.java:207) The configuration file for resource identifier '/c3p0.properties' could not be found. Skipping. 
10 Apr 2024 15:11:49,535 DEBUG com.mchange.v2.log.slf4j.Slf4jMLog$Slf4jMLogger$DebugLogger.log(Slf4jMLog.java:207) The configuration file for resource identifier 'hocon:/reference,/application,/c3p0,/' could not be found. Skipping. 
10 Apr 2024 15:11:49,544 DEBUG com.mchange.v2.log.slf4j.Slf4jMLog$Slf4jMLogger$DebugLogger.log(Slf4jMLog.java:204) com.mchange.v2.resourcepool.BasicResourcePool@5573840b config: [start -> 1; min -> 1; max -> 10; inc -> 3; num_acq_attempts -> 30; acq_attempt_delay -> 1000; check_idle_resources_delay -> 0; max_resource_age -> 0; max_idle_time -> 0; excess_max_idle_time -> 0; destroy_unreturned_resc_time -> 0; expiration_enforcement_delay -> 0; break_on_acquisition_failure -> false; debug_store_checkout_exceptions -> false; force_synchronous_checkins -> false] 
10 Apr 2024 15:11:49,545 DEBUG com.mchange.v2.log.slf4j.Slf4jMLog$Slf4jMLogger$DebugLogger.log(Slf4jMLog.java:204) Created new pool for auth, username (masked): 'sa******'. 
10 Apr 2024 15:11:49,546 DEBUG com.mchange.v2.log.slf4j.Slf4jMLog$Slf4jMLogger$DebugLogger.log(Slf4jMLog.java:204) acquire test -- pool size: 0; target_pool_size: 1; desired target? 1 
10 Apr 2024 15:11:49,547 DEBUG com.mchange.v2.log.slf4j.Slf4jMLog$Slf4jMLogger$DebugLogger.log(Slf4jMLog.java:204) awaitAvailable(): [unknown] 
10 Apr 2024 15:11:50,286 INFO com.sismics.util.jpa.DbOpenHelper.open(DbOpenHelper.java:57) Opening database and executing incremental updates 
10 Apr 2024 15:11:50,288 DEBUG com.mchange.v2.log.slf4j.Slf4jMLog$Slf4jMLogger$DebugLogger.log(Slf4jMLog.java:207) com.mchange.v2.c3p0.impl.NewPooledConnection@75bb73b4 handling a throwable. 
org.h2.jdbc.JdbcSQLSyntaxErrorException: Table "T_CONFIG" not found; SQL statement:
select c.CFG_VALUE_C from T_CONFIG c where c.CFG_ID_C='DB_VERSION' [42102-199]
	at org.h2.message.DbException.getJdbcSQLException(DbException.java:451)
	at org.h2.message.DbException.getJdbcSQLException(DbException.java:427)
	at org.h2.message.DbException.get(DbException.java:205)
	at org.h2.message.DbException.get(DbException.java:181)
	at org.h2.command.Parser.readTableOrView(Parser.java:7146)
	at org.h2.command.Parser.readTableFilter(Parser.java:1895)
	at org.h2.command.Parser.parseSelectSimpleFromPart(Parser.java:2641)
	at org.h2.command.Parser.parseSelectSimple(Parser.java:2788)
	at org.h2.command.Parser.parseSelectSub(Parser.java:2636)
	at org.h2.command.Parser.parseSelectUnion(Parser.java:2469)
	at org.h2.command.Parser.parseSelect(Parser.java:2440)
	at org.h2.command.Parser.parsePrepared(Parser.java:814)
	at org.h2.command.Parser.parse(Parser.java:788)
	at org.h2.command.Parser.parse(Parser.java:760)
	at org.h2.command.Parser.prepareCommand(Parser.java:683)
	at org.h2.engine.Session.prepareLocal(Session.java:627)
	at org.h2.engine.Session.prepareCommand(Session.java:565)
	at org.h2.jdbc.JdbcConnection.prepareCommand(JdbcConnection.java:1292)
	at org.h2.jdbc.JdbcStatement.executeQuery(JdbcStatement.java:78)
	at com.mchange.v2.c3p0.impl.NewProxyStatement.executeQuery(NewProxyStatement.java:327)
	at com.sismics.util.jpa.DbOpenHelper.open(DbOpenHelper.java:76)
	at com.sismics.util.jpa.EMF.<clinit>(EMF.java:53)
	at com.sismics.docs.core.util.TransactionUtil.handle(TransactionUtil.java:37)
	at com.sismics.docs.core.service.InboxService.syncInbox(InboxService.java:76)
	at com.sismics.docs.core.service.InboxService.runOneIteration(InboxService.java:66)
	at com.google.common.util.concurrent.AbstractScheduledService$ServiceDelegate$Task.run(AbstractScheduledService.java:221)
	at com.google.common.util.concurrent.Callables$4.run(Callables.java:119)
	at java.base/java.util.concurrent.Executors$RunnableAdapter.call(Executors.java:515)
	at java.base/java.util.concurrent.FutureTask.runAndReset(FutureTask.java:305)
	at java.base/java.util.concurrent.ScheduledThreadPoolExecutor$ScheduledFutureTask.run(ScheduledThreadPoolExecutor.java:305)
	at java.base/java.util.concurrent.ThreadPoolExecutor.runWorker(ThreadPoolExecutor.java:1128)
	at java.base/java.util.concurrent.ThreadPoolExecutor$Worker.run(ThreadPoolExecutor.java:628)
	at java.base/java.lang.Thread.run(Thread.java:829)
10 Apr 2024 15:11:50,292 DEBUG com.mchange.v2.log.slf4j.Slf4jMLog$Slf4jMLogger$DebugLogger.log(Slf4jMLog.java:207) Attempted to convert SQLException to SQLException. Leaving it alone. [SQLState: 42S02; errorCode: 42102] 
org.h2.jdbc.JdbcSQLSyntaxErrorException: Table "T_CONFIG" not found; SQL statement:
select c.CFG_VALUE_C from T_CONFIG c where c.CFG_ID_C='DB_VERSION' [42102-199]
	at org.h2.message.DbException.getJdbcSQLException(DbException.java:451)
	at org.h2.message.DbException.getJdbcSQLException(DbException.java:427)
	at org.h2.message.DbException.get(DbException.java:205)
	at org.h2.message.DbException.get(DbException.java:181)
	at org.h2.command.Parser.readTableOrView(Parser.java:7146)
	at org.h2.command.Parser.readTableFilter(Parser.java:1895)
	at org.h2.command.Parser.parseSelectSimpleFromPart(Parser.java:2641)
	at org.h2.command.Parser.parseSelectSimple(Parser.java:2788)
	at org.h2.command.Parser.parseSelectSub(Parser.java:2636)
	at org.h2.command.Parser.parseSelectUnion(Parser.java:2469)
	at org.h2.command.Parser.parseSelect(Parser.java:2440)
	at org.h2.command.Parser.parsePrepared(Parser.java:814)
	at org.h2.command.Parser.parse(Parser.java:788)
	at org.h2.command.Parser.parse(Parser.java:760)
	at org.h2.command.Parser.prepareCommand(Parser.java:683)
	at org.h2.engine.Session.prepareLocal(Session.java:627)
	at org.h2.engine.Session.prepareCommand(Session.java:565)
	at org.h2.jdbc.JdbcConnection.prepareCommand(JdbcConnection.java:1292)
	at org.h2.jdbc.JdbcStatement.executeQuery(JdbcStatement.java:78)
	at com.mchange.v2.c3p0.impl.NewProxyStatement.executeQuery(NewProxyStatement.java:327)
	at com.sismics.util.jpa.DbOpenHelper.open(DbOpenHelper.java:76)
	at com.sismics.util.jpa.EMF.<clinit>(EMF.java:53)
	at com.sismics.docs.core.util.TransactionUtil.handle(TransactionUtil.java:37)
	at com.sismics.docs.core.service.InboxService.syncInbox(InboxService.java:76)
	at com.sismics.docs.core.service.InboxService.runOneIteration(InboxService.java:66)
	at com.google.common.util.concurrent.AbstractScheduledService$ServiceDelegate$Task.run(AbstractScheduledService.java:221)
	at com.google.common.util.concurrent.Callables$4.run(Callables.java:119)
	at java.base/java.util.concurrent.Executors$RunnableAdapter.call(Executors.java:515)
	at java.base/java.util.concurrent.FutureTask.runAndReset(FutureTask.java:305)
	at java.base/java.util.concurrent.ScheduledThreadPoolExecutor$ScheduledFutureTask.run(ScheduledThreadPoolExecutor.java:305)
	at java.base/java.util.concurrent.ThreadPoolExecutor.runWorker(ThreadPoolExecutor.java:1128)
	at java.base/java.util.concurrent.ThreadPoolExecutor$Worker.run(ThreadPoolExecutor.java:628)
	at java.base/java.lang.Thread.run(Thread.java:829)
10 Apr 2024 15:11:50,293 DEBUG com.mchange.v2.log.slf4j.Slf4jMLog$Slf4jMLogger$DebugLogger.log(Slf4jMLog.java:207) Testing a Connection in response to an Exception: 
org.h2.jdbc.JdbcSQLSyntaxErrorException: Table "T_CONFIG" not found; SQL statement:
select c.CFG_VALUE_C from T_CONFIG c where c.CFG_ID_C='DB_VERSION' [42102-199]
	at org.h2.message.DbException.getJdbcSQLException(DbException.java:451)
	at org.h2.message.DbException.getJdbcSQLException(DbException.java:427)
	at org.h2.message.DbException.get(DbException.java:205)
	at org.h2.message.DbException.get(DbException.java:181)
	at org.h2.command.Parser.readTableOrView(Parser.java:7146)
	at org.h2.command.Parser.readTableFilter(Parser.java:1895)
	at org.h2.command.Parser.parseSelectSimpleFromPart(Parser.java:2641)
	at org.h2.command.Parser.parseSelectSimple(Parser.java:2788)
	at org.h2.command.Parser.parseSelectSub(Parser.java:2636)
	at org.h2.command.Parser.parseSelectUnion(Parser.java:2469)
	at org.h2.command.Parser.parseSelect(Parser.java:2440)
	at org.h2.command.Parser.parsePrepared(Parser.java:814)
	at org.h2.command.Parser.parse(Parser.java:788)
	at org.h2.command.Parser.parse(Parser.java:760)
	at org.h2.command.Parser.prepareCommand(Parser.java:683)
	at org.h2.engine.Session.prepareLocal(Session.java:627)
	at org.h2.engine.Session.prepareCommand(Session.java:565)
	at org.h2.jdbc.JdbcConnection.prepareCommand(JdbcConnection.java:1292)
	at org.h2.jdbc.JdbcStatement.executeQuery(JdbcStatement.java:78)
	at com.mchange.v2.c3p0.impl.NewProxyStatement.executeQuery(NewProxyStatement.java:327)
	at com.sismics.util.jpa.DbOpenHelper.open(DbOpenHelper.java:76)
	at com.sismics.util.jpa.EMF.<clinit>(EMF.java:53)
	at com.sismics.docs.core.util.TransactionUtil.handle(TransactionUtil.java:37)
	at com.sismics.docs.core.service.InboxService.syncInbox(InboxService.java:76)
	at com.sismics.docs.core.service.InboxService.runOneIteration(InboxService.java:66)
	at com.google.common.util.concurrent.AbstractScheduledService$ServiceDelegate$Task.run(AbstractScheduledService.java:221)
	at com.google.common.util.concurrent.Callables$4.run(Callables.java:119)
	at java.base/java.util.concurrent.Executors$RunnableAdapter.call(Executors.java:515)
	at java.base/java.util.concurrent.FutureTask.runAndReset(FutureTask.java:305)
	at java.base/java.util.concurrent.ScheduledThreadPoolExecutor$ScheduledFutureTask.run(ScheduledThreadPoolExecutor.java:305)
	at java.base/java.util.concurrent.ThreadPoolExecutor.runWorker(ThreadPoolExecutor.java:1128)
	at java.base/java.util.concurrent.ThreadPoolExecutor$Worker.run(ThreadPoolExecutor.java:628)
	at java.base/java.lang.Thread.run(Thread.java:829)
10 Apr 2024 15:11:50,296 INFO com.sismics.util.jpa.DbOpenHelper.open(DbOpenHelper.java:83) Unable to get database version: Table T_CONFIG not found 
10 Apr 2024 15:11:50,296 INFO com.sismics.util.jpa.DbOpenHelper.open(DbOpenHelper.java:98) Executing initial schema creation script 
10 Apr 2024 15:11:50,301 INFO com.sismics.util.jpa.DbOpenHelper.executeAllScript(DbOpenHelper.java:142) Executing script: dbupdate-000-0.sql 
10 Apr 2024 15:11:50,412 INFO com.sismics.util.jpa.DbOpenHelper.executeAllScript(DbOpenHelper.java:142) Executing script: dbupdate-000-1.sql 
10 Apr 2024 15:11:50,418 INFO com.sismics.util.jpa.DbOpenHelper.open(DbOpenHelper.java:106) Found database version 0, new version is 27, executing database incremental update scripts 
10 Apr 2024 15:11:50,420 INFO com.sismics.util.jpa.DbOpenHelper.executeAllScript(DbOpenHelper.java:142) Executing script: dbupdate-001-0.sql 
10 Apr 2024 15:11:50,472 INFO com.sismics.util.jpa.DbOpenHelper.executeAllScript(DbOpenHelper.java:142) Executing script: dbupdate-002-0.sql 
10 Apr 2024 15:11:50,483 INFO com.sismics.util.jpa.DbOpenHelper.executeAllScript(DbOpenHelper.java:142) Executing script: dbupdate-003-0.sql 
10 Apr 2024 15:11:50,495 INFO com.sismics.util.jpa.DbOpenHelper.executeAllScript(DbOpenHelper.java:142) Executing script: dbupdate-004-0.sql 
10 Apr 2024 15:11:50,524 INFO com.sismics.util.jpa.DbOpenHelper.executeAllScript(DbOpenHelper.java:142) Executing script: dbupdate-005-0.sql 
10 Apr 2024 15:11:50,527 INFO com.sismics.util.jpa.DbOpenHelper.executeAllScript(DbOpenHelper.java:142) Executing script: dbupdate-006-0.sql 
10 Apr 2024 15:11:50,671 INFO com.sismics.util.jpa.DbOpenHelper.executeAllScript(DbOpenHelper.java:142) Executing script: dbupdate-007-0.sql 
10 Apr 2024 15:11:50,679 INFO com.sismics.util.jpa.DbOpenHelper.executeAllScript(DbOpenHelper.java:142) Executing script: dbupdate-008-0.sql 
10 Apr 2024 15:11:50,686 INFO com.sismics.util.jpa.DbOpenHelper.executeAllScript(DbOpenHelper.java:142) Executing script: dbupdate-009-0.sql 
10 Apr 2024 15:11:50,700 INFO com.sismics.util.jpa.DbOpenHelper.executeAllScript(DbOpenHelper.java:142) Executing script: dbupdate-010-0.sql 
10 Apr 2024 15:11:50,702 INFO com.sismics.util.jpa.DbOpenHelper.executeAllScript(DbOpenHelper.java:142) Executing script: dbupdate-011-0.sql 
10 Apr 2024 15:11:50,707 INFO com.sismics.util.jpa.DbOpenHelper.executeAllScript(DbOpenHelper.java:142) Executing script: dbupdate-012-0.sql 
10 Apr 2024 15:11:50,714 INFO com.sismics.util.jpa.DbOpenHelper.executeAllScript(DbOpenHelper.java:142) Executing script: dbupdate-013-0.sql 
10 Apr 2024 15:11:50,718 INFO com.sismics.util.jpa.DbOpenHelper.executeAllScript(DbOpenHelper.java:142) Executing script: dbupdate-014-0.sql 
10 Apr 2024 15:11:50,728 INFO com.sismics.util.jpa.DbOpenHelper.executeAllScript(DbOpenHelper.java:142) Executing script: dbupdate-015-0.sql 
10 Apr 2024 15:11:50,746 INFO com.sismics.util.jpa.DbOpenHelper.executeAllScript(DbOpenHelper.java:142) Executing script: dbupdate-016-0.sql 
10 Apr 2024 15:11:50,749 INFO com.sismics.util.jpa.DbOpenHelper.executeAllScript(DbOpenHelper.java:142) Executing script: dbupdate-017-0.sql 
10 Apr 2024 15:11:50,752 INFO com.sismics.util.jpa.DbOpenHelper.executeAllScript(DbOpenHelper.java:142) Executing script: dbupdate-018-0.sql 
10 Apr 2024 15:11:50,786 INFO com.sismics.util.jpa.DbOpenHelper.executeAllScript(DbOpenHelper.java:142) Executing script: dbupdate-019-0.sql 
10 Apr 2024 15:11:50,789 INFO com.sismics.util.jpa.DbOpenHelper.executeAllScript(DbOpenHelper.java:142) Executing script: dbupdate-020-0.sql 
10 Apr 2024 15:11:50,792 INFO com.sismics.util.jpa.DbOpenHelper.executeAllScript(DbOpenHelper.java:142) Executing script: dbupdate-021-0.sql 
10 Apr 2024 15:11:50,805 INFO com.sismics.util.jpa.DbOpenHelper.executeAllScript(DbOpenHelper.java:142) Executing script: dbupdate-022-0.sql 
10 Apr 2024 15:11:50,824 INFO com.sismics.util.jpa.DbOpenHelper.executeAllScript(DbOpenHelper.java:142) Executing script: dbupdate-023-0.sql 
10 Apr 2024 15:11:50,833 INFO com.sismics.util.jpa.DbOpenHelper.executeAllScript(DbOpenHelper.java:142) Executing script: dbupdate-024-0.sql 
10 Apr 2024 15:11:50,842 INFO com.sismics.util.jpa.DbOpenHelper.executeAllScript(DbOpenHelper.java:142) Executing script: dbupdate-025-0.sql 
10 Apr 2024 15:11:50,844 INFO com.sismics.util.jpa.DbOpenHelper.executeAllScript(DbOpenHelper.java:142) Executing script: dbupdate-026-0.sql 
10 Apr 2024 15:11:50,846 INFO com.sismics.util.jpa.DbOpenHelper.executeAllScript(DbOpenHelper.java:142) Executing script: dbupdate-027-0.sql 
10 Apr 2024 15:11:50,847 INFO com.sismics.util.jpa.DbOpenHelper.open(DbOpenHelper.java:108) Database upgrade complete 
10 Apr 2024 15:11:50,848 INFO com.sismics.util.jpa.EMF.getEntityManagerProperties(EMF.java:67) Configuring EntityManager from hibernate.properties 
]]></system-out>
  </testcase>
  <testcase name="extractContentPowerpointTest" classname="com.sismics.docs.core.util.TestFileUtil" time="1.047">
    <system-out><![CDATA[10 Apr 2024 15:11:51,282 DEBUG org.apache.pdfbox.io.ScratchFileBuffer.finalize(ScratchFileBuffer.java:520) ScratchFileBuffer not closed! 
10 Apr 2024 15:11:51,403 DEBUG com.mchange.v2.log.slf4j.Slf4jMLog$Slf4jMLogger$DebugLogger.log(Slf4jMLog.java:204) MBean: com.mchange.v2.c3p0:type=PooledDataSource,identityToken=z8kfsxb21j68qx218gqq7s|21869544,name=z8kfsxb21j68qx218gqq7s|21869544 registered. 
10 Apr 2024 15:11:51,413 DEBUG com.mchange.v2.log.slf4j.Slf4jMLog$Slf4jMLogger$DebugLogger.log(Slf4jMLog.java:204) MBean: com.mchange.v2.c3p0:type=PooledDataSource,identityToken=z8kfsxb21j68qx218gqq7s|21869544,name=z8kfsxb21j68qx218gqq7s|21869544 unregistered, in order to be reregistered after update. 
10 Apr 2024 15:11:51,413 DEBUG com.mchange.v2.log.slf4j.Slf4jMLog$Slf4jMLogger$DebugLogger.log(Slf4jMLog.java:204) MBean: com.mchange.v2.c3p0:type=PooledDataSource,identityToken=z8kfsxb21j68qx218gqq7s|21869544,name=z8kfsxb21j68qx218gqq7s|21869544 registered. 
10 Apr 2024 15:11:51,419 INFO com.mchange.v2.log.slf4j.Slf4jMLog$Slf4jMLogger$InfoLogger.log(Slf4jMLog.java:212) Initializing c3p0 pool... com.mchange.v2.c3p0.PoolBackedDataSource@98e011e4 [ connectionPoolDataSource -> com.mchange.v2.c3p0.WrapperConnectionPoolDataSource@7286ccbe [ acquireIncrement -> 3, acquireRetryAttempts -> 30, acquireRetryDelay -> 1000, autoCommitOnClose -> false, automaticTestTable -> null, breakAfterAcquireFailure -> false, checkoutTimeout -> 0, connectionCustomizerClassName -> null, connectionTesterClassName -> com.mchange.v2.c3p0.impl.DefaultConnectionTester, contextClassLoaderSource -> caller, debugUnreturnedConnectionStackTraces -> false, factoryClassLocation -> null, forceIgnoreUnresolvedTransactions -> false, forceSynchronousCheckins -> false, identityToken -> z8kfsxb21j68qx218gqq7s|67c79e20, idleConnectionTestPeriod -> 0, initialPoolSize -> 1, maxAdministrativeTaskTime -> 0, maxConnectionAge -> 0, maxIdleTime -> 0, maxIdleTimeExcessConnections -> 0, maxPoolSize -> 10, maxStatements -> 0, maxStatementsPerConnection -> 0, minPoolSize -> 1, nestedDataSource -> com.mchange.v2.c3p0.DriverManagerDataSource@bc19a086 [ description -> null, driverClass -> null, factoryClassLocation -> null, forceUseNamedDriverClass -> false, identityToken -> z8kfsxb21j68qx218gqq7s|6782ef50, jdbcUrl -> jdbc:h2:mem:docs, properties -> {password=******, user=******} ], preferredTestQuery -> null, privilegeSpawnedThreads -> false, propertyCycle -> 0, statementCacheNumDeferredCloseThreads -> 0, testConnectionOnCheckin -> false, testConnectionOnCheckout -> false, unreturnedConnectionTimeout -> 0, usesTraditionalReflectiveProxies -> false; userOverrides: {} ], dataSourceName -> null, extensions -> {}, factoryClassLocation -> null, identityToken -> z8kfsxb21j68qx218gqq7s|21869544, numHelperThreads -> 3 ] 
10 Apr 2024 15:11:51,420 DEBUG com.mchange.v2.log.slf4j.Slf4jMLog$Slf4jMLogger$DebugLogger.log(Slf4jMLog.java:204) com.mchange.v2.resourcepool.BasicResourcePool@7865f810 config: [start -> 1; min -> 1; max -> 10; inc -> 3; num_acq_attempts -> 30; acq_attempt_delay -> 1000; check_idle_resources_delay -> 0; max_resource_age -> 0; max_idle_time -> 0; excess_max_idle_time -> 0; destroy_unreturned_resc_time -> 0; expiration_enforcement_delay -> 0; break_on_acquisition_failure -> false; debug_store_checkout_exceptions -> false; force_synchronous_checkins -> false] 
10 Apr 2024 15:11:51,421 DEBUG com.mchange.v2.log.slf4j.Slf4jMLog$Slf4jMLogger$DebugLogger.log(Slf4jMLog.java:204) Created new pool for auth, username (masked): 'sa******'. 
10 Apr 2024 15:11:51,421 DEBUG com.mchange.v2.log.slf4j.Slf4jMLog$Slf4jMLogger$DebugLogger.log(Slf4jMLog.java:204) acquire test -- pool size: 0; target_pool_size: 1; desired target? 1 
10 Apr 2024 15:11:51,421 DEBUG com.mchange.v2.log.slf4j.Slf4jMLog$Slf4jMLogger$DebugLogger.log(Slf4jMLog.java:204) awaitAvailable(): [unknown] 
]]></system-out>
  </testcase>
  <testcase name="extractContentOpenDocumentTextTest" classname="com.sismics.docs.core.util.TestFileUtil" time="0.882">
    <system-err><![CDATA[Apr 10, 2024 3:11:52 PM org.odftoolkit.odfdom.pkg.OdfXMLFactory newOdfAttribute
INFO: None-ODF attribute created for loext:contextual-spacing
Apr 10, 2024 3:11:52 PM org.odftoolkit.odfdom.pkg.OdfXMLFactory newOdfAttribute
INFO: None-ODF attribute created for loext:contextual-spacing
Apr 10, 2024 3:11:52 PM org.odftoolkit.odfdom.pkg.OdfXMLFactory newOdfAttribute
INFO: None-ODF attribute created for loext:contextual-spacing
Apr 10, 2024 3:11:52 PM org.odftoolkit.odfdom.pkg.OdfXMLFactory newOdfAttribute
INFO: None-ODF attribute created for loext:contextual-spacing
Apr 10, 2024 3:11:52 PM org.odftoolkit.odfdom.pkg.OdfXMLFactory newOdfAttribute
INFO: None-ODF attribute created for loext:contextual-spacing
Apr 10, 2024 3:11:52 PM org.odftoolkit.odfdom.pkg.OdfXMLFactory newOdfAttribute
INFO: None-ODF attribute created for loext:contextual-spacing
Apr 10, 2024 3:11:52 PM org.odftoolkit.odfdom.pkg.OdfXMLFactory newOdfAttribute
INFO: None-ODF attribute created for loext:contextual-spacing
Apr 10, 2024 3:11:52 PM org.odftoolkit.odfdom.pkg.OdfXMLFactory newOdfAttribute
INFO: None-ODF attribute created for loext:contextual-spacing
Apr 10, 2024 3:11:52 PM org.odftoolkit.odfdom.pkg.OdfXMLFactory newOdfAttribute
INFO: None-ODF attribute created for officeooo:rsid
Apr 10, 2024 3:11:52 PM org.odftoolkit.odfdom.pkg.OdfXMLFactory newOdfAttribute
INFO: None-ODF attribute created for officeooo:paragraph-rsid
]]></system-err>
  </testcase>
  <testcase name="convertToPdfTest" classname="com.sismics.docs.core.util.TestFileUtil" time="14.243">
    <system-out><![CDATA[Hibernate: select config0_.CFG_ID_C as cfg_id_c1_5_0_, config0_.CFG_VALUE_C as cfg_valu2_5_0_ from T_CONFIG config0_ where config0_.CFG_ID_C=?
10 Apr 2024 15:11:53,115 DEBUG org.apache.fontbox.ttf.GlyphSubstitutionTable.readLookupTable(GlyphSubstitutionTable.java:263) Type 4 GSUB lookup table is not supported and will be ignored 
10 Apr 2024 15:11:53,116 DEBUG org.apache.fontbox.ttf.GlyphSubstitutionTable.readLookupTable(GlyphSubstitutionTable.java:263) Type 4 GSUB lookup table is not supported and will be ignored 
10 Apr 2024 15:11:53,117 DEBUG org.apache.fontbox.ttf.GlyphSubstitutionTable.readLookupTable(GlyphSubstitutionTable.java:263) Type 6 GSUB lookup table is not supported and will be ignored 
10 Apr 2024 15:11:53,117 DEBUG org.apache.fontbox.ttf.GlyphSubstitutionTable.readLookupTable(GlyphSubstitutionTable.java:263) Type 4 GSUB lookup table is not supported and will be ignored 
10 Apr 2024 15:11:53,118 DEBUG org.apache.fontbox.ttf.GlyphSubstitutionTable.readLookupTable(GlyphSubstitutionTable.java:263) Type 4 GSUB lookup table is not supported and will be ignored 
10 Apr 2024 15:11:53,128 DEBUG org.apache.fontbox.util.autodetect.FontFileFinder.walk(FontFileFinder.java:136) checkFontfile check /usr/local/share/fonts/.uuid 
10 Apr 2024 15:11:53,129 DEBUG org.apache.fontbox.util.autodetect.FontFileFinder.walk(FontFileFinder.java:136) checkFontfile check /usr/share/fonts/type1/urw-base35/NimbusSans-Bold.t1 
10 Apr 2024 15:11:53,129 DEBUG org.apache.fontbox.util.autodetect.FontFileFinder.walk(FontFileFinder.java:136) checkFontfile check /usr/share/fonts/type1/urw-base35/C059-BdIta.afm 
10 Apr 2024 15:11:53,129 DEBUG org.apache.fontbox.util.autodetect.FontFileFinder.walk(FontFileFinder.java:136) checkFontfile check /usr/share/fonts/type1/urw-base35/NimbusRoman-Regular.afm 
10 Apr 2024 15:11:53,130 DEBUG org.apache.fontbox.util.autodetect.FontFileFinder.walk(FontFileFinder.java:136) checkFontfile check /usr/share/fonts/type1/urw-base35/C059-Italic.t1 
10 Apr 2024 15:11:53,130 DEBUG org.apache.fontbox.util.autodetect.FontFileFinder.walk(FontFileFinder.java:136) checkFontfile check /usr/share/fonts/type1/urw-base35/NimbusMonoPS-Regular.t1 
10 Apr 2024 15:11:53,130 DEBUG org.apache.fontbox.util.autodetect.FontFileFinder.walk(FontFileFinder.java:136) checkFontfile check /usr/share/fonts/type1/urw-base35/URWGothic-Demi.t1 
10 Apr 2024 15:11:53,130 DEBUG org.apache.fontbox.util.autodetect.FontFileFinder.walk(FontFileFinder.java:136) checkFontfile check /usr/share/fonts/type1/urw-base35/URWGothic-Demi.afm 
10 Apr 2024 15:11:53,130 DEBUG org.apache.fontbox.util.autodetect.FontFileFinder.walk(FontFileFinder.java:136) checkFontfile check /usr/share/fonts/type1/urw-base35/NimbusRoman-BoldItalic.afm 
10 Apr 2024 15:11:53,130 DEBUG org.apache.fontbox.util.autodetect.FontFileFinder.walk(FontFileFinder.java:136) checkFontfile check /usr/share/fonts/type1/urw-base35/NimbusMonoPS-Bold.t1 
10 Apr 2024 15:11:53,130 DEBUG org.apache.fontbox.util.autodetect.FontFileFinder.walk(FontFileFinder.java:136) checkFontfile check /usr/share/fonts/type1/urw-base35/URWBookman-Light.afm 
10 Apr 2024 15:11:53,131 DEBUG org.apache.fontbox.util.autodetect.FontFileFinder.walk(FontFileFinder.java:136) checkFontfile check /usr/share/fonts/type1/urw-base35/NimbusRoman-Bold.t1 
10 Apr 2024 15:11:53,131 DEBUG org.apache.fontbox.util.autodetect.FontFileFinder.walk(FontFileFinder.java:136) checkFontfile check /usr/share/fonts/type1/urw-base35/P052-Italic.afm 
10 Apr 2024 15:11:53,131 DEBUG org.apache.fontbox.util.autodetect.FontFileFinder.walk(FontFileFinder.java:136) checkFontfile check /usr/share/fonts/type1/urw-base35/C059-Roman.t1 
10 Apr 2024 15:11:53,131 DEBUG org.apache.fontbox.util.autodetect.FontFileFinder.walk(FontFileFinder.java:136) checkFontfile check /usr/share/fonts/type1/urw-base35/NimbusMonoPS-Italic.afm 
10 Apr 2024 15:11:53,131 DEBUG org.apache.fontbox.util.autodetect.FontFileFinder.walk(FontFileFinder.java:136) checkFontfile check /usr/share/fonts/type1/urw-base35/D050000L.t1 
10 Apr 2024 15:11:53,131 DEBUG org.apache.fontbox.util.autodetect.FontFileFinder.walk(FontFileFinder.java:136) checkFontfile check /usr/share/fonts/type1/urw-base35/C059-Italic.afm 
10 Apr 2024 15:11:53,131 DEBUG org.apache.fontbox.util.autodetect.FontFileFinder.walk(FontFileFinder.java:136) checkFontfile check /usr/share/fonts/type1/urw-base35/P052-Bold.t1 
10 Apr 2024 15:11:53,132 DEBUG org.apache.fontbox.util.autodetect.FontFileFinder.walk(FontFileFinder.java:136) checkFontfile check /usr/share/fonts/type1/urw-base35/NimbusMonoPS-Italic.t1 
10 Apr 2024 15:11:53,132 DEBUG org.apache.fontbox.util.autodetect.FontFileFinder.walk(FontFileFinder.java:136) checkFontfile check /usr/share/fonts/type1/urw-base35/NimbusMonoPS-BoldItalic.t1 
10 Apr 2024 15:11:53,132 DEBUG org.apache.fontbox.util.autodetect.FontFileFinder.walk(FontFileFinder.java:136) checkFontfile check /usr/share/fonts/type1/urw-base35/NimbusMonoPS-Regular.afm 
10 Apr 2024 15:11:53,132 DEBUG org.apache.fontbox.util.autodetect.FontFileFinder.walk(FontFileFinder.java:136) checkFontfile check /usr/share/fonts/type1/urw-base35/URWBookman-DemiItalic.t1 
10 Apr 2024 15:11:53,132 DEBUG org.apache.fontbox.util.autodetect.FontFileFinder.walk(FontFileFinder.java:136) checkFontfile check /usr/share/fonts/type1/urw-base35/NimbusSans-Regular.t1 
10 Apr 2024 15:11:53,132 DEBUG org.apache.fontbox.util.autodetect.FontFileFinder.walk(FontFileFinder.java:136) checkFontfile check /usr/share/fonts/type1/urw-base35/NimbusSansNarrow-Bold.t1 
10 Apr 2024 15:11:53,133 DEBUG org.apache.fontbox.util.autodetect.FontFileFinder.walk(FontFileFinder.java:136) checkFontfile check /usr/share/fonts/type1/urw-base35/StandardSymbolsPS.t1 
10 Apr 2024 15:11:53,133 DEBUG org.apache.fontbox.util.autodetect.FontFileFinder.walk(FontFileFinder.java:136) checkFontfile check /usr/share/fonts/type1/urw-base35/URWBookman-Demi.afm 
10 Apr 2024 15:11:53,133 DEBUG org.apache.fontbox.util.autodetect.FontFileFinder.walk(FontFileFinder.java:136) checkFontfile check /usr/share/fonts/type1/urw-base35/NimbusSans-Regular.afm 
10 Apr 2024 15:11:53,133 DEBUG org.apache.fontbox.util.autodetect.FontFileFinder.walk(FontFileFinder.java:136) checkFontfile check /usr/share/fonts/type1/urw-base35/C059-Bold.t1 
10 Apr 2024 15:11:53,133 DEBUG org.apache.fontbox.util.autodetect.FontFileFinder.walk(FontFileFinder.java:136) checkFontfile check /usr/share/fonts/type1/urw-base35/NimbusMonoPS-BoldItalic.afm 
10 Apr 2024 15:11:53,133 DEBUG org.apache.fontbox.util.autodetect.FontFileFinder.walk(FontFileFinder.java:136) checkFontfile check /usr/share/fonts/type1/urw-base35/Z003-MediumItalic.t1 
10 Apr 2024 15:11:53,133 DEBUG org.apache.fontbox.util.autodetect.FontFileFinder.walk(FontFileFinder.java:136) checkFontfile check /usr/share/fonts/type1/urw-base35/URWGothic-BookOblique.afm 
10 Apr 2024 15:11:53,134 DEBUG org.apache.fontbox.util.autodetect.FontFileFinder.walk(FontFileFinder.java:136) checkFontfile check /usr/share/fonts/type1/urw-base35/StandardSymbolsPS.afm 
10 Apr 2024 15:11:53,134 DEBUG org.apache.fontbox.util.autodetect.FontFileFinder.walk(FontFileFinder.java:136) checkFontfile check /usr/share/fonts/type1/urw-base35/C059-BdIta.t1 
10 Apr 2024 15:11:53,134 DEBUG org.apache.fontbox.util.autodetect.FontFileFinder.walk(FontFileFinder.java:136) checkFontfile check /usr/share/fonts/type1/urw-base35/NimbusSans-Italic.afm 
10 Apr 2024 15:11:53,134 DEBUG org.apache.fontbox.util.autodetect.FontFileFinder.walk(FontFileFinder.java:136) checkFontfile check /usr/share/fonts/type1/urw-base35/NimbusMonoPS-Bold.afm 
10 Apr 2024 15:11:53,135 DEBUG org.apache.fontbox.util.autodetect.FontFileFinder.walk(FontFileFinder.java:136) checkFontfile check /usr/share/fonts/type1/urw-base35/P052-BoldItalic.t1 
10 Apr 2024 15:11:53,135 DEBUG org.apache.fontbox.util.autodetect.FontFileFinder.walk(FontFileFinder.java:136) checkFontfile check /usr/share/fonts/type1/urw-base35/NimbusRoman-Italic.t1 
10 Apr 2024 15:11:53,136 DEBUG org.apache.fontbox.util.autodetect.FontFileFinder.walk(FontFileFinder.java:136) checkFontfile check /usr/share/fonts/type1/urw-base35/C059-Bold.afm 
10 Apr 2024 15:11:53,137 DEBUG org.apache.fontbox.util.autodetect.FontFileFinder.walk(FontFileFinder.java:136) checkFontfile check /usr/share/fonts/type1/urw-base35/P052-Bold.afm 
10 Apr 2024 15:11:53,137 DEBUG org.apache.fontbox.util.autodetect.FontFileFinder.walk(FontFileFinder.java:136) checkFontfile check /usr/share/fonts/type1/urw-base35/URWBookman-LightItalic.t1 
10 Apr 2024 15:11:53,137 DEBUG org.apache.fontbox.util.autodetect.FontFileFinder.walk(FontFileFinder.java:136) checkFontfile check /usr/share/fonts/type1/urw-base35/URWBookman-Light.t1 
10 Apr 2024 15:11:53,137 DEBUG org.apache.fontbox.util.autodetect.FontFileFinder.walk(FontFileFinder.java:136) checkFontfile check /usr/share/fonts/type1/urw-base35/NimbusRoman-Regular.t1 
10 Apr 2024 15:11:53,138 DEBUG org.apache.fontbox.util.autodetect.FontFileFinder.walk(FontFileFinder.java:136) checkFontfile check /usr/share/fonts/type1/urw-base35/URWBookman-DemiItalic.afm 
10 Apr 2024 15:11:53,138 DEBUG org.apache.fontbox.util.autodetect.FontFileFinder.walk(FontFileFinder.java:136) checkFontfile check /usr/share/fonts/type1/urw-base35/Z003-MediumItalic.afm 
10 Apr 2024 15:11:53,138 DEBUG org.apache.fontbox.util.autodetect.FontFileFinder.walk(FontFileFinder.java:136) checkFontfile check /usr/share/fonts/type1/urw-base35/.uuid 
10 Apr 2024 15:11:53,138 DEBUG org.apache.fontbox.util.autodetect.FontFileFinder.walk(FontFileFinder.java:136) checkFontfile check /usr/share/fonts/type1/urw-base35/P052-Roman.t1 
10 Apr 2024 15:11:53,138 DEBUG org.apache.fontbox.util.autodetect.FontFileFinder.walk(FontFileFinder.java:136) checkFontfile check /usr/share/fonts/type1/urw-base35/URWGothic-DemiOblique.t1 
10 Apr 2024 15:11:53,138 DEBUG org.apache.fontbox.util.autodetect.FontFileFinder.walk(FontFileFinder.java:136) checkFontfile check /usr/share/fonts/type1/urw-base35/P052-Roman.afm 
10 Apr 2024 15:11:53,139 DEBUG org.apache.fontbox.util.autodetect.FontFileFinder.walk(FontFileFinder.java:136) checkFontfile check /usr/share/fonts/type1/urw-base35/NimbusSans-BoldItalic.afm 
10 Apr 2024 15:11:53,139 DEBUG org.apache.fontbox.util.autodetect.FontFileFinder.walk(FontFileFinder.java:136) checkFontfile check /usr/share/fonts/type1/urw-base35/NimbusSansNarrow-Bold.afm 
10 Apr 2024 15:11:53,139 DEBUG org.apache.fontbox.util.autodetect.FontFileFinder.walk(FontFileFinder.java:136) checkFontfile check /usr/share/fonts/type1/urw-base35/NimbusSans-BoldItalic.t1 
10 Apr 2024 15:11:53,139 DEBUG org.apache.fontbox.util.autodetect.FontFileFinder.walk(FontFileFinder.java:136) checkFontfile check /usr/share/fonts/type1/urw-base35/C059-Roman.afm 
10 Apr 2024 15:11:53,139 DEBUG org.apache.fontbox.util.autodetect.FontFileFinder.walk(FontFileFinder.java:136) checkFontfile check /usr/share/fonts/type1/urw-base35/URWBookman-LightItalic.afm 
10 Apr 2024 15:11:53,139 DEBUG org.apache.fontbox.util.autodetect.FontFileFinder.walk(FontFileFinder.java:136) checkFontfile check /usr/share/fonts/type1/urw-base35/NimbusSans-Italic.t1 
10 Apr 2024 15:11:53,139 DEBUG org.apache.fontbox.util.autodetect.FontFileFinder.walk(FontFileFinder.java:136) checkFontfile check /usr/share/fonts/type1/urw-base35/URWGothic-Book.afm 
10 Apr 2024 15:11:53,140 DEBUG org.apache.fontbox.util.autodetect.FontFileFinder.walk(FontFileFinder.java:136) checkFontfile check /usr/share/fonts/type1/urw-base35/P052-Italic.t1 
10 Apr 2024 15:11:53,140 DEBUG org.apache.fontbox.util.autodetect.FontFileFinder.walk(FontFileFinder.java:136) checkFontfile check /usr/share/fonts/type1/urw-base35/URWGothic-Book.t1 
10 Apr 2024 15:11:53,140 DEBUG org.apache.fontbox.util.autodetect.FontFileFinder.walk(FontFileFinder.java:136) checkFontfile check /usr/share/fonts/type1/urw-base35/NimbusSansNarrow-BoldOblique.afm 
10 Apr 2024 15:11:53,140 DEBUG org.apache.fontbox.util.autodetect.FontFileFinder.walk(FontFileFinder.java:136) checkFontfile check /usr/share/fonts/type1/urw-base35/NimbusSans-Bold.afm 
10 Apr 2024 15:11:53,140 DEBUG org.apache.fontbox.util.autodetect.FontFileFinder.walk(FontFileFinder.java:136) checkFontfile check /usr/share/fonts/type1/urw-base35/NimbusSansNarrow-Oblique.afm 
10 Apr 2024 15:11:53,141 DEBUG org.apache.fontbox.util.autodetect.FontFileFinder.walk(FontFileFinder.java:136) checkFontfile check /usr/share/fonts/type1/urw-base35/D050000L.afm 
10 Apr 2024 15:11:53,141 DEBUG org.apache.fontbox.util.autodetect.FontFileFinder.walk(FontFileFinder.java:136) checkFontfile check /usr/share/fonts/type1/urw-base35/URWGothic-BookOblique.t1 
10 Apr 2024 15:11:53,141 DEBUG org.apache.fontbox.util.autodetect.FontFileFinder.walk(FontFileFinder.java:136) checkFontfile check /usr/share/fonts/type1/urw-base35/NimbusSansNarrow-Regular.afm 
10 Apr 2024 15:11:53,141 DEBUG org.apache.fontbox.util.autodetect.FontFileFinder.walk(FontFileFinder.java:136) checkFontfile check /usr/share/fonts/type1/urw-base35/NimbusRoman-Bold.afm 
10 Apr 2024 15:11:53,141 DEBUG org.apache.fontbox.util.autodetect.FontFileFinder.walk(FontFileFinder.java:136) checkFontfile check /usr/share/fonts/type1/urw-base35/URWGothic-DemiOblique.afm 
10 Apr 2024 15:11:53,141 DEBUG org.apache.fontbox.util.autodetect.FontFileFinder.walk(FontFileFinder.java:136) checkFontfile check /usr/share/fonts/type1/urw-base35/P052-BoldItalic.afm 
10 Apr 2024 15:11:53,141 DEBUG org.apache.fontbox.util.autodetect.FontFileFinder.walk(FontFileFinder.java:136) checkFontfile check /usr/share/fonts/type1/urw-base35/NimbusSansNarrow-Oblique.t1 
10 Apr 2024 15:11:53,142 DEBUG org.apache.fontbox.util.autodetect.FontFileFinder.walk(FontFileFinder.java:136) checkFontfile check /usr/share/fonts/type1/urw-base35/URWBookman-Demi.t1 
10 Apr 2024 15:11:53,142 DEBUG org.apache.fontbox.util.autodetect.FontFileFinder.walk(FontFileFinder.java:136) checkFontfile check /usr/share/fonts/type1/urw-base35/NimbusSansNarrow-BoldOblique.t1 
10 Apr 2024 15:11:53,142 DEBUG org.apache.fontbox.util.autodetect.FontFileFinder.walk(FontFileFinder.java:136) checkFontfile check /usr/share/fonts/type1/urw-base35/NimbusRoman-Italic.afm 
10 Apr 2024 15:11:53,143 DEBUG org.apache.fontbox.util.autodetect.FontFileFinder.walk(FontFileFinder.java:136) checkFontfile check /usr/share/fonts/type1/urw-base35/NimbusSansNarrow-Regular.t1 
10 Apr 2024 15:11:53,143 DEBUG org.apache.fontbox.util.autodetect.FontFileFinder.walk(FontFileFinder.java:136) checkFontfile check /usr/share/fonts/type1/urw-base35/NimbusRoman-BoldItalic.t1 
10 Apr 2024 15:11:53,143 DEBUG org.apache.fontbox.util.autodetect.FontFileFinder.walk(FontFileFinder.java:136) checkFontfile check /usr/share/fonts/type1/.uuid 
10 Apr 2024 15:11:53,143 DEBUG org.apache.fontbox.util.autodetect.FontFileFinder.walk(FontFileFinder.java:136) checkFontfile check /usr/share/fonts/.uuid 
10 Apr 2024 15:11:53,143 DEBUG org.apache.fontbox.util.autodetect.FontFileFinder.walk(FontFileFinder.java:136) checkFontfile check /usr/share/fonts/opentype/noto/NotoSansCJK-Regular.ttc 
10 Apr 2024 15:11:53,143 DEBUG org.apache.fontbox.util.autodetect.FontFileFinder.walk(FontFileFinder.java:142) checkFontfile found /usr/share/fonts/opentype/noto/NotoSansCJK-Regular.ttc 
10 Apr 2024 15:11:53,144 DEBUG org.apache.fontbox.util.autodetect.FontFileFinder.walk(FontFileFinder.java:136) checkFontfile check /usr/share/fonts/opentype/noto/NotoSansCJK-Bold.ttc 
10 Apr 2024 15:11:53,144 DEBUG org.apache.fontbox.util.autodetect.FontFileFinder.walk(FontFileFinder.java:142) checkFontfile found /usr/share/fonts/opentype/noto/NotoSansCJK-Bold.ttc 
10 Apr 2024 15:11:53,144 DEBUG org.apache.fontbox.util.autodetect.FontFileFinder.walk(FontFileFinder.java:136) checkFontfile check /usr/share/fonts/opentype/noto/NotoSerifCJK-Regular.ttc 
10 Apr 2024 15:11:53,144 DEBUG org.apache.fontbox.util.autodetect.FontFileFinder.walk(FontFileFinder.java:142) checkFontfile found /usr/share/fonts/opentype/noto/NotoSerifCJK-Regular.ttc 
10 Apr 2024 15:11:53,145 DEBUG org.apache.fontbox.util.autodetect.FontFileFinder.walk(FontFileFinder.java:136) checkFontfile check /usr/share/fonts/opentype/noto/.uuid 
10 Apr 2024 15:11:53,145 DEBUG org.apache.fontbox.util.autodetect.FontFileFinder.walk(FontFileFinder.java:136) checkFontfile check /usr/share/fonts/opentype/noto/NotoSerifCJK-Bold.ttc 
10 Apr 2024 15:11:53,145 DEBUG org.apache.fontbox.util.autodetect.FontFileFinder.walk(FontFileFinder.java:142) checkFontfile found /usr/share/fonts/opentype/noto/NotoSerifCJK-Bold.ttc 
10 Apr 2024 15:11:53,145 DEBUG org.apache.fontbox.util.autodetect.FontFileFinder.walk(FontFileFinder.java:136) checkFontfile check /usr/share/fonts/opentype/urw-base35/NimbusRoman-Regular.otf 
10 Apr 2024 15:11:53,146 DEBUG org.apache.fontbox.util.autodetect.FontFileFinder.walk(FontFileFinder.java:142) checkFontfile found /usr/share/fonts/opentype/urw-base35/NimbusRoman-Regular.otf 
10 Apr 2024 15:11:53,146 DEBUG org.apache.fontbox.util.autodetect.FontFileFinder.walk(FontFileFinder.java:136) checkFontfile check /usr/share/fonts/opentype/urw-base35/StandardSymbolsPS.otf 
10 Apr 2024 15:11:53,146 DEBUG org.apache.fontbox.util.autodetect.FontFileFinder.walk(FontFileFinder.java:142) checkFontfile found /usr/share/fonts/opentype/urw-base35/StandardSymbolsPS.otf 
10 Apr 2024 15:11:53,146 DEBUG org.apache.fontbox.util.autodetect.FontFileFinder.walk(FontFileFinder.java:136) checkFontfile check /usr/share/fonts/opentype/urw-base35/NimbusMonoPS-Italic.otf 
10 Apr 2024 15:11:53,146 DEBUG org.apache.fontbox.util.autodetect.FontFileFinder.walk(FontFileFinder.java:142) checkFontfile found /usr/share/fonts/opentype/urw-base35/NimbusMonoPS-Italic.otf 
10 Apr 2024 15:11:53,147 DEBUG org.apache.fontbox.util.autodetect.FontFileFinder.walk(FontFileFinder.java:136) checkFontfile check /usr/share/fonts/opentype/urw-base35/URWGothic-DemiOblique.otf 
10 Apr 2024 15:11:53,147 DEBUG org.apache.fontbox.util.autodetect.FontFileFinder.walk(FontFileFinder.java:142) checkFontfile found /usr/share/fonts/opentype/urw-base35/URWGothic-DemiOblique.otf 
10 Apr 2024 15:11:53,147 DEBUG org.apache.fontbox.util.autodetect.FontFileFinder.walk(FontFileFinder.java:136) checkFontfile check /usr/share/fonts/opentype/urw-base35/NimbusMonoPS-BoldItalic.otf 
10 Apr 2024 15:11:53,147 DEBUG org.apache.fontbox.util.autodetect.FontFileFinder.walk(FontFileFinder.java:142) checkFontfile found /usr/share/fonts/opentype/urw-base35/NimbusMonoPS-BoldItalic.otf 
10 Apr 2024 15:11:53,147 DEBUG org.apache.fontbox.util.autodetect.FontFileFinder.walk(FontFileFinder.java:136) checkFontfile check /usr/share/fonts/opentype/urw-base35/NimbusSansNarrow-Regular.otf 
10 Apr 2024 15:11:53,148 DEBUG org.apache.fontbox.util.autodetect.FontFileFinder.walk(FontFileFinder.java:142) checkFontfile found /usr/share/fonts/opentype/urw-base35/NimbusSansNarrow-Regular.otf 
10 Apr 2024 15:11:53,148 DEBUG org.apache.fontbox.util.autodetect.FontFileFinder.walk(FontFileFinder.java:136) checkFontfile check /usr/share/fonts/opentype/urw-base35/URWBookman-Light.otf 
10 Apr 2024 15:11:53,148 DEBUG org.apache.fontbox.util.autodetect.FontFileFinder.walk(FontFileFinder.java:142) checkFontfile found /usr/share/fonts/opentype/urw-base35/URWBookman-Light.otf 
10 Apr 2024 15:11:53,148 DEBUG org.apache.fontbox.util.autodetect.FontFileFinder.walk(FontFileFinder.java:136) checkFontfile check /usr/share/fonts/opentype/urw-base35/NimbusSansNarrow-Oblique.otf 
10 Apr 2024 15:11:53,148 DEBUG org.apache.fontbox.util.autodetect.FontFileFinder.walk(FontFileFinder.java:142) checkFontfile found /usr/share/fonts/opentype/urw-base35/NimbusSansNarrow-Oblique.otf 
10 Apr 2024 15:11:53,149 DEBUG org.apache.fontbox.util.autodetect.FontFileFinder.walk(FontFileFinder.java:136) checkFontfile check /usr/share/fonts/opentype/urw-base35/NimbusSansNarrow-Bold.otf 
10 Apr 2024 15:11:53,149 DEBUG org.apache.fontbox.util.autodetect.FontFileFinder.walk(FontFileFinder.java:142) checkFontfile found /usr/share/fonts/opentype/urw-base35/NimbusSansNarrow-Bold.otf 
10 Apr 2024 15:11:53,149 DEBUG org.apache.fontbox.util.autodetect.FontFileFinder.walk(FontFileFinder.java:136) checkFontfile check /usr/share/fonts/opentype/urw-base35/P052-Italic.otf 
10 Apr 2024 15:11:53,150 DEBUG org.apache.fontbox.util.autodetect.FontFileFinder.walk(FontFileFinder.java:142) checkFontfile found /usr/share/fonts/opentype/urw-base35/P052-Italic.otf 
10 Apr 2024 15:11:53,150 DEBUG org.apache.fontbox.util.autodetect.FontFileFinder.walk(FontFileFinder.java:136) checkFontfile check /usr/share/fonts/opentype/urw-base35/URWBookman-LightItalic.otf 
10 Apr 2024 15:11:53,150 DEBUG org.apache.fontbox.util.autodetect.FontFileFinder.walk(FontFileFinder.java:142) checkFontfile found /usr/share/fonts/opentype/urw-base35/URWBookman-LightItalic.otf 
10 Apr 2024 15:11:53,151 DEBUG org.apache.fontbox.util.autodetect.FontFileFinder.walk(FontFileFinder.java:136) checkFontfile check /usr/share/fonts/opentype/urw-base35/C059-BdIta.otf 
10 Apr 2024 15:11:53,151 DEBUG org.apache.fontbox.util.autodetect.FontFileFinder.walk(FontFileFinder.java:142) checkFontfile found /usr/share/fonts/opentype/urw-base35/C059-BdIta.otf 
10 Apr 2024 15:11:53,151 DEBUG org.apache.fontbox.util.autodetect.FontFileFinder.walk(FontFileFinder.java:136) checkFontfile check /usr/share/fonts/opentype/urw-base35/NimbusMonoPS-Regular.otf 
10 Apr 2024 15:11:53,151 DEBUG org.apache.fontbox.util.autodetect.FontFileFinder.walk(FontFileFinder.java:142) checkFontfile found /usr/share/fonts/opentype/urw-base35/NimbusMonoPS-Regular.otf 
10 Apr 2024 15:11:53,151 DEBUG org.apache.fontbox.util.autodetect.FontFileFinder.walk(FontFileFinder.java:136) checkFontfile check /usr/share/fonts/opentype/urw-base35/NimbusRoman-Italic.otf 
10 Apr 2024 15:11:53,151 DEBUG org.apache.fontbox.util.autodetect.FontFileFinder.walk(FontFileFinder.java:142) checkFontfile found /usr/share/fonts/opentype/urw-base35/NimbusRoman-Italic.otf 
10 Apr 2024 15:11:53,151 DEBUG org.apache.fontbox.util.autodetect.FontFileFinder.walk(FontFileFinder.java:136) checkFontfile check /usr/share/fonts/opentype/urw-base35/NimbusSans-Regular.otf 
10 Apr 2024 15:11:53,152 DEBUG org.apache.fontbox.util.autodetect.FontFileFinder.walk(FontFileFinder.java:142) checkFontfile found /usr/share/fonts/opentype/urw-base35/NimbusSans-Regular.otf 
10 Apr 2024 15:11:53,152 DEBUG org.apache.fontbox.util.autodetect.FontFileFinder.walk(FontFileFinder.java:136) checkFontfile check /usr/share/fonts/opentype/urw-base35/URWGothic-Book.otf 
10 Apr 2024 15:11:53,152 DEBUG org.apache.fontbox.util.autodetect.FontFileFinder.walk(FontFileFinder.java:142) checkFontfile found /usr/share/fonts/opentype/urw-base35/URWGothic-Book.otf 
10 Apr 2024 15:11:53,152 DEBUG org.apache.fontbox.util.autodetect.FontFileFinder.walk(FontFileFinder.java:136) checkFontfile check /usr/share/fonts/opentype/urw-base35/NimbusSansNarrow-BoldOblique.otf 
10 Apr 2024 15:11:53,152 DEBUG org.apache.fontbox.util.autodetect.FontFileFinder.walk(FontFileFinder.java:142) checkFontfile found /usr/share/fonts/opentype/urw-base35/NimbusSansNarrow-BoldOblique.otf 
10 Apr 2024 15:11:53,152 DEBUG org.apache.fontbox.util.autodetect.FontFileFinder.walk(FontFileFinder.java:136) checkFontfile check /usr/share/fonts/opentype/urw-base35/URWGothic-Demi.otf 
10 Apr 2024 15:11:53,152 DEBUG org.apache.fontbox.util.autodetect.FontFileFinder.walk(FontFileFinder.java:142) checkFontfile found /usr/share/fonts/opentype/urw-base35/URWGothic-Demi.otf 
10 Apr 2024 15:11:53,152 DEBUG org.apache.fontbox.util.autodetect.FontFileFinder.walk(FontFileFinder.java:136) checkFontfile check /usr/share/fonts/opentype/urw-base35/C059-Bold.otf 
10 Apr 2024 15:11:53,152 DEBUG org.apache.fontbox.util.autodetect.FontFileFinder.walk(FontFileFinder.java:142) checkFontfile found /usr/share/fonts/opentype/urw-base35/C059-Bold.otf 
10 Apr 2024 15:11:53,152 DEBUG org.apache.fontbox.util.autodetect.FontFileFinder.walk(FontFileFinder.java:136) checkFontfile check /usr/share/fonts/opentype/urw-base35/P052-Roman.otf 
10 Apr 2024 15:11:53,152 DEBUG org.apache.fontbox.util.autodetect.FontFileFinder.walk(FontFileFinder.java:142) checkFontfile found /usr/share/fonts/opentype/urw-base35/P052-Roman.otf 
10 Apr 2024 15:11:53,153 DEBUG org.apache.fontbox.util.autodetect.FontFileFinder.walk(FontFileFinder.java:136) checkFontfile check /usr/share/fonts/opentype/urw-base35/.uuid 
10 Apr 2024 15:11:53,153 DEBUG org.apache.fontbox.util.autodetect.FontFileFinder.walk(FontFileFinder.java:136) checkFontfile check /usr/share/fonts/opentype/urw-base35/D050000L.otf 
10 Apr 2024 15:11:53,153 DEBUG org.apache.fontbox.util.autodetect.FontFileFinder.walk(FontFileFinder.java:142) checkFontfile found /usr/share/fonts/opentype/urw-base35/D050000L.otf 
10 Apr 2024 15:11:53,153 DEBUG org.apache.fontbox.util.autodetect.FontFileFinder.walk(FontFileFinder.java:136) checkFontfile check /usr/share/fonts/opentype/urw-base35/URWBookman-Demi.otf 
10 Apr 2024 15:11:53,153 DEBUG org.apache.fontbox.util.autodetect.FontFileFinder.walk(FontFileFinder.java:142) checkFontfile found /usr/share/fonts/opentype/urw-base35/URWBookman-Demi.otf 
10 Apr 2024 15:11:53,153 DEBUG org.apache.fontbox.util.autodetect.FontFileFinder.walk(FontFileFinder.java:136) checkFontfile check /usr/share/fonts/opentype/urw-base35/C059-Italic.otf 
10 Apr 2024 15:11:53,153 DEBUG org.apache.fontbox.util.autodetect.FontFileFinder.walk(FontFileFinder.java:142) checkFontfile found /usr/share/fonts/opentype/urw-base35/C059-Italic.otf 
10 Apr 2024 15:11:53,153 DEBUG org.apache.fontbox.util.autodetect.FontFileFinder.walk(FontFileFinder.java:136) checkFontfile check /usr/share/fonts/opentype/urw-base35/NimbusRoman-Bold.otf 
10 Apr 2024 15:11:53,153 DEBUG org.apache.fontbox.util.autodetect.FontFileFinder.walk(FontFileFinder.java:142) checkFontfile found /usr/share/fonts/opentype/urw-base35/NimbusRoman-Bold.otf 
10 Apr 2024 15:11:53,153 DEBUG org.apache.fontbox.util.autodetect.FontFileFinder.walk(FontFileFinder.java:136) checkFontfile check /usr/share/fonts/opentype/urw-base35/URWGothic-BookOblique.otf 
10 Apr 2024 15:11:53,153 DEBUG org.apache.fontbox.util.autodetect.FontFileFinder.walk(FontFileFinder.java:142) checkFontfile found /usr/share/fonts/opentype/urw-base35/URWGothic-BookOblique.otf 
10 Apr 2024 15:11:53,153 DEBUG org.apache.fontbox.util.autodetect.FontFileFinder.walk(FontFileFinder.java:136) checkFontfile check /usr/share/fonts/opentype/urw-base35/NimbusRoman-BoldItalic.otf 
10 Apr 2024 15:11:53,153 DEBUG org.apache.fontbox.util.autodetect.FontFileFinder.walk(FontFileFinder.java:142) checkFontfile found /usr/share/fonts/opentype/urw-base35/NimbusRoman-BoldItalic.otf 
10 Apr 2024 15:11:53,154 DEBUG org.apache.fontbox.util.autodetect.FontFileFinder.walk(FontFileFinder.java:136) checkFontfile check /usr/share/fonts/opentype/urw-base35/URWBookman-DemiItalic.otf 
10 Apr 2024 15:11:53,154 DEBUG org.apache.fontbox.util.autodetect.FontFileFinder.walk(FontFileFinder.java:142) checkFontfile found /usr/share/fonts/opentype/urw-base35/URWBookman-DemiItalic.otf 
10 Apr 2024 15:11:53,154 DEBUG org.apache.fontbox.util.autodetect.FontFileFinder.walk(FontFileFinder.java:136) checkFontfile check /usr/share/fonts/opentype/urw-base35/Z003-MediumItalic.otf 
10 Apr 2024 15:11:53,154 DEBUG org.apache.fontbox.util.autodetect.FontFileFinder.walk(FontFileFinder.java:142) checkFontfile found /usr/share/fonts/opentype/urw-base35/Z003-MediumItalic.otf 
10 Apr 2024 15:11:53,154 DEBUG org.apache.fontbox.util.autodetect.FontFileFinder.walk(FontFileFinder.java:136) checkFontfile check /usr/share/fonts/opentype/urw-base35/NimbusSans-Bold.otf 
10 Apr 2024 15:11:53,154 DEBUG org.apache.fontbox.util.autodetect.FontFileFinder.walk(FontFileFinder.java:142) checkFontfile found /usr/share/fonts/opentype/urw-base35/NimbusSans-Bold.otf 
10 Apr 2024 15:11:53,154 DEBUG org.apache.fontbox.util.autodetect.FontFileFinder.walk(FontFileFinder.java:136) checkFontfile check /usr/share/fonts/opentype/urw-base35/NimbusMonoPS-Bold.otf 
10 Apr 2024 15:11:53,154 DEBUG org.apache.fontbox.util.autodetect.FontFileFinder.walk(FontFileFinder.java:142) checkFontfile found /usr/share/fonts/opentype/urw-base35/NimbusMonoPS-Bold.otf 
10 Apr 2024 15:11:53,154 DEBUG org.apache.fontbox.util.autodetect.FontFileFinder.walk(FontFileFinder.java:136) checkFontfile check /usr/share/fonts/opentype/urw-base35/P052-Bold.otf 
10 Apr 2024 15:11:53,154 DEBUG org.apache.fontbox.util.autodetect.FontFileFinder.walk(FontFileFinder.java:142) checkFontfile found /usr/share/fonts/opentype/urw-base35/P052-Bold.otf 
10 Apr 2024 15:11:53,155 DEBUG org.apache.fontbox.util.autodetect.FontFileFinder.walk(FontFileFinder.java:136) checkFontfile check /usr/share/fonts/opentype/urw-base35/NimbusSans-BoldItalic.otf 
10 Apr 2024 15:11:53,155 DEBUG org.apache.fontbox.util.autodetect.FontFileFinder.walk(FontFileFinder.java:142) checkFontfile found /usr/share/fonts/opentype/urw-base35/NimbusSans-BoldItalic.otf 
10 Apr 2024 15:11:53,155 DEBUG org.apache.fontbox.util.autodetect.FontFileFinder.walk(FontFileFinder.java:136) checkFontfile check /usr/share/fonts/opentype/urw-base35/C059-Roman.otf 
10 Apr 2024 15:11:53,155 DEBUG org.apache.fontbox.util.autodetect.FontFileFinder.walk(FontFileFinder.java:142) checkFontfile found /usr/share/fonts/opentype/urw-base35/C059-Roman.otf 
10 Apr 2024 15:11:53,155 DEBUG org.apache.fontbox.util.autodetect.FontFileFinder.walk(FontFileFinder.java:136) checkFontfile check /usr/share/fonts/opentype/urw-base35/NimbusSans-Italic.otf 
10 Apr 2024 15:11:53,155 DEBUG org.apache.fontbox.util.autodetect.FontFileFinder.walk(FontFileFinder.java:142) checkFontfile found /usr/share/fonts/opentype/urw-base35/NimbusSans-Italic.otf 
10 Apr 2024 15:11:53,155 DEBUG org.apache.fontbox.util.autodetect.FontFileFinder.walk(FontFileFinder.java:136) checkFontfile check /usr/share/fonts/opentype/urw-base35/P052-BoldItalic.otf 
10 Apr 2024 15:11:53,156 DEBUG org.apache.fontbox.util.autodetect.FontFileFinder.walk(FontFileFinder.java:142) checkFontfile found /usr/share/fonts/opentype/urw-base35/P052-BoldItalic.otf 
10 Apr 2024 15:11:53,156 DEBUG org.apache.fontbox.util.autodetect.FontFileFinder.walk(FontFileFinder.java:136) checkFontfile check /usr/share/fonts/opentype/.uuid 
10 Apr 2024 15:11:53,156 DEBUG org.apache.fontbox.util.autodetect.FontFileFinder.walk(FontFileFinder.java:136) checkFontfile check /usr/share/fonts/opentype/malayalam/Gayathri-Thin.otf 
10 Apr 2024 15:11:53,156 DEBUG org.apache.fontbox.util.autodetect.FontFileFinder.walk(FontFileFinder.java:142) checkFontfile found /usr/share/fonts/opentype/malayalam/Gayathri-Thin.otf 
10 Apr 2024 15:11:53,156 DEBUG org.apache.fontbox.util.autodetect.FontFileFinder.walk(FontFileFinder.java:136) checkFontfile check /usr/share/fonts/opentype/malayalam/Chilanka-Regular.otf 
10 Apr 2024 15:11:53,156 DEBUG org.apache.fontbox.util.autodetect.FontFileFinder.walk(FontFileFinder.java:142) checkFontfile found /usr/share/fonts/opentype/malayalam/Chilanka-Regular.otf 
10 Apr 2024 15:11:53,156 DEBUG org.apache.fontbox.util.autodetect.FontFileFinder.walk(FontFileFinder.java:136) checkFontfile check /usr/share/fonts/opentype/malayalam/Gayathri-Regular.otf 
10 Apr 2024 15:11:53,157 DEBUG org.apache.fontbox.util.autodetect.FontFileFinder.walk(FontFileFinder.java:142) checkFontfile found /usr/share/fonts/opentype/malayalam/Gayathri-Regular.otf 
10 Apr 2024 15:11:53,157 DEBUG org.apache.fontbox.util.autodetect.FontFileFinder.walk(FontFileFinder.java:136) checkFontfile check /usr/share/fonts/opentype/malayalam/Manjari-Thin.otf 
10 Apr 2024 15:11:53,157 DEBUG org.apache.fontbox.util.autodetect.FontFileFinder.walk(FontFileFinder.java:142) checkFontfile found /usr/share/fonts/opentype/malayalam/Manjari-Thin.otf 
10 Apr 2024 15:11:53,157 DEBUG org.apache.fontbox.util.autodetect.FontFileFinder.walk(FontFileFinder.java:136) checkFontfile check /usr/share/fonts/opentype/malayalam/.uuid 
10 Apr 2024 15:11:53,157 DEBUG org.apache.fontbox.util.autodetect.FontFileFinder.walk(FontFileFinder.java:136) checkFontfile check /usr/share/fonts/opentype/malayalam/Manjari-Regular.otf 
10 Apr 2024 15:11:53,157 DEBUG org.apache.fontbox.util.autodetect.FontFileFinder.walk(FontFileFinder.java:142) checkFontfile found /usr/share/fonts/opentype/malayalam/Manjari-Regular.otf 
10 Apr 2024 15:11:53,158 DEBUG org.apache.fontbox.util.autodetect.FontFileFinder.walk(FontFileFinder.java:136) checkFontfile check /usr/share/fonts/opentype/malayalam/Gayathri-Bold.otf 
10 Apr 2024 15:11:53,158 DEBUG org.apache.fontbox.util.autodetect.FontFileFinder.walk(FontFileFinder.java:142) checkFontfile found /usr/share/fonts/opentype/malayalam/Gayathri-Bold.otf 
10 Apr 2024 15:11:53,158 DEBUG org.apache.fontbox.util.autodetect.FontFileFinder.walk(FontFileFinder.java:136) checkFontfile check /usr/share/fonts/opentype/malayalam/Manjari-Bold.otf 
10 Apr 2024 15:11:53,158 DEBUG org.apache.fontbox.util.autodetect.FontFileFinder.walk(FontFileFinder.java:142) checkFontfile found /usr/share/fonts/opentype/malayalam/Manjari-Bold.otf 
10 Apr 2024 15:11:53,158 DEBUG org.apache.fontbox.util.autodetect.FontFileFinder.walk(FontFileFinder.java:136) checkFontfile check /usr/share/fonts/truetype/noto/NotoSansMono-Regular.ttf 
10 Apr 2024 15:11:53,158 DEBUG org.apache.fontbox.util.autodetect.FontFileFinder.walk(FontFileFinder.java:142) checkFontfile found /usr/share/fonts/truetype/noto/NotoSansMono-Regular.ttf 
10 Apr 2024 15:11:53,159 DEBUG org.apache.fontbox.util.autodetect.FontFileFinder.walk(FontFileFinder.java:136) checkFontfile check /usr/share/fonts/truetype/noto/NotoColorEmoji.ttf 
10 Apr 2024 15:11:53,159 DEBUG org.apache.fontbox.util.autodetect.FontFileFinder.walk(FontFileFinder.java:142) checkFontfile found /usr/share/fonts/truetype/noto/NotoColorEmoji.ttf 
10 Apr 2024 15:11:53,159 DEBUG org.apache.fontbox.util.autodetect.FontFileFinder.walk(FontFileFinder.java:136) checkFontfile check /usr/share/fonts/truetype/noto/.uuid 
10 Apr 2024 15:11:53,159 DEBUG org.apache.fontbox.util.autodetect.FontFileFinder.walk(FontFileFinder.java:136) checkFontfile check /usr/share/fonts/truetype/noto/NotoSansMono-Bold.ttf 
10 Apr 2024 15:11:53,159 DEBUG org.apache.fontbox.util.autodetect.FontFileFinder.walk(FontFileFinder.java:142) checkFontfile found /usr/share/fonts/truetype/noto/NotoSansMono-Bold.ttf 
10 Apr 2024 15:11:53,159 DEBUG org.apache.fontbox.util.autodetect.FontFileFinder.walk(FontFileFinder.java:136) checkFontfile check /usr/share/fonts/truetype/noto/NotoMono-Regular.ttf 
10 Apr 2024 15:11:53,159 DEBUG org.apache.fontbox.util.autodetect.FontFileFinder.walk(FontFileFinder.java:142) checkFontfile found /usr/share/fonts/truetype/noto/NotoMono-Regular.ttf 
10 Apr 2024 15:11:53,160 DEBUG org.apache.fontbox.util.autodetect.FontFileFinder.walk(FontFileFinder.java:136) checkFontfile check /usr/share/fonts/truetype/fonts-guru-extra/Saab.ttf 
10 Apr 2024 15:11:53,160 DEBUG org.apache.fontbox.util.autodetect.FontFileFinder.walk(FontFileFinder.java:142) checkFontfile found /usr/share/fonts/truetype/fonts-guru-extra/Saab.ttf 
10 Apr 2024 15:11:53,160 DEBUG org.apache.fontbox.util.autodetect.FontFileFinder.walk(FontFileFinder.java:136) checkFontfile check /usr/share/fonts/truetype/fonts-guru-extra/.uuid 
10 Apr 2024 15:11:53,160 DEBUG org.apache.fontbox.util.autodetect.FontFileFinder.walk(FontFileFinder.java:136) checkFontfile check /usr/share/fonts/truetype/padauk/PadaukBook-Bold.ttf 
10 Apr 2024 15:11:53,160 DEBUG org.apache.fontbox.util.autodetect.FontFileFinder.walk(FontFileFinder.java:142) checkFontfile found /usr/share/fonts/truetype/padauk/PadaukBook-Bold.ttf 
10 Apr 2024 15:11:53,160 DEBUG org.apache.fontbox.util.autodetect.FontFileFinder.walk(FontFileFinder.java:136) checkFontfile check /usr/share/fonts/truetype/padauk/Padauk-Bold.ttf 
10 Apr 2024 15:11:53,160 DEBUG org.apache.fontbox.util.autodetect.FontFileFinder.walk(FontFileFinder.java:142) checkFontfile found /usr/share/fonts/truetype/padauk/Padauk-Bold.ttf 
10 Apr 2024 15:11:53,160 DEBUG org.apache.fontbox.util.autodetect.FontFileFinder.walk(FontFileFinder.java:136) checkFontfile check /usr/share/fonts/truetype/padauk/PadaukBook-Regular.ttf 
10 Apr 2024 15:11:53,161 DEBUG org.apache.fontbox.util.autodetect.FontFileFinder.walk(FontFileFinder.java:142) checkFontfile found /usr/share/fonts/truetype/padauk/PadaukBook-Regular.ttf 
10 Apr 2024 15:11:53,161 DEBUG org.apache.fontbox.util.autodetect.FontFileFinder.walk(FontFileFinder.java:136) checkFontfile check /usr/share/fonts/truetype/padauk/Padauk-Regular.ttf 
10 Apr 2024 15:11:53,161 DEBUG org.apache.fontbox.util.autodetect.FontFileFinder.walk(FontFileFinder.java:142) checkFontfile found /usr/share/fonts/truetype/padauk/Padauk-Regular.ttf 
10 Apr 2024 15:11:53,161 DEBUG org.apache.fontbox.util.autodetect.FontFileFinder.walk(FontFileFinder.java:136) checkFontfile check /usr/share/fonts/truetype/padauk/.uuid 
10 Apr 2024 15:11:53,161 DEBUG org.apache.fontbox.util.autodetect.FontFileFinder.walk(FontFileFinder.java:136) checkFontfile check /usr/share/fonts/truetype/sinhala/lklug.ttf 
10 Apr 2024 15:11:53,161 DEBUG org.apache.fontbox.util.autodetect.FontFileFinder.walk(FontFileFinder.java:142) checkFontfile found /usr/share/fonts/truetype/sinhala/lklug.ttf 
10 Apr 2024 15:11:53,161 DEBUG org.apache.fontbox.util.autodetect.FontFileFinder.walk(FontFileFinder.java:136) checkFontfile check /usr/share/fonts/truetype/sinhala/.uuid 
10 Apr 2024 15:11:53,162 DEBUG org.apache.fontbox.util.autodetect.FontFileFinder.walk(FontFileFinder.java:136) checkFontfile check /usr/share/fonts/truetype/liberation/LiberationSans-BoldItalic.ttf 
10 Apr 2024 15:11:53,162 DEBUG org.apache.fontbox.util.autodetect.FontFileFinder.walk(FontFileFinder.java:142) checkFontfile found /usr/share/fonts/truetype/liberation/LiberationSans-BoldItalic.ttf 
10 Apr 2024 15:11:53,162 DEBUG org.apache.fontbox.util.autodetect.FontFileFinder.walk(FontFileFinder.java:136) checkFontfile check /usr/share/fonts/truetype/liberation/LiberationSans-Regular.ttf 
10 Apr 2024 15:11:53,162 DEBUG org.apache.fontbox.util.autodetect.FontFileFinder.walk(FontFileFinder.java:142) checkFontfile found /usr/share/fonts/truetype/liberation/LiberationSans-Regular.ttf 
10 Apr 2024 15:11:53,162 DEBUG org.apache.fontbox.util.autodetect.FontFileFinder.walk(FontFileFinder.java:136) checkFontfile check /usr/share/fonts/truetype/liberation/LiberationMono-BoldItalic.ttf 
10 Apr 2024 15:11:53,162 DEBUG org.apache.fontbox.util.autodetect.FontFileFinder.walk(FontFileFinder.java:142) checkFontfile found /usr/share/fonts/truetype/liberation/LiberationMono-BoldItalic.ttf 
10 Apr 2024 15:11:53,162 DEBUG org.apache.fontbox.util.autodetect.FontFileFinder.walk(FontFileFinder.java:136) checkFontfile check /usr/share/fonts/truetype/liberation/LiberationSansNarrow-Regular.ttf 
10 Apr 2024 15:11:53,163 DEBUG org.apache.fontbox.util.autodetect.FontFileFinder.walk(FontFileFinder.java:142) checkFontfile found /usr/share/fonts/truetype/liberation/LiberationSansNarrow-Regular.ttf 
10 Apr 2024 15:11:53,163 DEBUG org.apache.fontbox.util.autodetect.FontFileFinder.walk(FontFileFinder.java:136) checkFontfile check /usr/share/fonts/truetype/liberation/LiberationSerif-Italic.ttf 
10 Apr 2024 15:11:53,163 DEBUG org.apache.fontbox.util.autodetect.FontFileFinder.walk(FontFileFinder.java:142) checkFontfile found /usr/share/fonts/truetype/liberation/LiberationSerif-Italic.ttf 
10 Apr 2024 15:11:53,163 DEBUG org.apache.fontbox.util.autodetect.FontFileFinder.walk(FontFileFinder.java:136) checkFontfile check /usr/share/fonts/truetype/liberation/LiberationMono-Bold.ttf 
10 Apr 2024 15:11:53,163 DEBUG org.apache.fontbox.util.autodetect.FontFileFinder.walk(FontFileFinder.java:142) checkFontfile found /usr/share/fonts/truetype/liberation/LiberationMono-Bold.ttf 
10 Apr 2024 15:11:53,163 DEBUG org.apache.fontbox.util.autodetect.FontFileFinder.walk(FontFileFinder.java:136) checkFontfile check /usr/share/fonts/truetype/liberation/LiberationMono-Italic.ttf 
10 Apr 2024 15:11:53,163 DEBUG org.apache.fontbox.util.autodetect.FontFileFinder.walk(FontFileFinder.java:142) checkFontfile found /usr/share/fonts/truetype/liberation/LiberationMono-Italic.ttf 
10 Apr 2024 15:11:53,164 DEBUG org.apache.fontbox.util.autodetect.FontFileFinder.walk(FontFileFinder.java:136) checkFontfile check /usr/share/fonts/truetype/liberation/LiberationSerif-Regular.ttf 
10 Apr 2024 15:11:53,164 DEBUG org.apache.fontbox.util.autodetect.FontFileFinder.walk(FontFileFinder.java:142) checkFontfile found /usr/share/fonts/truetype/liberation/LiberationSerif-Regular.ttf 
10 Apr 2024 15:11:53,164 DEBUG org.apache.fontbox.util.autodetect.FontFileFinder.walk(FontFileFinder.java:136) checkFontfile check /usr/share/fonts/truetype/liberation/LiberationMono-Regular.ttf 
10 Apr 2024 15:11:53,164 DEBUG org.apache.fontbox.util.autodetect.FontFileFinder.walk(FontFileFinder.java:142) checkFontfile found /usr/share/fonts/truetype/liberation/LiberationMono-Regular.ttf 
10 Apr 2024 15:11:53,164 DEBUG org.apache.fontbox.util.autodetect.FontFileFinder.walk(FontFileFinder.java:136) checkFontfile check /usr/share/fonts/truetype/liberation/.uuid 
10 Apr 2024 15:11:53,164 DEBUG org.apache.fontbox.util.autodetect.FontFileFinder.walk(FontFileFinder.java:136) checkFontfile check /usr/share/fonts/truetype/liberation/LiberationSansNarrow-BoldItalic.ttf 
10 Apr 2024 15:11:53,165 DEBUG org.apache.fontbox.util.autodetect.FontFileFinder.walk(FontFileFinder.java:142) checkFontfile found /usr/share/fonts/truetype/liberation/LiberationSansNarrow-BoldItalic.ttf 
10 Apr 2024 15:11:53,165 DEBUG org.apache.fontbox.util.autodetect.FontFileFinder.walk(FontFileFinder.java:136) checkFontfile check /usr/share/fonts/truetype/liberation/LiberationSerif-Bold.ttf 
10 Apr 2024 15:11:53,165 DEBUG org.apache.fontbox.util.autodetect.FontFileFinder.walk(FontFileFinder.java:142) checkFontfile found /usr/share/fonts/truetype/liberation/LiberationSerif-Bold.ttf 
10 Apr 2024 15:11:53,165 DEBUG org.apache.fontbox.util.autodetect.FontFileFinder.walk(FontFileFinder.java:136) checkFontfile check /usr/share/fonts/truetype/liberation/LiberationSans-Italic.ttf 
10 Apr 2024 15:11:53,165 DEBUG org.apache.fontbox.util.autodetect.FontFileFinder.walk(FontFileFinder.java:142) checkFontfile found /usr/share/fonts/truetype/liberation/LiberationSans-Italic.ttf 
10 Apr 2024 15:11:53,165 DEBUG org.apache.fontbox.util.autodetect.FontFileFinder.walk(FontFileFinder.java:136) checkFontfile check /usr/share/fonts/truetype/liberation/LiberationSansNarrow-Italic.ttf 
10 Apr 2024 15:11:53,165 DEBUG org.apache.fontbox.util.autodetect.FontFileFinder.walk(FontFileFinder.java:142) checkFontfile found /usr/share/fonts/truetype/liberation/LiberationSansNarrow-Italic.ttf 
10 Apr 2024 15:11:53,165 DEBUG org.apache.fontbox.util.autodetect.FontFileFinder.walk(FontFileFinder.java:136) checkFontfile check /usr/share/fonts/truetype/liberation/LiberationSansNarrow-Bold.ttf 
10 Apr 2024 15:11:53,166 DEBUG org.apache.fontbox.util.autodetect.FontFileFinder.walk(FontFileFinder.java:142) checkFontfile found /usr/share/fonts/truetype/liberation/LiberationSansNarrow-Bold.ttf 
10 Apr 2024 15:11:53,166 DEBUG org.apache.fontbox.util.autodetect.FontFileFinder.walk(FontFileFinder.java:136) checkFontfile check /usr/share/fonts/truetype/liberation/LiberationSans-Bold.ttf 
10 Apr 2024 15:11:53,166 DEBUG org.apache.fontbox.util.autodetect.FontFileFinder.walk(FontFileFinder.java:142) checkFontfile found /usr/share/fonts/truetype/liberation/LiberationSans-Bold.ttf 
10 Apr 2024 15:11:53,166 DEBUG org.apache.fontbox.util.autodetect.FontFileFinder.walk(FontFileFinder.java:136) checkFontfile check /usr/share/fonts/truetype/liberation/LiberationSerif-BoldItalic.ttf 
10 Apr 2024 15:11:53,166 DEBUG org.apache.fontbox.util.autodetect.FontFileFinder.walk(FontFileFinder.java:142) checkFontfile found /usr/share/fonts/truetype/liberation/LiberationSerif-BoldItalic.ttf 
10 Apr 2024 15:11:53,166 DEBUG org.apache.fontbox.util.autodetect.FontFileFinder.walk(FontFileFinder.java:136) checkFontfile check /usr/share/fonts/truetype/droid/DroidSansFallbackFull.ttf 
10 Apr 2024 15:11:53,166 DEBUG org.apache.fontbox.util.autodetect.FontFileFinder.walk(FontFileFinder.java:142) checkFontfile found /usr/share/fonts/truetype/droid/DroidSansFallbackFull.ttf 
10 Apr 2024 15:11:53,166 DEBUG org.apache.fontbox.util.autodetect.FontFileFinder.walk(FontFileFinder.java:136) checkFontfile check /usr/share/fonts/truetype/droid/.uuid 
10 Apr 2024 15:11:53,167 DEBUG org.apache.fontbox.util.autodetect.FontFileFinder.walk(FontFileFinder.java:136) checkFontfile check /usr/share/fonts/truetype/fonts-deva-extra/kalimati.ttf 
10 Apr 2024 15:11:53,167 DEBUG org.apache.fontbox.util.autodetect.FontFileFinder.walk(FontFileFinder.java:142) checkFontfile found /usr/share/fonts/truetype/fonts-deva-extra/kalimati.ttf 
10 Apr 2024 15:11:53,167 DEBUG org.apache.fontbox.util.autodetect.FontFileFinder.walk(FontFileFinder.java:136) checkFontfile check /usr/share/fonts/truetype/fonts-deva-extra/samanata.ttf 
10 Apr 2024 15:11:53,167 DEBUG org.apache.fontbox.util.autodetect.FontFileFinder.walk(FontFileFinder.java:142) checkFontfile found /usr/share/fonts/truetype/fonts-deva-extra/samanata.ttf 
10 Apr 2024 15:11:53,167 DEBUG org.apache.fontbox.util.autodetect.FontFileFinder.walk(FontFileFinder.java:136) checkFontfile check /usr/share/fonts/truetype/fonts-deva-extra/.uuid 
10 Apr 2024 15:11:53,167 DEBUG org.apache.fontbox.util.autodetect.FontFileFinder.walk(FontFileFinder.java:136) checkFontfile check /usr/share/fonts/truetype/fonts-deva-extra/chandas1-2.ttf 
10 Apr 2024 15:11:53,167 DEBUG org.apache.fontbox.util.autodetect.FontFileFinder.walk(FontFileFinder.java:142) checkFontfile found /usr/share/fonts/truetype/fonts-deva-extra/chandas1-2.ttf 
10 Apr 2024 15:11:53,168 DEBUG org.apache.fontbox.util.autodetect.FontFileFinder.walk(FontFileFinder.java:136) checkFontfile check /usr/share/fonts/truetype/Sarai/Sarai.ttf 
10 Apr 2024 15:11:53,168 DEBUG org.apache.fontbox.util.autodetect.FontFileFinder.walk(FontFileFinder.java:142) checkFontfile found /usr/share/fonts/truetype/Sarai/Sarai.ttf 
10 Apr 2024 15:11:53,168 DEBUG org.apache.fontbox.util.autodetect.FontFileFinder.walk(FontFileFinder.java:136) checkFontfile check /usr/share/fonts/truetype/Sarai/.uuid 
10 Apr 2024 15:11:53,168 DEBUG org.apache.fontbox.util.autodetect.FontFileFinder.walk(FontFileFinder.java:136) checkFontfile check /usr/share/fonts/truetype/kacst-one/KacstOne-Bold.ttf 
10 Apr 2024 15:11:53,168 DEBUG org.apache.fontbox.util.autodetect.FontFileFinder.walk(FontFileFinder.java:142) checkFontfile found /usr/share/fonts/truetype/kacst-one/KacstOne-Bold.ttf 
10 Apr 2024 15:11:53,168 DEBUG org.apache.fontbox.util.autodetect.FontFileFinder.walk(FontFileFinder.java:136) checkFontfile check /usr/share/fonts/truetype/kacst-one/.uuid 
10 Apr 2024 15:11:53,168 DEBUG org.apache.fontbox.util.autodetect.FontFileFinder.walk(FontFileFinder.java:136) checkFontfile check /usr/share/fonts/truetype/kacst-one/KacstOne.ttf 
10 Apr 2024 15:11:53,168 DEBUG org.apache.fontbox.util.autodetect.FontFileFinder.walk(FontFileFinder.java:142) checkFontfile found /usr/share/fonts/truetype/kacst-one/KacstOne.ttf 
10 Apr 2024 15:11:53,169 DEBUG org.apache.fontbox.util.autodetect.FontFileFinder.walk(FontFileFinder.java:136) checkFontfile check /usr/share/fonts/truetype/lohit-tamil/Lohit-Tamil.ttf 
10 Apr 2024 15:11:53,169 DEBUG org.apache.fontbox.util.autodetect.FontFileFinder.walk(FontFileFinder.java:142) checkFontfile found /usr/share/fonts/truetype/lohit-tamil/Lohit-Tamil.ttf 
10 Apr 2024 15:11:53,169 DEBUG org.apache.fontbox.util.autodetect.FontFileFinder.walk(FontFileFinder.java:136) checkFontfile check /usr/share/fonts/truetype/lohit-tamil/.uuid 
10 Apr 2024 15:11:53,169 DEBUG org.apache.fontbox.util.autodetect.FontFileFinder.walk(FontFileFinder.java:136) checkFontfile check /usr/share/fonts/truetype/lohit-malayalam/.uuid 
10 Apr 2024 15:11:53,169 DEBUG org.apache.fontbox.util.autodetect.FontFileFinder.walk(FontFileFinder.java:136) checkFontfile check /usr/share/fonts/truetype/lohit-malayalam/Lohit-Malayalam.ttf 
10 Apr 2024 15:11:53,169 DEBUG org.apache.fontbox.util.autodetect.FontFileFinder.walk(FontFileFinder.java:142) checkFontfile found /usr/share/fonts/truetype/lohit-malayalam/Lohit-Malayalam.ttf 
10 Apr 2024 15:11:53,169 DEBUG org.apache.fontbox.util.autodetect.FontFileFinder.walk(FontFileFinder.java:136) checkFontfile check /usr/share/fonts/truetype/dejavu/DejaVuSans-Oblique.ttf 
10 Apr 2024 15:11:53,169 DEBUG org.apache.fontbox.util.autodetect.FontFileFinder.walk(FontFileFinder.java:142) checkFontfile found /usr/share/fonts/truetype/dejavu/DejaVuSans-Oblique.ttf 
10 Apr 2024 15:11:53,170 DEBUG org.apache.fontbox.util.autodetect.FontFileFinder.walk(FontFileFinder.java:136) checkFontfile check /usr/share/fonts/truetype/dejavu/DejaVuSans.ttf 
10 Apr 2024 15:11:53,170 DEBUG org.apache.fontbox.util.autodetect.FontFileFinder.walk(FontFileFinder.java:142) checkFontfile found /usr/share/fonts/truetype/dejavu/DejaVuSans.ttf 
10 Apr 2024 15:11:53,170 DEBUG org.apache.fontbox.util.autodetect.FontFileFinder.walk(FontFileFinder.java:136) checkFontfile check /usr/share/fonts/truetype/dejavu/DejaVuSansMono.ttf 
10 Apr 2024 15:11:53,170 DEBUG org.apache.fontbox.util.autodetect.FontFileFinder.walk(FontFileFinder.java:142) checkFontfile found /usr/share/fonts/truetype/dejavu/DejaVuSansMono.ttf 
10 Apr 2024 15:11:53,170 DEBUG org.apache.fontbox.util.autodetect.FontFileFinder.walk(FontFileFinder.java:136) checkFontfile check /usr/share/fonts/truetype/dejavu/DejaVuSerifCondensed-BoldItalic.ttf 
10 Apr 2024 15:11:53,170 DEBUG org.apache.fontbox.util.autodetect.FontFileFinder.walk(FontFileFinder.java:142) checkFontfile found /usr/share/fonts/truetype/dejavu/DejaVuSerifCondensed-BoldItalic.ttf 
10 Apr 2024 15:11:53,170 DEBUG org.apache.fontbox.util.autodetect.FontFileFinder.walk(FontFileFinder.java:136) checkFontfile check /usr/share/fonts/truetype/dejavu/DejaVuSansMono-Bold.ttf 
10 Apr 2024 15:11:53,170 DEBUG org.apache.fontbox.util.autodetect.FontFileFinder.walk(FontFileFinder.java:142) checkFontfile found /usr/share/fonts/truetype/dejavu/DejaVuSansMono-Bold.ttf 
10 Apr 2024 15:11:53,170 DEBUG org.apache.fontbox.util.autodetect.FontFileFinder.walk(FontFileFinder.java:136) checkFontfile check /usr/share/fonts/truetype/dejavu/DejaVuSerif.ttf 
10 Apr 2024 15:11:53,171 DEBUG org.apache.fontbox.util.autodetect.FontFileFinder.walk(FontFileFinder.java:142) checkFontfile found /usr/share/fonts/truetype/dejavu/DejaVuSerif.ttf 
10 Apr 2024 15:11:53,171 DEBUG org.apache.fontbox.util.autodetect.FontFileFinder.walk(FontFileFinder.java:136) checkFontfile check /usr/share/fonts/truetype/dejavu/DejaVuSerifCondensed-Bold.ttf 
10 Apr 2024 15:11:53,171 DEBUG org.apache.fontbox.util.autodetect.FontFileFinder.walk(FontFileFinder.java:142) checkFontfile found /usr/share/fonts/truetype/dejavu/DejaVuSerifCondensed-Bold.ttf 
10 Apr 2024 15:11:53,171 DEBUG org.apache.fontbox.util.autodetect.FontFileFinder.walk(FontFileFinder.java:136) checkFontfile check /usr/share/fonts/truetype/dejavu/DejaVuSansCondensed.ttf 
10 Apr 2024 15:11:53,171 DEBUG org.apache.fontbox.util.autodetect.FontFileFinder.walk(FontFileFinder.java:142) checkFontfile found /usr/share/fonts/truetype/dejavu/DejaVuSansCondensed.ttf 
10 Apr 2024 15:11:53,171 DEBUG org.apache.fontbox.util.autodetect.FontFileFinder.walk(FontFileFinder.java:136) checkFontfile check /usr/share/fonts/truetype/dejavu/DejaVuSansCondensed-Bold.ttf 
10 Apr 2024 15:11:53,171 DEBUG org.apache.fontbox.util.autodetect.FontFileFinder.walk(FontFileFinder.java:142) checkFontfile found /usr/share/fonts/truetype/dejavu/DejaVuSansCondensed-Bold.ttf 
10 Apr 2024 15:11:53,171 DEBUG org.apache.fontbox.util.autodetect.FontFileFinder.walk(FontFileFinder.java:136) checkFontfile check /usr/share/fonts/truetype/dejavu/DejaVuSans-BoldOblique.ttf 
10 Apr 2024 15:11:53,171 DEBUG org.apache.fontbox.util.autodetect.FontFileFinder.walk(FontFileFinder.java:142) checkFontfile found /usr/share/fonts/truetype/dejavu/DejaVuSans-BoldOblique.ttf 
10 Apr 2024 15:11:53,172 DEBUG org.apache.fontbox.util.autodetect.FontFileFinder.walk(FontFileFinder.java:136) checkFontfile check /usr/share/fonts/truetype/dejavu/DejaVuMathTeXGyre.ttf 
10 Apr 2024 15:11:53,172 DEBUG org.apache.fontbox.util.autodetect.FontFileFinder.walk(FontFileFinder.java:142) checkFontfile found /usr/share/fonts/truetype/dejavu/DejaVuMathTeXGyre.ttf 
[...]
10 Apr 2024 15:12:05,378 DEBUG org.apache.pdfbox.io.ScratchFile.enlarge(ScratchFile.java:247) fileLen before: 2949120, raf length: 2949120, file length: 2949120 
10 Apr 2024 15:12:05,378 DEBUG org.apache.pdfbox.io.ScratchFile.enlarge(ScratchFile.java:255) fileLen after1: 3014656, raf length: 3014656, file length: 3014656 
10 Apr 2024 15:12:05,713 DEBUG org.apache.pdfbox.io.ScratchFile.enlarge(ScratchFile.java:246) file: /tmp/PDFBox8226931847414731330.tmp 
10 Apr 2024 15:12:05,713 DEBUG org.apache.pdfbox.io.ScratchFile.enlarge(ScratchFile.java:247) fileLen before: 3014656, raf length: 3014656, file length: 3014656 
10 Apr 2024 15:12:05,713 DEBUG org.apache.pdfbox.io.ScratchFile.enlarge(ScratchFile.java:255) fileLen after1: 3080192, raf length: 3080192, file length: 3080192 
10 Apr 2024 15:12:05,714 DEBUG org.apache.pdfbox.io.ScratchFile.enlarge(ScratchFile.java:246) file: /tmp/PDFBox8226931847414731330.tmp 
10 Apr 2024 15:12:05,714 DEBUG org.apache.pdfbox.io.ScratchFile.enlarge(ScratchFile.java:247) fileLen before: 3080192, raf length: 3080192, file length: 3080192 
10 Apr 2024 15:12:05,714 DEBUG org.apache.pdfbox.io.ScratchFile.enlarge(ScratchFile.java:255) fileLen after1: 3145728, raf length: 3145728, file length: 3145728 
10 Apr 2024 15:12:05,940 DEBUG org.apache.pdfbox.io.ScratchFile.enlarge(ScratchFile.java:246) file: /tmp/PDFBox8226931847414731330.tmp 
10 Apr 2024 15:12:05,941 DEBUG org.apache.pdfbox.io.ScratchFile.enlarge(ScratchFile.java:247) fileLen before: 3145728, raf length: 3145728, file length: 3145728 
10 Apr 2024 15:12:05,941 DEBUG org.apache.pdfbox.io.ScratchFile.enlarge(ScratchFile.java:255) fileLen after1: 3211264, raf length: 3211264, file length: 3211264 
10 Apr 2024 15:12:05,941 DEBUG org.apache.pdfbox.io.ScratchFile.enlarge(ScratchFile.java:246) file: /tmp/PDFBox8226931847414731330.tmp 
10 Apr 2024 15:12:05,941 DEBUG org.apache.pdfbox.io.ScratchFile.enlarge(ScratchFile.java:247) fileLen before: 3211264, raf length: 3211264, file length: 3211264 
10 Apr 2024 15:12:05,941 DEBUG org.apache.pdfbox.io.ScratchFile.enlarge(ScratchFile.java:255) fileLen after1: 3276800, raf length: 3276800, file length: 3276800 
10 Apr 2024 15:12:06,186 DEBUG org.apache.pdfbox.io.ScratchFile.enlarge(ScratchFile.java:246) file: /tmp/PDFBox8226931847414731330.tmp 
10 Apr 2024 15:12:06,186 DEBUG org.apache.pdfbox.io.ScratchFile.enlarge(ScratchFile.java:247) fileLen before: 3276800, raf length: 3276800, file length: 3276800 
10 Apr 2024 15:12:06,186 DEBUG org.apache.pdfbox.io.ScratchFile.enlarge(ScratchFile.java:255) fileLen after1: 3342336, raf length: 3342336, file length: 3342336 
10 Apr 2024 15:12:06,187 DEBUG org.apache.pdfbox.io.ScratchFile.enlarge(ScratchFile.java:246) file: /tmp/PDFBox8226931847414731330.tmp 
10 Apr 2024 15:12:06,187 DEBUG org.apache.pdfbox.io.ScratchFile.enlarge(ScratchFile.java:247) fileLen before: 3342336, raf length: 3342336, file length: 3342336 
10 Apr 2024 15:12:06,187 DEBUG org.apache.pdfbox.io.ScratchFile.enlarge(ScratchFile.java:255) fileLen after1: 3407872, raf length: 3407872, file length: 3407872 
10 Apr 2024 15:12:06,389 DEBUG org.apache.pdfbox.io.ScratchFile.enlarge(ScratchFile.java:246) file: /tmp/PDFBox8226931847414731330.tmp 
10 Apr 2024 15:12:06,389 DEBUG org.apache.pdfbox.io.ScratchFile.enlarge(ScratchFile.java:247) fileLen before: 3407872, raf length: 3407872, file length: 3407872 
10 Apr 2024 15:12:06,390 DEBUG org.apache.pdfbox.io.ScratchFile.enlarge(ScratchFile.java:255) fileLen after1: 3473408, raf length: 3473408, file length: 3473408 
10 Apr 2024 15:12:06,641 DEBUG org.apache.pdfbox.io.ScratchFile.enlarge(ScratchFile.java:246) file: /tmp/PDFBox8226931847414731330.tmp 
10 Apr 2024 15:12:06,642 DEBUG org.apache.pdfbox.io.ScratchFile.enlarge(ScratchFile.java:247) fileLen before: 3473408, raf length: 3473408, file length: 3473408 
10 Apr 2024 15:12:06,642 DEBUG org.apache.pdfbox.io.ScratchFile.enlarge(ScratchFile.java:255) fileLen after1: 3538944, raf length: 3538944, file length: 3538944 
10 Apr 2024 15:12:06,642 DEBUG org.apache.pdfbox.io.ScratchFile.enlarge(ScratchFile.java:246) file: /tmp/PDFBox8226931847414731330.tmp 
10 Apr 2024 15:12:06,643 DEBUG org.apache.pdfbox.io.ScratchFile.enlarge(ScratchFile.java:247) fileLen before: 3538944, raf length: 3538944, file length: 3538944 
10 Apr 2024 15:12:06,643 DEBUG org.apache.pdfbox.io.ScratchFile.enlarge(ScratchFile.java:255) fileLen after1: 3604480, raf length: 3604480, file length: 3604480 
10 Apr 2024 15:12:06,834 DEBUG org.apache.pdfbox.io.ScratchFile.enlarge(ScratchFile.java:246) file: /tmp/PDFBox8226931847414731330.tmp 
10 Apr 2024 15:12:06,835 DEBUG org.apache.pdfbox.io.ScratchFile.enlarge(ScratchFile.java:247) fileLen before: 3604480, raf length: 3604480, file length: 3604480 
10 Apr 2024 15:12:06,835 DEBUG org.apache.pdfbox.io.ScratchFile.enlarge(ScratchFile.java:255) fileLen after1: 3670016, raf length: 3670016, file length: 3670016 
10 Apr 2024 15:12:06,835 DEBUG org.apache.pdfbox.io.ScratchFile.enlarge(ScratchFile.java:246) file: /tmp/PDFBox8226931847414731330.tmp 
10 Apr 2024 15:12:06,835 DEBUG org.apache.pdfbox.io.ScratchFile.enlarge(ScratchFile.java:247) fileLen before: 3670016, raf length: 3670016, file length: 3670016 
10 Apr 2024 15:12:06,835 DEBUG org.apache.pdfbox.io.ScratchFile.enlarge(ScratchFile.java:255) fileLen after1: 3735552, raf length: 3735552, file length: 3735552 
10 Apr 2024 15:12:07,073 DEBUG org.apache.pdfbox.io.ScratchFile.enlarge(ScratchFile.java:246) file: /tmp/PDFBox8226931847414731330.tmp 
10 Apr 2024 15:12:07,074 DEBUG org.apache.pdfbox.io.ScratchFile.enlarge(ScratchFile.java:247) fileLen before: 3735552, raf length: 3735552, file length: 3735552 
10 Apr 2024 15:12:07,074 DEBUG org.apache.pdfbox.io.ScratchFile.enlarge(ScratchFile.java:255) fileLen after1: 3801088, raf length: 3801088, file length: 3801088 
]]></system-out>
    <system-err><![CDATA[Apr 10, 2024 3:11:54 PM org.odftoolkit.odfdom.pkg.OdfXMLFactory newOdfAttribute
INFO: None-ODF attribute created for loext:contextual-spacing
Apr 10, 2024 3:11:54 PM org.odftoolkit.odfdom.pkg.OdfXMLFactory newOdfAttribute
INFO: None-ODF attribute created for loext:contextual-spacing
Apr 10, 2024 3:11:54 PM org.odftoolkit.odfdom.pkg.OdfXMLFactory newOdfAttribute
INFO: None-ODF attribute created for loext:contextual-spacing
Apr 10, 2024 3:11:54 PM org.odftoolkit.odfdom.pkg.OdfXMLFactory newOdfAttribute
INFO: None-ODF attribute created for loext:contextual-spacing
Apr 10, 2024 3:11:54 PM org.odftoolkit.odfdom.pkg.OdfXMLFactory newOdfAttribute
INFO: None-ODF attribute created for loext:contextual-spacing
Apr 10, 2024 3:11:54 PM org.odftoolkit.odfdom.pkg.OdfXMLFactory newOdfAttribute
INFO: None-ODF attribute created for loext:contextual-spacing
Apr 10, 2024 3:11:54 PM org.odftoolkit.odfdom.pkg.OdfXMLFactory newOdfAttribute
INFO: None-ODF attribute created for loext:contextual-spacing
Apr 10, 2024 3:11:54 PM org.odftoolkit.odfdom.pkg.OdfXMLFactory newOdfAttribute
INFO: None-ODF attribute created for loext:contextual-spacing
Apr 10, 2024 3:11:54 PM org.odftoolkit.odfdom.pkg.OdfXMLFactory newOdfAttribute
INFO: None-ODF attribute created for officeooo:rsid
Apr 10, 2024 3:11:54 PM org.odftoolkit.odfdom.pkg.OdfXMLFactory newOdfAttribute
INFO: None-ODF attribute created for officeooo:paragraph-rsid
]]></system-err>
  </testcase>
  <testcase name="extractContentPdf" classname="com.sismics.docs.core.util.TestFileUtil" time="0.126">
    <system-out><![CDATA[10 Apr 2024 15:12:07,183 DEBUG org.apache.fontbox.ttf.PostScriptTable.read(PostScriptTable.java:170) No PostScript name information is provided for the font DGCDAO+ArialUnicodeMS 
10 Apr 2024 15:12:07,188 WARN org.apache.pdfbox.pdmodel.font.PDSimpleFont.toUnicode(PDSimpleFont.java:301) No Unicode mapping for 3 (32) in font DGCDAO+ArialUnicodeMS 
10 Apr 2024 15:12:07,189 WARN org.apache.pdfbox.pdmodel.font.PDSimpleFont.toUnicode(PDSimpleFont.java:301) No Unicode mapping for 56 (85) in font DGCDAO+ArialUnicodeMS 
10 Apr 2024 15:12:07,189 WARN org.apache.pdfbox.pdmodel.font.PDSimpleFont.toUnicode(PDSimpleFont.java:301) No Unicode mapping for 81 (110) in font DGCDAO+ArialUnicodeMS 
10 Apr 2024 15:12:07,189 WARN org.apache.pdfbox.pdmodel.font.PDSimpleFont.toUnicode(PDSimpleFont.java:301) No Unicode mapping for 76 (105) in font DGCDAO+ArialUnicodeMS 
10 Apr 2024 15:12:07,189 WARN org.apache.pdfbox.pdmodel.font.PDSimpleFont.toUnicode(PDSimpleFont.java:301) No Unicode mapping for 89 (118) in font DGCDAO+ArialUnicodeMS 
10 Apr 2024 15:12:07,189 WARN org.apache.pdfbox.pdmodel.font.PDSimpleFont.toUnicode(PDSimpleFont.java:301) No Unicode mapping for 72 (101) in font DGCDAO+ArialUnicodeMS 
10 Apr 2024 15:12:07,189 WARN org.apache.pdfbox.pdmodel.font.PDSimpleFont.toUnicode(PDSimpleFont.java:301) No Unicode mapping for 85 (114) in font DGCDAO+ArialUnicodeMS 
10 Apr 2024 15:12:07,189 WARN org.apache.pdfbox.pdmodel.font.PDSimpleFont.toUnicode(PDSimpleFont.java:301) No Unicode mapping for 86 (115) in font DGCDAO+ArialUnicodeMS 
10 Apr 2024 15:12:07,189 WARN org.apache.pdfbox.pdmodel.font.PDSimpleFont.toUnicode(PDSimpleFont.java:301) No Unicode mapping for 68 (97) in font DGCDAO+ArialUnicodeMS 
10 Apr 2024 15:12:07,190 WARN org.apache.pdfbox.pdmodel.font.PDSimpleFont.toUnicode(PDSimpleFont.java:301) No Unicode mapping for 79 (108) in font DGCDAO+ArialUnicodeMS 
10 Apr 2024 15:12:07,190 WARN org.apache.pdfbox.pdmodel.font.PDSimpleFont.toUnicode(PDSimpleFont.java:301) No Unicode mapping for 39 (68) in font DGCDAO+ArialUnicodeMS 
10 Apr 2024 15:12:07,190 WARN org.apache.pdfbox.pdmodel.font.PDSimpleFont.toUnicode(PDSimpleFont.java:301) No Unicode mapping for 70 (99) in font DGCDAO+ArialUnicodeMS 
10 Apr 2024 15:12:07,190 WARN org.apache.pdfbox.pdmodel.font.PDSimpleFont.toUnicode(PDSimpleFont.java:301) No Unicode mapping for 87 (116) in font DGCDAO+ArialUnicodeMS 
10 Apr 2024 15:12:07,190 WARN org.apache.pdfbox.pdmodel.font.PDSimpleFont.toUnicode(PDSimpleFont.java:301) No Unicode mapping for 82 (111) in font DGCDAO+ArialUnicodeMS 
10 Apr 2024 15:12:07,190 WARN org.apache.pdfbox.pdmodel.font.PDSimpleFont.toUnicode(PDSimpleFont.java:301) No Unicode mapping for 73 (102) in font DGCDAO+ArialUnicodeMS 
10 Apr 2024 15:12:07,190 WARN org.apache.pdfbox.pdmodel.font.PDSimpleFont.toUnicode(PDSimpleFont.java:301) No Unicode mapping for 43 (72) in font DGCDAO+ArialUnicodeMS 
10 Apr 2024 15:12:07,191 WARN org.apache.pdfbox.pdmodel.font.PDSimpleFont.toUnicode(PDSimpleFont.java:301) No Unicode mapping for 88 (117) in font DGCDAO+ArialUnicodeMS 
10 Apr 2024 15:12:07,191 WARN org.apache.pdfbox.pdmodel.font.PDSimpleFont.toUnicode(PDSimpleFont.java:301) No Unicode mapping for 80 (109) in font DGCDAO+ArialUnicodeMS 
10 Apr 2024 15:12:07,191 WARN org.apache.pdfbox.pdmodel.font.PDSimpleFont.toUnicode(PDSimpleFont.java:301) No Unicode mapping for 53 (82) in font DGCDAO+ArialUnicodeMS 
10 Apr 2024 15:12:07,191 WARN org.apache.pdfbox.pdmodel.font.PDSimpleFont.toUnicode(PDSimpleFont.java:301) No Unicode mapping for 74 (103) in font DGCDAO+ArialUnicodeMS 
10 Apr 2024 15:12:07,191 WARN org.apache.pdfbox.pdmodel.font.PDSimpleFont.toUnicode(PDSimpleFont.java:301) No Unicode mapping for 75 (104) in font DGCDAO+ArialUnicodeMS 
10 Apr 2024 15:12:07,191 WARN org.apache.pdfbox.pdmodel.font.PDSimpleFont.toUnicode(PDSimpleFont.java:301) No Unicode mapping for 51 (80) in font DGCDAO+ArialUnicodeMS 
10 Apr 2024 15:12:07,192 WARN org.apache.pdfbox.pdmodel.font.PDSimpleFont.toUnicode(PDSimpleFont.java:301) No Unicode mapping for 69 (98) in font DGCDAO+ArialUnicodeMS 
10 Apr 2024 15:12:07,192 WARN org.apache.pdfbox.pdmodel.font.PDSimpleFont.toUnicode(PDSimpleFont.java:301) No Unicode mapping for 58 (87) in font DGCDAO+ArialUnicodeMS 
10 Apr 2024 15:12:07,194 WARN org.apache.pdfbox.pdmodel.font.PDSimpleFont.toUnicode(PDSimpleFont.java:301) No Unicode mapping for 71 (100) in font DGCDAO+ArialUnicodeMS 
10 Apr 2024 15:12:07,194 WARN org.apache.pdfbox.pdmodel.font.PDSimpleFont.toUnicode(PDSimpleFont.java:301) No Unicode mapping for 92 (121) in font DGCDAO+ArialUnicodeMS 
10 Apr 2024 15:12:07,195 WARN org.apache.pdfbox.pdmodel.font.PDSimpleFont.toUnicode(PDSimpleFont.java:301) No Unicode mapping for 84 (113) in font DGCDAO+ArialUnicodeMS 
10 Apr 2024 15:12:07,199 WARN org.apache.pdfbox.pdmodel.font.PDSimpleFont.toUnicode(PDSimpleFont.java:301) No Unicode mapping for 15 (44) in font DGCDAO+ArialUnicodeMS 
10 Apr 2024 15:12:07,199 WARN org.apache.pdfbox.pdmodel.font.PDSimpleFont.toUnicode(PDSimpleFont.java:301) No Unicode mapping for 77 (106) in font DGCDAO+ArialUnicodeMS 
10 Apr 2024 15:12:07,200 WARN org.apache.pdfbox.pdmodel.font.PDSimpleFont.toUnicode(PDSimpleFont.java:301) No Unicode mapping for 83 (112) in font DGCDAO+ArialUnicodeMS 
10 Apr 2024 15:12:07,201 WARN org.apache.pdfbox.pdmodel.font.PDSimpleFont.toUnicode(PDSimpleFont.java:301) No Unicode mapping for 90 (119) in font DGCDAO+ArialUnicodeMS 
10 Apr 2024 15:12:07,209 WARN org.apache.pdfbox.pdmodel.font.PDSimpleFont.toUnicode(PDSimpleFont.java:301) No Unicode mapping for 78 (107) in font DGCDAO+ArialUnicodeMS 
10 Apr 2024 15:12:07,224 WARN org.apache.pdfbox.pdmodel.font.PDSimpleFont.toUnicode(PDSimpleFont.java:301) No Unicode mapping for 49 (78) in font DGCDAO+ArialUnicodeMS 
10 Apr 2024 15:12:07,225 WARN org.apache.pdfbox.pdmodel.font.PDSimpleFont.toUnicode(PDSimpleFont.java:301) No Unicode mapping for 38 (67) in font DGCDAO+ArialUnicodeMS 
10 Apr 2024 15:12:07,230 WARN org.apache.pdfbox.pdmodel.font.PDSimpleFont.toUnicode(PDSimpleFont.java:301) No Unicode mapping for 48 (77) in font DGCDAO+ArialUnicodeMS 
10 Apr 2024 15:12:07,230 WARN org.apache.pdfbox.pdmodel.font.PDSimpleFont.toUnicode(PDSimpleFont.java:301) No Unicode mapping for 54 (83) in font DGCDAO+ArialUnicodeMS 
10 Apr 2024 15:12:07,235 WARN org.apache.pdfbox.pdmodel.font.PDSimpleFont.toUnicode(PDSimpleFont.java:301) No Unicode mapping for 93 (122) in font DGCDAO+ArialUnicodeMS 
10 Apr 2024 15:12:07,235 WARN org.apache.pdfbox.pdmodel.font.PDSimpleFont.toUnicode(PDSimpleFont.java:301) No Unicode mapping for 55 (84) in font DGCDAO+ArialUnicodeMS 
10 Apr 2024 15:12:07,236 WARN org.apache.pdfbox.pdmodel.font.PDSimpleFont.toUnicode(PDSimpleFont.java:301) No Unicode mapping for 42 (71) in font DGCDAO+ArialUnicodeMS 
10 Apr 2024 15:12:07,236 WARN org.apache.pdfbox.pdmodel.font.PDSimpleFont.toUnicode(PDSimpleFont.java:301) No Unicode mapping for 36 (65) in font DGCDAO+ArialUnicodeMS 
10 Apr 2024 15:12:07,251 WARN org.apache.pdfbox.pdmodel.font.PDSimpleFont.toUnicode(PDSimpleFont.java:301) No Unicode mapping for 17 (46) in font DGCDAO+ArialUnicodeMS 
10 Apr 2024 15:12:07,252 WARN org.apache.pdfbox.pdmodel.font.PDSimpleFont.toUnicode(PDSimpleFont.java:301) No Unicode mapping for 44 (73) in font DGCDAO+ArialUnicodeMS 
10 Apr 2024 15:12:07,254 WARN org.apache.pdfbox.pdmodel.font.PDSimpleFont.toUnicode(PDSimpleFont.java:301) No Unicode mapping for 21 (50) in font DGCDAO+ArialUnicodeMS 
10 Apr 2024 15:12:07,254 WARN org.apache.pdfbox.pdmodel.font.PDSimpleFont.toUnicode(PDSimpleFont.java:301) No Unicode mapping for 40 (69) in font DGCDAO+ArialUnicodeMS 
10 Apr 2024 15:12:07,256 WARN org.apache.pdfbox.pdmodel.font.PDSimpleFont.toUnicode(PDSimpleFont.java:301) No Unicode mapping for 91 (120) in font DGCDAO+ArialUnicodeMS 
10 Apr 2024 15:12:07,257 WARN org.apache.pdfbox.pdmodel.font.PDSimpleFont.toUnicode(PDSimpleFont.java:301) No Unicode mapping for 41 (70) in font DGCDAO+ArialUnicodeMS 
10 Apr 2024 15:12:07,258 WARN org.apache.pdfbox.pdmodel.font.PDSimpleFont.toUnicode(PDSimpleFont.java:301) No Unicode mapping for 16 (45) in font DGCDAO+ArialUnicodeMS 
10 Apr 2024 15:12:07,259 WARN org.apache.pdfbox.pdmodel.font.PDSimpleFont.toUnicode(PDSimpleFont.java:301) No Unicode mapping for 22 (51) in font DGCDAO+ArialUnicodeMS 
10 Apr 2024 15:12:07,260 WARN org.apache.pdfbox.pdmodel.font.PDSimpleFont.toUnicode(PDSimpleFont.java:301) No Unicode mapping for 23 (52) in font DGCDAO+ArialUnicodeMS 
10 Apr 2024 15:12:07,260 WARN org.apache.pdfbox.pdmodel.font.PDSimpleFont.toUnicode(PDSimpleFont.java:301) No Unicode mapping for 30 (59) in font DGCDAO+ArialUnicodeMS 
10 Apr 2024 15:12:07,261 WARN org.apache.pdfbox.pdmodel.font.PDSimpleFont.toUnicode(PDSimpleFont.java:301) No Unicode mapping for 24 (53) in font DGCDAO+ArialUnicodeMS 
10 Apr 2024 15:12:07,265 WARN org.apache.pdfbox.pdmodel.font.PDSimpleFont.toUnicode(PDSimpleFont.java:301) No Unicode mapping for 25 (54) in font DGCDAO+ArialUnicodeMS 
10 Apr 2024 15:12:07,266 WARN org.apache.pdfbox.pdmodel.font.PDSimpleFont.toUnicode(PDSimpleFont.java:301) No Unicode mapping for 26 (55) in font DGCDAO+ArialUnicodeMS 
10 Apr 2024 15:12:07,269 WARN org.apache.pdfbox.pdmodel.font.PDSimpleFont.toUnicode(PDSimpleFont.java:301) No Unicode mapping for 27 (56) in font DGCDAO+ArialUnicodeMS 
10 Apr 2024 15:12:07,271 WARN org.apache.pdfbox.pdmodel.font.PDSimpleFont.toUnicode(PDSimpleFont.java:301) No Unicode mapping for 28 (57) in font DGCDAO+ArialUnicodeMS 
10 Apr 2024 15:12:07,272 WARN org.apache.pdfbox.pdmodel.font.PDSimpleFont.toUnicode(PDSimpleFont.java:301) No Unicode mapping for 20 (49) in font DGCDAO+ArialUnicodeMS 
10 Apr 2024 15:12:07,272 WARN org.apache.pdfbox.pdmodel.font.PDSimpleFont.toUnicode(PDSimpleFont.java:301) No Unicode mapping for 19 (48) in font DGCDAO+ArialUnicodeMS 
]]></system-out>
  </testcase>
  <testcase name="extractContentScannedPdf" classname="com.sismics.docs.core.util.TestFileUtil" time="15.986">
    <system-out><![CDATA[10 Apr 2024 15:12:07,365 INFO com.sismics.docs.core.util.format.PdfFormatHandler.extractContent(PdfFormatHandler.java:62) OCR page 1/3 of PDF file containing only images 
10 Apr 2024 15:12:08,440 DEBUG org.apache.pdfbox.io.ScratchFileBuffer.finalize(ScratchFileBuffer.java:520) ScratchFileBuffer not closed! 
10 Apr 2024 15:12:08,441 DEBUG org.apache.pdfbox.io.ScratchFileBuffer.finalize(ScratchFileBuffer.java:520) ScratchFileBuffer not closed! 
10 Apr 2024 15:12:08,443 DEBUG org.apache.pdfbox.io.ScratchFileBuffer.finalize(ScratchFileBuffer.java:520) ScratchFileBuffer not closed! 
10 Apr 2024 15:12:08,443 DEBUG org.apache.pdfbox.io.ScratchFileBuffer.finalize(ScratchFileBuffer.java:520) ScratchFileBuffer not closed! 
10 Apr 2024 15:12:08,443 DEBUG org.apache.pdfbox.io.ScratchFileBuffer.finalize(ScratchFileBuffer.java:520) ScratchFileBuffer not closed! 
10 Apr 2024 15:12:08,443 DEBUG org.apache.pdfbox.io.ScratchFileBuffer.finalize(ScratchFileBuffer.java:520) ScratchFileBuffer not closed! 
10 Apr 2024 15:12:08,443 DEBUG org.apache.pdfbox.io.ScratchFileBuffer.finalize(ScratchFileBuffer.java:520) ScratchFileBuffer not closed! 
10 Apr 2024 15:12:08,443 DEBUG org.apache.pdfbox.io.ScratchFileBuffer.finalize(ScratchFileBuffer.java:520) ScratchFileBuffer not closed! 
10 Apr 2024 15:12:08,443 DEBUG org.apache.pdfbox.io.ScratchFileBuffer.finalize(ScratchFileBuffer.java:520) ScratchFileBuffer not closed! 
10 Apr 2024 15:12:08,444 DEBUG org.apache.pdfbox.io.ScratchFileBuffer.finalize(ScratchFileBuffer.java:520) ScratchFileBuffer not closed! 
10 Apr 2024 15:12:08,444 DEBUG org.apache.pdfbox.io.ScratchFileBuffer.finalize(ScratchFileBuffer.java:520) ScratchFileBuffer not closed! 
10 Apr 2024 15:12:08,444 DEBUG org.apache.pdfbox.io.ScratchFileBuffer.finalize(ScratchFileBuffer.java:520) ScratchFileBuffer not closed! 
10 Apr 2024 15:12:13,738 INFO com.sismics.docs.core.util.format.PdfFormatHandler.extractContent(PdfFormatHandler.java:62) OCR page 2/3 of PDF file containing only images 
10 Apr 2024 15:12:14,417 DEBUG org.apache.pdfbox.io.ScratchFileBuffer.finalize(ScratchFileBuffer.java:520) ScratchFileBuffer not closed! 
10 Apr 2024 15:12:18,982 INFO com.sismics.docs.core.util.format.PdfFormatHandler.extractContent(PdfFormatHandler.java:62) OCR page 3/3 of PDF file containing only images 
10 Apr 2024 15:12:20,003 DEBUG org.apache.pdfbox.io.ScratchFileBuffer.finalize(ScratchFileBuffer.java:520) ScratchFileBuffer not closed! 
]]></system-out>
  </testcase>
</testsuite>