-------------------------------------------------------------------------------
Test set: com.sismics.docs.rest.TestDocumentResource
-------------------------------------------------------------------------------
Tests run: 9, Failures: 1, Errors: 0, Skipped: 0, Time elapsed: 109.764 s <<< FAILURE! - in com.sismics.docs.rest.TestDocumentResource
com.sismics.docs.rest.TestDocumentResource.testVideoExtraction  Time elapsed: 4.641 s  <<< FAILURE!
java.lang.AssertionError: expected:<1> but was:<0>
	at com.sismics.docs.rest.TestDocumentResource.testVideoExtraction(TestDocumentResource.java:672)

