<?xml version="1.0" encoding="UTF-8"?>
<testsuite xmlns:xsi="http://www.w3.org/2001/XMLSchema-instance" xsi:noNamespaceSchemaLocation="https://maven.apache.org/surefire/maven-surefire-plugin/xsd/surefire-test-report-3.0.xsd" version="3.0" name="com.sismics.docs.rest.TestAppResource" time="19.276" tests="6" errors="0" skipped="0" failures="0">
  <properties>
[...]
</properties>
  <testcase name="testLdapAuthentication" classname="com.sismics.docs.rest.TestAppResource" time="10.077">
    <system-out><![CDATA[10 Apr 2024 15:15:22,217 INFO com.sismics.util.filter.RequestContextFilter.init(RequestContextFilter.java:43) Using base data directory: /tmp 
10 Apr 2024 15:15:28,443 INFO com.sismics.util.ClasspathScanner.findClasses(ClasspathScanner.java:48) Found 1 classes for IndexingHandler 
10 Apr 2024 15:15:28,535 INFO com.sismics.docs.core.util.indexing.LuceneIndexingHandler.initLucene(LuceneIndexingHandler.java:115) Using RAM Lucene storage 
10 Apr 2024 15:15:28,961 INFO com.sismics.docs.core.service.FileService.startUp(FileService.java:39) File service starting up 
10 Apr 2024 15:15:28,974 INFO com.sismics.docs.core.service.InboxService.startUp(InboxService.java:55) Inbox service starting up 
10 Apr 2024 15:15:29,452 INFO org.subethamail.smtp.server.SMTPServer.run(SMTPServer.java:333) SMTP Server socket shut down. 
10 Apr 2024 15:15:29,475 INFO com.sismics.docs.core.service.InboxService.shutDown(InboxService.java:60) Inbox service shutting down 
10 Apr 2024 15:15:29,475 INFO com.sismics.docs.core.service.FileService.shutDown(FileService.java:44) File service shutting down 
]]></system-out>
    <system-err><![CDATA[Apr 10, 2024 3:15:19 PM org.glassfish.jersey.test.external.ExternalTestContainerFactory$ExternalTestContainer <init>
INFO: Creating ExternalTestContainer configured at the base URI http://localhost:9998/docs
Apr 10, 2024 3:15:20 PM org.glassfish.grizzly.servlet.WebappContext deploy
INFO: Starting application [GrizzlyContext] ...
Apr 10, 2024 3:15:20 PM org.glassfish.grizzly.servlet.WebappContext initServlets
INFO: Loading Servlet: org.glassfish.jersey.servlet.ServletContainer
Apr 10, 2024 3:15:22 PM org.glassfish.grizzly.servlet.WebappContext initServlets
INFO: [GrizzlyContext] Servlet [org.glassfish.jersey.servlet.ServletContainer] registered for url pattern(s) [[/*]].
]]></system-err>
  </testcase>
  <testcase name="testInbox" classname="com.sismics.docs.rest.TestAppResource" time="4.684">
    <system-out><![CDATA[10 Apr 2024 15:15:29,520 INFO org.glassfish.jersey.test.external.ExternalTestContainerFactory$ExternalTestContainer.<init>(ExternalTestContainerFactory.java:91) Creating ExternalTestContainer configured at the base URI http://localhost:9998/docs 
10 Apr 2024 15:15:29,797 INFO com.sismics.util.filter.RequestContextFilter.init(RequestContextFilter.java:43) Using base data directory: /tmp 
10 Apr 2024 15:15:30,084 INFO com.sismics.util.ClasspathScanner.findClasses(ClasspathScanner.java:48) Found 1 classes for IndexingHandler 
10 Apr 2024 15:15:30,086 INFO com.sismics.docs.core.util.indexing.LuceneIndexingHandler.initLucene(LuceneIndexingHandler.java:115) Using RAM Lucene storage 
10 Apr 2024 15:15:30,088 INFO com.sismics.docs.core.service.FileService.startUp(FileService.java:39) File service starting up 
10 Apr 2024 15:15:30,091 INFO com.sismics.docs.core.service.InboxService.startUp(InboxService.java:55) Inbox service starting up 
10 Apr 2024 15:15:31,038 INFO com.sismics.util.ClasspathScanner.findClasses(ClasspathScanner.java:48) Found 2 classes for AuthenticationHandler 
10 Apr 2024 15:15:32,647 INFO com.sismics.docs.core.service.InboxService.lambda$0(InboxService.java:82) Synchronizing IMAP inbox... 
10 Apr 2024 15:15:32,843 INFO com.sismics.docs.core.service.InboxService.lambda$0(InboxService.java:92) 1 messages found 
10 Apr 2024 15:15:32,892 INFO com.sismics.docs.core.service.InboxService.importMessage(InboxService.java:196) Importing message: Test email 1 
10 Apr 2024 15:15:33,086 INFO com.sismics.docs.core.listener.async.DocumentCreatedAsyncListener.on(DocumentCreatedAsyncListener.java:35) Document created event: DocumentCreatedAsyncEvent{documentId=06640806-c219-455d-82a2-95feb5c81ffe} 
10 Apr 2024 15:15:33,746 INFO com.sismics.docs.core.service.InboxService.lambda$0(InboxService.java:82) Synchronizing IMAP inbox... 
10 Apr 2024 15:15:33,939 INFO com.sismics.docs.core.service.InboxService.lambda$0(InboxService.java:92) 0 messages found 
10 Apr 2024 15:15:34,150 INFO org.subethamail.smtp.server.SMTPServer.run(SMTPServer.java:333) SMTP Server socket shut down. 
10 Apr 2024 15:15:34,196 INFO com.sismics.docs.core.service.InboxService.shutDown(InboxService.java:60) Inbox service shutting down 
10 Apr 2024 15:15:34,198 INFO com.sismics.docs.core.service.FileService.shutDown(FileService.java:44) File service shutting down 
]]></system-out>
  </testcase>
  <testcase name="testSmtpConfiguration" classname="com.sismics.docs.rest.TestAppResource" time="0.979">
    <system-out><![CDATA[10 Apr 2024 15:15:34,219 INFO org.glassfish.jersey.test.external.ExternalTestContainerFactory$ExternalTestContainer.<init>(ExternalTestContainerFactory.java:91) Creating ExternalTestContainer configured at the base URI http://localhost:9998/docs 
10 Apr 2024 15:15:34,427 INFO com.sismics.util.filter.RequestContextFilter.init(RequestContextFilter.java:43) Using base data directory: /tmp 
10 Apr 2024 15:15:34,611 INFO com.sismics.util.ClasspathScanner.findClasses(ClasspathScanner.java:48) Found 1 classes for IndexingHandler 
10 Apr 2024 15:15:34,614 INFO com.sismics.docs.core.util.indexing.LuceneIndexingHandler.initLucene(LuceneIndexingHandler.java:115) Using RAM Lucene storage 
10 Apr 2024 15:15:34,618 INFO com.sismics.docs.core.service.FileService.startUp(FileService.java:39) File service starting up 
10 Apr 2024 15:15:34,622 INFO com.sismics.docs.core.service.InboxService.startUp(InboxService.java:55) Inbox service starting up 
10 Apr 2024 15:15:34,626 INFO com.sismics.docs.core.service.InboxService.lambda$0(InboxService.java:82) Synchronizing IMAP inbox... 
10 Apr 2024 15:15:34,641 ERROR com.sismics.docs.core.service.InboxService.lambda$0(InboxService.java:100) Error syncing the inbox 
com.sun.mail.util.MailConnectException: Couldn't connect to host, port: localhost, 9755; timeout 30000;
  nested exception is:
	java.net.ConnectException: Connection refused (Connection refused)
	at com.sun.mail.imap.IMAPStore.protocolConnect(IMAPStore.java:740)
	at javax.mail.Service.connect(Service.java:366)
	at javax.mail.Service.connect(Service.java:246)
	at javax.mail.Service.connect(Service.java:267)
	at com.sismics.docs.core.service.InboxService.openInbox(InboxService.java:181)
	at com.sismics.docs.core.service.InboxService.lambda$0(InboxService.java:90)
	at com.sismics.docs.core.util.TransactionUtil.handle(TransactionUtil.java:47)
	at com.sismics.docs.core.service.InboxService.syncInbox(InboxService.java:76)
	at com.sismics.docs.core.service.InboxService.runOneIteration(InboxService.java:66)
	at com.google.common.util.concurrent.AbstractScheduledService$ServiceDelegate$Task.run(AbstractScheduledService.java:221)
	at com.google.common.util.concurrent.Callables$4.run(Callables.java:119)
	at java.base/java.util.concurrent.Executors$RunnableAdapter.call(Executors.java:515)
	at java.base/java.util.concurrent.FutureTask.runAndReset(FutureTask.java:305)
	at java.base/java.util.concurrent.ScheduledThreadPoolExecutor$ScheduledFutureTask.run(ScheduledThreadPoolExecutor.java:305)
	at java.base/java.util.concurrent.ThreadPoolExecutor.runWorker(ThreadPoolExecutor.java:1128)
	at java.base/java.util.concurrent.ThreadPoolExecutor$Worker.run(ThreadPoolExecutor.java:628)
	at java.base/java.lang.Thread.run(Thread.java:829)
Caused by: java.net.ConnectException: Connection refused (Connection refused)
	at java.base/java.net.PlainSocketImpl.socketConnect(Native Method)
	at java.base/java.net.AbstractPlainSocketImpl.doConnect(AbstractPlainSocketImpl.java:412)
	at java.base/java.net.AbstractPlainSocketImpl.connectToAddress(AbstractPlainSocketImpl.java:255)
	at java.base/java.net.AbstractPlainSocketImpl.connect(AbstractPlainSocketImpl.java:237)
	at java.base/java.net.SocksSocketImpl.connect(SocksSocketImpl.java:392)
	at java.base/java.net.Socket.connect(Socket.java:609)
	at com.sun.mail.util.WriteTimeoutSocket.connect(WriteTimeoutSocket.java:115)
	at com.sun.mail.util.SocketFetcher.createSocket(SocketFetcher.java:357)
	at com.sun.mail.util.SocketFetcher.getSocket(SocketFetcher.java:238)
	at com.sun.mail.iap.Protocol.<init>(Protocol.java:134)
	at com.sun.mail.imap.protocol.IMAPProtocol.<init>(IMAPProtocol.java:131)
	at com.sun.mail.imap.IMAPStore.newIMAPProtocol(IMAPStore.java:763)
	at com.sun.mail.imap.IMAPStore.protocolConnect(IMAPStore.java:698)
	... 16 more
10 Apr 2024 15:15:35,158 INFO org.subethamail.smtp.server.SMTPServer.run(SMTPServer.java:333) SMTP Server socket shut down. 
10 Apr 2024 15:15:35,178 INFO com.sismics.docs.core.service.InboxService.shutDown(InboxService.java:60) Inbox service shutting down 
10 Apr 2024 15:15:35,180 INFO com.sismics.docs.core.service.FileService.shutDown(FileService.java:44) File service shutting down 
]]></system-out>
  </testcase>
  <testcase name="testAppResource" classname="com.sismics.docs.rest.TestAppResource" time="1.147">
    <system-out><![CDATA[10 Apr 2024 15:15:35,184 INFO org.glassfish.jersey.test.external.ExternalTestContainerFactory$ExternalTestContainer.<init>(ExternalTestContainerFactory.java:91) Creating ExternalTestContainer configured at the base URI http://localhost:9998/docs 
10 Apr 2024 15:15:35,353 INFO com.sismics.util.filter.RequestContextFilter.init(RequestContextFilter.java:43) Using base data directory: /tmp 
10 Apr 2024 15:15:35,508 INFO com.sismics.util.ClasspathScanner.findClasses(ClasspathScanner.java:48) Found 1 classes for IndexingHandler 
10 Apr 2024 15:15:35,510 INFO com.sismics.docs.core.util.indexing.LuceneIndexingHandler.initLucene(LuceneIndexingHandler.java:115) Using RAM Lucene storage 
10 Apr 2024 15:15:35,512 INFO com.sismics.docs.core.service.FileService.startUp(FileService.java:39) File service starting up 
10 Apr 2024 15:15:35,515 INFO com.sismics.docs.core.service.InboxService.startUp(InboxService.java:55) Inbox service starting up 
10 Apr 2024 15:15:35,518 INFO com.sismics.docs.core.service.InboxService.lambda$0(InboxService.java:82) Synchronizing IMAP inbox... 
10 Apr 2024 15:15:35,530 ERROR com.sismics.docs.core.service.InboxService.lambda$0(InboxService.java:100) Error syncing the inbox 
com.sun.mail.util.MailConnectException: Couldn't connect to host, port: localhost, 9755; timeout 30000;
  nested exception is:
	java.net.ConnectException: Connection refused (Connection refused)
	at com.sun.mail.imap.IMAPStore.protocolConnect(IMAPStore.java:740)
	at javax.mail.Service.connect(Service.java:366)
	at javax.mail.Service.connect(Service.java:246)
	at javax.mail.Service.connect(Service.java:267)
	at com.sismics.docs.core.service.InboxService.openInbox(InboxService.java:181)
	at com.sismics.docs.core.service.InboxService.lambda$0(InboxService.java:90)
	at com.sismics.docs.core.util.TransactionUtil.handle(TransactionUtil.java:47)
	at com.sismics.docs.core.service.InboxService.syncInbox(InboxService.java:76)
	at com.sismics.docs.core.service.InboxService.runOneIteration(InboxService.java:66)
	at com.google.common.util.concurrent.AbstractScheduledService$ServiceDelegate$Task.run(AbstractScheduledService.java:221)
	at com.google.common.util.concurrent.Callables$4.run(Callables.java:119)
	at java.base/java.util.concurrent.Executors$RunnableAdapter.call(Executors.java:515)
	at java.base/java.util.concurrent.FutureTask.runAndReset(FutureTask.java:305)
	at java.base/java.util.concurrent.ScheduledThreadPoolExecutor$ScheduledFutureTask.run(ScheduledThreadPoolExecutor.java:305)
	at java.base/java.util.concurrent.ThreadPoolExecutor.runWorker(ThreadPoolExecutor.java:1128)
	at java.base/java.util.concurrent.ThreadPoolExecutor$Worker.run(ThreadPoolExecutor.java:628)
	at java.base/java.lang.Thread.run(Thread.java:829)
Caused by: java.net.ConnectException: Connection refused (Connection refused)
	at java.base/java.net.PlainSocketImpl.socketConnect(Native Method)
	at java.base/java.net.AbstractPlainSocketImpl.doConnect(AbstractPlainSocketImpl.java:412)
	at java.base/java.net.AbstractPlainSocketImpl.connectToAddress(AbstractPlainSocketImpl.java:255)
	at java.base/java.net.AbstractPlainSocketImpl.connect(AbstractPlainSocketImpl.java:237)
	at java.base/java.net.SocksSocketImpl.connect(SocksSocketImpl.java:392)
	at java.base/java.net.Socket.connect(Socket.java:609)
	at com.sun.mail.util.WriteTimeoutSocket.connect(WriteTimeoutSocket.java:115)
	at com.sun.mail.util.SocketFetcher.createSocket(SocketFetcher.java:357)
	at com.sun.mail.util.SocketFetcher.getSocket(SocketFetcher.java:238)
	at com.sun.mail.iap.Protocol.<init>(Protocol.java:134)
	at com.sun.mail.imap.protocol.IMAPProtocol.<init>(IMAPProtocol.java:131)
	at com.sun.mail.imap.IMAPStore.newIMAPProtocol(IMAPStore.java:763)
	at com.sun.mail.imap.IMAPStore.protocolConnect(IMAPStore.java:698)
	... 16 more
10 Apr 2024 15:15:35,975 INFO com.sismics.docs.core.listener.async.RebuildIndexAsyncListener.on(RebuildIndexAsyncListener.java:37) Rebuild index event: RebuildIndexAsyncEvent{} 
10 Apr 2024 15:15:36,001 INFO com.sismics.docs.core.listener.async.RebuildIndexAsyncListener.on(RebuildIndexAsyncListener.java:68) Rebuilding index done 
10 Apr 2024 15:15:36,016 INFO com.sismics.docs.rest.resource.AppResource.batchCleanStorage(AppResource.java:630) Checking 0 files 
10 Apr 2024 15:15:36,017 INFO com.sismics.docs.rest.resource.AppResource.batchCleanStorage(AppResource.java:638) Deleting orphan files at this location: /tmp/storage/ec7c61fc-203f-4ba7-be00-1a07a495a0d4_thumb 
10 Apr 2024 15:15:36,018 INFO com.sismics.docs.rest.resource.AppResource.batchCleanStorage(AppResource.java:638) Deleting orphan files at this location: /tmp/storage/6f23df92-52a0-4465-8f2a-29a49d61ff29_thumb 
10 Apr 2024 15:15:36,019 INFO com.sismics.docs.rest.resource.AppResource.batchCleanStorage(AppResource.java:638) Deleting orphan files at this location: /tmp/storage/086193c8-ca6d-41f5-944c-213a8ed485c4_web 
10 Apr 2024 15:15:36,019 INFO com.sismics.docs.rest.resource.AppResource.batchCleanStorage(AppResource.java:638) Deleting orphan files at this location: /tmp/storage/50d6a682-235f-453e-b522-88b1c29defa7 
10 Apr 2024 15:15:36,020 INFO com.sismics.docs.rest.resource.AppResource.batchCleanStorage(AppResource.java:638) Deleting orphan files at this location: /tmp/storage/bc9f4aa8-c912-4748-9847-095428c62fb2_thumb 
10 Apr 2024 15:15:36,020 INFO com.sismics.docs.rest.resource.AppResource.batchCleanStorage(AppResource.java:638) Deleting orphan files at this location: /tmp/storage/d3a95c15-c508-45c4-91e2-145e6d051478 
10 Apr 2024 15:15:36,020 INFO com.sismics.docs.rest.resource.AppResource.batchCleanStorage(AppResource.java:638) Deleting orphan files at this location: /tmp/storage/6f23df92-52a0-4465-8f2a-29a49d61ff29 
10 Apr 2024 15:15:36,020 INFO com.sismics.docs.rest.resource.AppResource.batchCleanStorage(AppResource.java:638) Deleting orphan files at this location: /tmp/storage/0a64344a-ec24-43c5-852a-ec6ca80327df_thumb 
10 Apr 2024 15:15:36,021 INFO com.sismics.docs.rest.resource.AppResource.batchCleanStorage(AppResource.java:638) Deleting orphan files at this location: /tmp/storage/2cefd0ac-2c32-488b-9515-f9b293eb2da3_thumb 
10 Apr 2024 15:15:36,021 INFO com.sismics.docs.rest.resource.AppResource.batchCleanStorage(AppResource.java:638) Deleting orphan files at this location: /tmp/storage/81a9ea9a-8a44-4fbf-a8c5-2210066517ea_web 
10 Apr 2024 15:15:36,022 INFO com.sismics.docs.rest.resource.AppResource.batchCleanStorage(AppResource.java:638) Deleting orphan files at this location: /tmp/storage/7e460524-937d-4710-8ef8-2ab32e16eb53_thumb 
10 Apr 2024 15:15:36,022 INFO com.sismics.docs.rest.resource.AppResource.batchCleanStorage(AppResource.java:638) Deleting orphan files at this location: /tmp/storage/6f23df92-52a0-4465-8f2a-29a49d61ff29_web 
10 Apr 2024 15:15:36,022 INFO com.sismics.docs.rest.resource.AppResource.batchCleanStorage(AppResource.java:638) Deleting orphan files at this location: /tmp/storage/0a64344a-ec24-43c5-852a-ec6ca80327df_web 
10 Apr 2024 15:15:36,022 INFO com.sismics.docs.rest.resource.AppResource.batchCleanStorage(AppResource.java:638) Deleting orphan files at this location: /tmp/storage/6a139040-e03f-42a6-815b-ffd2d22759c2_thumb 
10 Apr 2024 15:15:36,023 INFO com.sismics.docs.rest.resource.AppResource.batchCleanStorage(AppResource.java:638) Deleting orphan files at this location: /tmp/storage/58d123df-ce55-4bb6-9037-18d945e53a9e_thumb 
10 Apr 2024 15:15:36,023 INFO com.sismics.docs.rest.resource.AppResource.batchCleanStorage(AppResource.java:638) Deleting orphan files at this location: /tmp/storage/bc9f4aa8-c912-4748-9847-095428c62fb2 
10 Apr 2024 15:15:36,024 INFO com.sismics.docs.rest.resource.AppResource.batchCleanStorage(AppResource.java:638) Deleting orphan files at this location: /tmp/storage/81a9ea9a-8a44-4fbf-a8c5-2210066517ea 
10 Apr 2024 15:15:36,025 INFO com.sismics.docs.rest.resource.AppResource.batchCleanStorage(AppResource.java:638) Deleting orphan files at this location: /tmp/storage/bcb03d0e-83f7-4ff5-89e7-c19be01a8010 
10 Apr 2024 15:15:36,026 INFO com.sismics.docs.rest.resource.AppResource.batchCleanStorage(AppResource.java:638) Deleting orphan files at this location: /tmp/storage/bcb03d0e-83f7-4ff5-89e7-c19be01a8010_thumb 
10 Apr 2024 15:15:36,027 INFO com.sismics.docs.rest.resource.AppResource.batchCleanStorage(AppResource.java:638) Deleting orphan files at this location: /tmp/storage/ec7c61fc-203f-4ba7-be00-1a07a495a0d4 
10 Apr 2024 15:15:36,028 INFO com.sismics.docs.rest.resource.AppResource.batchCleanStorage(AppResource.java:638) Deleting orphan files at this location: /tmp/storage/bcb03d0e-83f7-4ff5-89e7-c19be01a8010_web 
10 Apr 2024 15:15:36,028 INFO com.sismics.docs.rest.resource.AppResource.batchCleanStorage(AppResource.java:638) Deleting orphan files at this location: /tmp/storage/document_odt 
10 Apr 2024 15:15:36,028 INFO com.sismics.docs.rest.resource.AppResource.batchCleanStorage(AppResource.java:638) Deleting orphan files at this location: /tmp/storage/d3a95c15-c508-45c4-91e2-145e6d051478_thumb 
10 Apr 2024 15:15:36,028 INFO com.sismics.docs.rest.resource.AppResource.batchCleanStorage(AppResource.java:638) Deleting orphan files at this location: /tmp/storage/apollo_portrait 
10 Apr 2024 15:15:36,029 INFO com.sismics.docs.rest.resource.AppResource.batchCleanStorage(AppResource.java:638) Deleting orphan files at this location: /tmp/storage/58d123df-ce55-4bb6-9037-18d945e53a9e 
10 Apr 2024 15:15:36,029 INFO com.sismics.docs.rest.resource.AppResource.batchCleanStorage(AppResource.java:638) Deleting orphan files at this location: /tmp/storage/ec7c61fc-203f-4ba7-be00-1a07a495a0d4_web 
10 Apr 2024 15:15:36,029 INFO com.sismics.docs.rest.resource.AppResource.batchCleanStorage(AppResource.java:638) Deleting orphan files at this location: /tmp/storage/e314daed-ff1f-426c-a78c-c4d569d5f253 
10 Apr 2024 15:15:36,029 INFO com.sismics.docs.rest.resource.AppResource.batchCleanStorage(AppResource.java:638) Deleting orphan files at this location: /tmp/storage/37383e5a-2006-4863-9017-2ff618640a7d 
10 Apr 2024 15:15:36,030 INFO com.sismics.docs.rest.resource.AppResource.batchCleanStorage(AppResource.java:638) Deleting orphan files at this location: /tmp/storage/bb6fe988-0577-481c-9b1b-4dd7d8064d78_web 
10 Apr 2024 15:15:36,030 INFO com.sismics.docs.rest.resource.AppResource.batchCleanStorage(AppResource.java:638) Deleting orphan files at this location: /tmp/storage/27239edf-70e0-41eb-900d-3e5a3575ad5b 
10 Apr 2024 15:15:36,030 INFO com.sismics.docs.rest.resource.AppResource.batchCleanStorage(AppResource.java:638) Deleting orphan files at this location: /tmp/storage/bb6fe988-0577-481c-9b1b-4dd7d8064d78 
10 Apr 2024 15:15:36,031 INFO com.sismics.docs.rest.resource.AppResource.batchCleanStorage(AppResource.java:638) Deleting orphan files at this location: /tmp/storage/27239edf-70e0-41eb-900d-3e5a3575ad5b_web 
10 Apr 2024 15:15:36,031 INFO com.sismics.docs.rest.resource.AppResource.batchCleanStorage(AppResource.java:638) Deleting orphan files at this location: /tmp/storage/37383e5a-2006-4863-9017-2ff618640a7d_thumb 
10 Apr 2024 15:15:36,031 INFO com.sismics.docs.rest.resource.AppResource.batchCleanStorage(AppResource.java:638) Deleting orphan files at this location: /tmp/storage/b3d7df5b-7b16-4ee2-b556-5a2e49f30530 
10 Apr 2024 15:15:36,031 INFO com.sismics.docs.rest.resource.AppResource.batchCleanStorage(AppResource.java:638) Deleting orphan files at this location: /tmp/storage/apollo_landscape 
10 Apr 2024 15:15:36,032 INFO com.sismics.docs.rest.resource.AppResource.batchCleanStorage(AppResource.java:638) Deleting orphan files at this location: /tmp/storage/7e460524-937d-4710-8ef8-2ab32e16eb53 
10 Apr 2024 15:15:36,032 INFO com.sismics.docs.rest.resource.AppResource.batchCleanStorage(AppResource.java:638) Deleting orphan files at this location: /tmp/storage/37383e5a-2006-4863-9017-2ff618640a7d_web 
10 Apr 2024 15:15:36,033 INFO com.sismics.docs.rest.resource.AppResource.batchCleanStorage(AppResource.java:638) Deleting orphan files at this location: /tmp/storage/bb6fe988-0577-481c-9b1b-4dd7d8064d78_thumb 
10 Apr 2024 15:15:36,033 INFO com.sismics.docs.rest.resource.AppResource.batchCleanStorage(AppResource.java:638) Deleting orphan files at this location: /tmp/storage/81a9ea9a-8a44-4fbf-a8c5-2210066517ea_thumb 
10 Apr 2024 15:15:36,033 INFO com.sismics.docs.rest.resource.AppResource.batchCleanStorage(AppResource.java:638) Deleting orphan files at this location: /tmp/storage/d3a95c15-c508-45c4-91e2-145e6d051478_web 
10 Apr 2024 15:15:36,034 INFO com.sismics.docs.rest.resource.AppResource.batchCleanStorage(AppResource.java:638) Deleting orphan files at this location: /tmp/storage/086193c8-ca6d-41f5-944c-213a8ed485c4_thumb 
10 Apr 2024 15:15:36,034 INFO com.sismics.docs.rest.resource.AppResource.batchCleanStorage(AppResource.java:638) Deleting orphan files at this location: /tmp/storage/2cefd0ac-2c32-488b-9515-f9b293eb2da3_web 
10 Apr 2024 15:15:36,034 INFO com.sismics.docs.rest.resource.AppResource.batchCleanStorage(AppResource.java:638) Deleting orphan files at this location: /tmp/storage/27239edf-70e0-41eb-900d-3e5a3575ad5b_thumb 
10 Apr 2024 15:15:36,034 INFO com.sismics.docs.rest.resource.AppResource.batchCleanStorage(AppResource.java:638) Deleting orphan files at this location: /tmp/storage/2cefd0ac-2c32-488b-9515-f9b293eb2da3 
10 Apr 2024 15:15:36,035 INFO com.sismics.docs.rest.resource.AppResource.batchCleanStorage(AppResource.java:638) Deleting orphan files at this location: /tmp/storage/udhr 
10 Apr 2024 15:15:36,035 INFO com.sismics.docs.rest.resource.AppResource.batchCleanStorage(AppResource.java:638) Deleting orphan files at this location: /tmp/storage/bc9f4aa8-c912-4748-9847-095428c62fb2_web 
10 Apr 2024 15:15:36,035 INFO com.sismics.docs.rest.resource.AppResource.batchCleanStorage(AppResource.java:638) Deleting orphan files at this location: /tmp/storage/7e460524-937d-4710-8ef8-2ab32e16eb53_web 
10 Apr 2024 15:15:36,036 INFO com.sismics.docs.rest.resource.AppResource.batchCleanStorage(AppResource.java:638) Deleting orphan files at this location: /tmp/storage/6a139040-e03f-42a6-815b-ffd2d22759c2 
10 Apr 2024 15:15:36,036 INFO com.sismics.docs.rest.resource.AppResource.batchCleanStorage(AppResource.java:638) Deleting orphan files at this location: /tmp/storage/0a64344a-ec24-43c5-852a-ec6ca80327df 
10 Apr 2024 15:15:36,036 INFO com.sismics.docs.rest.resource.AppResource.batchCleanStorage(AppResource.java:638) Deleting orphan files at this location: /tmp/storage/b3d7df5b-7b16-4ee2-b556-5a2e49f30530_web 
10 Apr 2024 15:15:36,036 INFO com.sismics.docs.rest.resource.AppResource.batchCleanStorage(AppResource.java:638) Deleting orphan files at this location: /tmp/storage/086193c8-ca6d-41f5-944c-213a8ed485c4 
10 Apr 2024 15:15:36,036 INFO com.sismics.docs.rest.resource.AppResource.batchCleanStorage(AppResource.java:638) Deleting orphan files at this location: /tmp/storage/50d6a682-235f-453e-b522-88b1c29defa7_web 
10 Apr 2024 15:15:36,037 INFO com.sismics.docs.rest.resource.AppResource.batchCleanStorage(AppResource.java:638) Deleting orphan files at this location: /tmp/storage/6a139040-e03f-42a6-815b-ffd2d22759c2_web 
10 Apr 2024 15:15:36,037 INFO com.sismics.docs.rest.resource.AppResource.batchCleanStorage(AppResource.java:638) Deleting orphan files at this location: /tmp/storage/document_pptx 
10 Apr 2024 15:15:36,037 INFO com.sismics.docs.rest.resource.AppResource.batchCleanStorage(AppResource.java:638) Deleting orphan files at this location: /tmp/storage/b3d7df5b-7b16-4ee2-b556-5a2e49f30530_thumb 
10 Apr 2024 15:15:36,038 INFO com.sismics.docs.rest.resource.AppResource.batchCleanStorage(AppResource.java:638) Deleting orphan files at this location: /tmp/storage/50d6a682-235f-453e-b522-88b1c29defa7_thumb 
10 Apr 2024 15:15:36,038 INFO com.sismics.docs.rest.resource.AppResource.batchCleanStorage(AppResource.java:638) Deleting orphan files at this location: /tmp/storage/document_docx 
10 Apr 2024 15:15:36,039 INFO com.sismics.docs.rest.resource.AppResource.batchCleanStorage(AppResource.java:638) Deleting orphan files at this location: /tmp/storage/58d123df-ce55-4bb6-9037-18d945e53a9e_web 
10 Apr 2024 15:15:36,043 INFO com.sismics.docs.rest.resource.AppResource.batchCleanStorage(AppResource.java:658) Deleting 0 orphan audit logs 
10 Apr 2024 15:15:36,047 INFO com.sismics.docs.rest.resource.AppResource.batchCleanStorage(AppResource.java:670) Deleting 2 orphan ACLs 
10 Apr 2024 15:15:36,050 INFO com.sismics.docs.rest.resource.AppResource.batchCleanStorage(AppResource.java:675) Deleting 0 orphan comments 
10 Apr 2024 15:15:36,053 INFO com.sismics.docs.rest.resource.AppResource.batchCleanStorage(AppResource.java:680) Deleting 0 orphan document tag links 
10 Apr 2024 15:15:36,055 INFO com.sismics.docs.rest.resource.AppResource.batchCleanStorage(AppResource.java:685) Deleting 0 orphan shares 
10 Apr 2024 15:15:36,057 INFO com.sismics.docs.rest.resource.AppResource.batchCleanStorage(AppResource.java:690) Deleting 0 orphan tags 
10 Apr 2024 15:15:36,059 INFO com.sismics.docs.rest.resource.AppResource.batchCleanStorage(AppResource.java:695) Deleting 0 orphan documents 
10 Apr 2024 15:15:36,061 INFO com.sismics.docs.rest.resource.AppResource.batchCleanStorage(AppResource.java:700) Deleting 0 orphan files 
10 Apr 2024 15:15:36,072 INFO com.sismics.docs.rest.resource.AppResource.batchCleanStorage(AppResource.java:703) Deleting 0 soft deleted document tag links 
10 Apr 2024 15:15:36,077 INFO com.sismics.docs.rest.resource.AppResource.batchCleanStorage(AppResource.java:704) Deleting 2 soft deleted ACLs 
10 Apr 2024 15:15:36,081 INFO com.sismics.docs.rest.resource.AppResource.batchCleanStorage(AppResource.java:705) Deleting 0 soft deleted shares 
10 Apr 2024 15:15:36,085 INFO com.sismics.docs.rest.resource.AppResource.batchCleanStorage(AppResource.java:706) Deleting 0 soft deleted tags 
10 Apr 2024 15:15:36,089 INFO com.sismics.docs.rest.resource.AppResource.batchCleanStorage(AppResource.java:707) Deleting 0 soft deleted comments 
10 Apr 2024 15:15:36,092 INFO com.sismics.docs.rest.resource.AppResource.batchCleanStorage(AppResource.java:708) Deleting 0 soft deleted files 
10 Apr 2024 15:15:36,097 INFO com.sismics.docs.rest.resource.AppResource.batchCleanStorage(AppResource.java:709) Deleting 0 soft deleted documents 
10 Apr 2024 15:15:36,099 INFO com.sismics.docs.rest.resource.AppResource.batchCleanStorage(AppResource.java:710) Deleting 0 soft deleted users 
10 Apr 2024 15:15:36,104 INFO com.sismics.docs.rest.resource.AppResource.batchCleanStorage(AppResource.java:711) Deleting 0 soft deleted groups 
10 Apr 2024 15:15:36,182 INFO org.subethamail.smtp.server.SMTPServer.run(SMTPServer.java:333) SMTP Server socket shut down. 
10 Apr 2024 15:15:36,187 INFO com.sismics.docs.core.service.InboxService.shutDown(InboxService.java:60) Inbox service shutting down 
10 Apr 2024 15:15:36,188 INFO com.sismics.docs.core.service.FileService.shutDown(FileService.java:44) File service shutting down 
]]></system-out>
  </testcase>
  <testcase name="testLogResource" classname="com.sismics.docs.rest.TestAppResource" time="1.032">
    <system-out><![CDATA[10 Apr 2024 15:15:36,205 INFO org.glassfish.jersey.test.external.ExternalTestContainerFactory$ExternalTestContainer.<init>(ExternalTestContainerFactory.java:91) Creating ExternalTestContainer configured at the base URI http://localhost:9998/docs 
10 Apr 2024 15:15:36,344 INFO com.sismics.util.filter.RequestContextFilter.init(RequestContextFilter.java:43) Using base data directory: /tmp 
10 Apr 2024 15:15:36,488 INFO com.sismics.util.ClasspathScanner.findClasses(ClasspathScanner.java:48) Found 1 classes for IndexingHandler 
10 Apr 2024 15:15:36,490 INFO com.sismics.docs.core.util.indexing.LuceneIndexingHandler.initLucene(LuceneIndexingHandler.java:115) Using RAM Lucene storage 
10 Apr 2024 15:15:36,492 INFO com.sismics.docs.core.service.FileService.startUp(FileService.java:39) File service starting up 
10 Apr 2024 15:15:36,495 INFO com.sismics.docs.core.service.InboxService.startUp(InboxService.java:55) Inbox service starting up 
10 Apr 2024 15:15:36,498 INFO com.sismics.docs.core.service.InboxService.lambda$0(InboxService.java:82) Synchronizing IMAP inbox... 
10 Apr 2024 15:15:36,508 ERROR com.sismics.docs.core.service.InboxService.lambda$0(InboxService.java:100) Error syncing the inbox 
com.sun.mail.util.MailConnectException: Couldn't connect to host, port: localhost, 9755; timeout 30000;
  nested exception is:
	java.net.ConnectException: Connection refused (Connection refused)
	at com.sun.mail.imap.IMAPStore.protocolConnect(IMAPStore.java:740)
	at javax.mail.Service.connect(Service.java:366)
	at javax.mail.Service.connect(Service.java:246)
	at javax.mail.Service.connect(Service.java:267)
	at com.sismics.docs.core.service.InboxService.openInbox(InboxService.java:181)
	at com.sismics.docs.core.service.InboxService.lambda$0(InboxService.java:90)
	at com.sismics.docs.core.util.TransactionUtil.handle(TransactionUtil.java:47)
	at com.sismics.docs.core.service.InboxService.syncInbox(InboxService.java:76)
	at com.sismics.docs.core.service.InboxService.runOneIteration(InboxService.java:66)
	at com.google.common.util.concurrent.AbstractScheduledService$ServiceDelegate$Task.run(AbstractScheduledService.java:221)
	at com.google.common.util.concurrent.Callables$4.run(Callables.java:119)
	at java.base/java.util.concurrent.Executors$RunnableAdapter.call(Executors.java:515)
	at java.base/java.util.concurrent.FutureTask.runAndReset(FutureTask.java:305)
	at java.base/java.util.concurrent.ScheduledThreadPoolExecutor$ScheduledFutureTask.run(ScheduledThreadPoolExecutor.java:305)
	at java.base/java.util.concurrent.ThreadPoolExecutor.runWorker(ThreadPoolExecutor.java:1128)
	at java.base/java.util.concurrent.ThreadPoolExecutor$Worker.run(ThreadPoolExecutor.java:628)
	at java.base/java.lang.Thread.run(Thread.java:829)
Caused by: java.net.ConnectException: Connection refused (Connection refused)
	at java.base/java.net.PlainSocketImpl.socketConnect(Native Method)
	at java.base/java.net.AbstractPlainSocketImpl.doConnect(AbstractPlainSocketImpl.java:412)
	at java.base/java.net.AbstractPlainSocketImpl.connectToAddress(AbstractPlainSocketImpl.java:255)
	at java.base/java.net.AbstractPlainSocketImpl.connect(AbstractPlainSocketImpl.java:237)
	at java.base/java.net.SocksSocketImpl.connect(SocksSocketImpl.java:392)
	at java.base/java.net.Socket.connect(Socket.java:609)
	at com.sun.mail.util.WriteTimeoutSocket.connect(WriteTimeoutSocket.java:115)
	at com.sun.mail.util.SocketFetcher.createSocket(SocketFetcher.java:357)
	at com.sun.mail.util.SocketFetcher.getSocket(SocketFetcher.java:238)
	at com.sun.mail.iap.Protocol.<init>(Protocol.java:134)
	at com.sun.mail.imap.protocol.IMAPProtocol.<init>(IMAPProtocol.java:131)
	at com.sun.mail.imap.IMAPStore.newIMAPProtocol(IMAPStore.java:763)
	at com.sun.mail.imap.IMAPStore.protocolConnect(IMAPStore.java:698)
	... 16 more
10 Apr 2024 15:15:37,332 INFO org.subethamail.smtp.server.SMTPServer.run(SMTPServer.java:333) SMTP Server socket shut down. 
10 Apr 2024 15:15:37,349 INFO com.sismics.docs.core.service.InboxService.shutDown(InboxService.java:60) Inbox service shutting down 
10 Apr 2024 15:15:37,349 INFO com.sismics.docs.core.service.FileService.shutDown(FileService.java:44) File service shutting down 
]]></system-out>
  </testcase>
  <testcase name="testGuestLogin" classname="com.sismics.docs.rest.TestAppResource" time="1.181">
    <system-out><![CDATA[10 Apr 2024 15:15:37,368 INFO org.glassfish.jersey.test.external.ExternalTestContainerFactory$ExternalTestContainer.<init>(ExternalTestContainerFactory.java:91) Creating ExternalTestContainer configured at the base URI http://localhost:9998/docs 
10 Apr 2024 15:15:37,549 INFO com.sismics.util.filter.RequestContextFilter.init(RequestContextFilter.java:43) Using base data directory: /tmp 
10 Apr 2024 15:15:37,736 INFO com.sismics.util.ClasspathScanner.findClasses(ClasspathScanner.java:48) Found 1 classes for IndexingHandler 
10 Apr 2024 15:15:37,738 INFO com.sismics.docs.core.util.indexing.LuceneIndexingHandler.initLucene(LuceneIndexingHandler.java:115) Using RAM Lucene storage 
10 Apr 2024 15:15:37,743 INFO com.sismics.docs.core.service.FileService.startUp(FileService.java:39) File service starting up 
10 Apr 2024 15:15:37,751 INFO com.sismics.docs.core.service.InboxService.startUp(InboxService.java:55) Inbox service starting up 
10 Apr 2024 15:15:37,761 INFO com.sismics.docs.core.service.InboxService.lambda$0(InboxService.java:82) Synchronizing IMAP inbox... 
10 Apr 2024 15:15:37,774 ERROR com.sismics.docs.core.service.InboxService.lambda$0(InboxService.java:100) Error syncing the inbox 
com.sun.mail.util.MailConnectException: Couldn't connect to host, port: localhost, 9755; timeout 30000;
  nested exception is:
	java.net.ConnectException: Connection refused (Connection refused)
	at com.sun.mail.imap.IMAPStore.protocolConnect(IMAPStore.java:740)
	at javax.mail.Service.connect(Service.java:366)
	at javax.mail.Service.connect(Service.java:246)
	at javax.mail.Service.connect(Service.java:267)
	at com.sismics.docs.core.service.InboxService.openInbox(InboxService.java:181)
	at com.sismics.docs.core.service.InboxService.lambda$0(InboxService.java:90)
	at com.sismics.docs.core.util.TransactionUtil.handle(TransactionUtil.java:47)
	at com.sismics.docs.core.service.InboxService.syncInbox(InboxService.java:76)
	at com.sismics.docs.core.service.InboxService.runOneIteration(InboxService.java:66)
	at com.google.common.util.concurrent.AbstractScheduledService$ServiceDelegate$Task.run(AbstractScheduledService.java:221)
	at com.google.common.util.concurrent.Callables$4.run(Callables.java:119)
	at java.base/java.util.concurrent.Executors$RunnableAdapter.call(Executors.java:515)
	at java.base/java.util.concurrent.FutureTask.runAndReset(FutureTask.java:305)
	at java.base/java.util.concurrent.ScheduledThreadPoolExecutor$ScheduledFutureTask.run(ScheduledThreadPoolExecutor.java:305)
	at java.base/java.util.concurrent.ThreadPoolExecutor.runWorker(ThreadPoolExecutor.java:1128)
	at java.base/java.util.concurrent.ThreadPoolExecutor$Worker.run(ThreadPoolExecutor.java:628)
	at java.base/java.lang.Thread.run(Thread.java:829)
Caused by: java.net.ConnectException: Connection refused (Connection refused)
	at java.base/java.net.PlainSocketImpl.socketConnect(Native Method)
	at java.base/java.net.AbstractPlainSocketImpl.doConnect(AbstractPlainSocketImpl.java:412)
	at java.base/java.net.AbstractPlainSocketImpl.connectToAddress(AbstractPlainSocketImpl.java:255)
	at java.base/java.net.AbstractPlainSocketImpl.connect(AbstractPlainSocketImpl.java:237)
	at java.base/java.net.SocksSocketImpl.connect(SocksSocketImpl.java:392)
	at java.base/java.net.Socket.connect(Socket.java:609)
	at com.sun.mail.util.WriteTimeoutSocket.connect(WriteTimeoutSocket.java:115)
	at com.sun.mail.util.SocketFetcher.createSocket(SocketFetcher.java:357)
	at com.sun.mail.util.SocketFetcher.getSocket(SocketFetcher.java:238)
	at com.sun.mail.iap.Protocol.<init>(Protocol.java:134)
	at com.sun.mail.imap.protocol.IMAPProtocol.<init>(IMAPProtocol.java:131)
	at com.sun.mail.imap.IMAPStore.newIMAPProtocol(IMAPStore.java:763)
	at com.sun.mail.imap.IMAPStore.protocolConnect(IMAPStore.java:698)
	... 16 more
10 Apr 2024 15:15:38,518 INFO org.subethamail.smtp.server.SMTPServer.run(SMTPServer.java:333) SMTP Server socket shut down. 
10 Apr 2024 15:15:38,528 INFO com.sismics.docs.core.service.InboxService.shutDown(InboxService.java:60) Inbox service shutting down 
10 Apr 2024 15:15:38,531 INFO com.sismics.docs.core.service.FileService.shutDown(FileService.java:44) File service shutting down 
]]></system-out>
  </testcase>
</testsuite>