<?xml version="1.0" encoding="UTF-8"?>
<testsuite xmlns:xsi="http://www.w3.org/2001/XMLSchema-instance" xsi:noNamespaceSchemaLocation="https://maven.apache.org/surefire/maven-surefire-plugin/xsd/surefire-test-report-3.0.xsd" version="3.0" name="com.sismics.docs.rest.TestDocumentResource" time="109.764" tests="9" errors="0" skipped="0" failures="1">
  <properties>
[...]
</properties>
  <testcase name="testEmlImport" classname="com.sismics.docs.rest.TestDocumentResource" time="27.025">
    <system-out><![CDATA[24 Apr 2024 15:49:54,461 INFO com.sismics.util.filter.RequestContextFilter.init(RequestContextFilter.java:43) Using base data directory: /tmp 
24 Apr 2024 15:50:04,333 INFO com.sismics.util.ClasspathScanner.findClasses(ClasspathScanner.java:48) Found 1 classes for IndexingHandler 
24 Apr 2024 15:50:04,515 INFO com.sismics.docs.core.util.indexing.LuceneIndexingHandler.initLucene(LuceneIndexingHandler.java:115) Using RAM Lucene storage 
24 Apr 2024 15:50:05,179 INFO com.sismics.docs.core.service.FileService.startUp(FileService.java:39) File service starting up 
24 Apr 2024 15:50:05,197 INFO com.sismics.docs.core.service.InboxService.startUp(InboxService.java:55) Inbox service starting up 
24 Apr 2024 15:50:07,669 INFO com.sismics.util.ClasspathScanner.findClasses(ClasspathScanner.java:48) Found 2 classes for AuthenticationHandler 
24 Apr 2024 15:50:11,402 INFO com.sismics.docs.core.util.FileUtil.startProcessingFile(FileUtil.java:221) Processing started for file: 1dc4481c-3da4-4cc0-9402-eaed4bc144ad 
24 Apr 2024 15:50:11,507 INFO com.sismics.docs.core.util.FileUtil.startProcessingFile(FileUtil.java:221) Processing started for file: c64e5795-8fa3-4e30-b4f7-cbd5649b91bb 
24 Apr 2024 15:50:11,523 INFO com.sismics.docs.core.listener.async.DocumentCreatedAsyncListener.on(DocumentCreatedAsyncListener.java:35) Document created event: DocumentCreatedAsyncEvent{documentId=c3383e63-2aa3-4df5-a75c-88617d5f5564} 
24 Apr 2024 15:50:11,947 INFO com.sismics.docs.core.listener.async.FileProcessingAsyncListener.on(FileProcessingAsyncListener.java:53) File created event: FileCreatedAsyncEvent{fileId=1dc4481c-3da4-4cc0-9402-eaed4bc144ad, language=eng} 
24 Apr 2024 15:50:12,344 INFO com.sismics.util.ClasspathScanner.findClasses(ClasspathScanner.java:48) Found 7 classes for FormatHandler 
24 Apr 2024 15:50:13,821 INFO com.sismics.docs.core.listener.async.FileProcessingAsyncListener.extractContent(FileProcessingAsyncListener.java:176) Start extracting content from: File{id=1dc4481c-3da4-4cc0-9402-eaed4bc144ad, name=14_UNHCR_nd.pdf} 
24 Apr 2024 15:50:14,267 INFO com.sismics.docs.core.listener.async.FileProcessingAsyncListener.extractContent(FileProcessingAsyncListener.java:182) File content extracted in 446ms: 1dc4481c-3da4-4cc0-9402-eaed4bc144ad 
24 Apr 2024 15:50:14,411 INFO com.sismics.docs.core.util.FileUtil.endProcessingFile(FileUtil.java:231) Processing ended for file: 1dc4481c-3da4-4cc0-9402-eaed4bc144ad 
24 Apr 2024 15:50:14,414 INFO com.sismics.docs.core.listener.async.DocumentUpdatedAsyncListener.on(DocumentUpdatedAsyncListener.java:39) Document updated event: DocumentUpdatedAsyncEvent{documentId=c3383e63-2aa3-4df5-a75c-88617d5f5564} 
24 Apr 2024 15:50:14,535 INFO com.sismics.docs.core.listener.async.FileProcessingAsyncListener.on(FileProcessingAsyncListener.java:53) File created event: FileCreatedAsyncEvent{fileId=c64e5795-8fa3-4e30-b4f7-cbd5649b91bb, language=eng} 
24 Apr 2024 15:50:14,677 WARN org.apache.pdfbox.pdmodel.font.PDType1Font.<init>(PDType1Font.java:161) Using fallback font LiberationSans for base font Symbol 
24 Apr 2024 15:50:14,680 WARN org.apache.pdfbox.pdmodel.font.PDType1Font.<init>(PDType1Font.java:161) Using fallback font LiberationSans for base font ZapfDingbats 
24 Apr 2024 15:50:15,164 INFO com.sismics.docs.core.listener.async.FileProcessingAsyncListener.extractContent(FileProcessingAsyncListener.java:176) Start extracting content from: File{id=c64e5795-8fa3-4e30-b4f7-cbd5649b91bb, name=refugee status determination.pdf} 
24 Apr 2024 15:50:16,135 INFO com.sismics.docs.core.listener.async.FileProcessingAsyncListener.extractContent(FileProcessingAsyncListener.java:182) File content extracted in 971ms: c64e5795-8fa3-4e30-b4f7-cbd5649b91bb 
24 Apr 2024 15:50:16,320 INFO com.sismics.docs.core.util.FileUtil.endProcessingFile(FileUtil.java:231) Processing ended for file: c64e5795-8fa3-4e30-b4f7-cbd5649b91bb 
24 Apr 2024 15:50:16,322 INFO com.sismics.docs.core.listener.async.DocumentUpdatedAsyncListener.on(DocumentUpdatedAsyncListener.java:39) Document updated event: DocumentUpdatedAsyncEvent{documentId=c3383e63-2aa3-4df5-a75c-88617d5f5564} 
24 Apr 2024 15:50:16,516 INFO org.subethamail.smtp.server.SMTPServer.run(SMTPServer.java:333) SMTP Server socket shut down. 
24 Apr 2024 15:50:16,526 INFO com.sismics.docs.core.service.InboxService.shutDown(InboxService.java:60) Inbox service shutting down 
24 Apr 2024 15:50:16,527 INFO com.sismics.docs.core.service.FileService.shutDown(FileService.java:44) File service shutting down 
]]></system-out>
    <system-err><![CDATA[Apr 24, 2024 3:49:49 PM org.glassfish.jersey.test.external.ExternalTestContainerFactory$ExternalTestContainer <init>
INFO: Creating ExternalTestContainer configured at the base URI http://localhost:9998/docs
Apr 24, 2024 3:49:50 PM org.glassfish.grizzly.servlet.WebappContext deploy
INFO: Starting application [GrizzlyContext] ...
Apr 24, 2024 3:49:51 PM org.glassfish.grizzly.servlet.WebappContext initServlets
INFO: Loading Servlet: org.glassfish.jersey.servlet.ServletContainer
Apr 24, 2024 3:49:54 PM org.glassfish.grizzly.servlet.WebappContext initServlets
INFO: [GrizzlyContext] Servlet [org.glassfish.jersey.servlet.ServletContainer] registered for url pattern(s) [[/*]].
]]></system-err>
  </testcase>
  <testcase name="testPdfExtraction" classname="com.sismics.docs.rest.TestDocumentResource" time="3.896">
    <system-out><![CDATA[24 Apr 2024 15:50:16,570 INFO org.glassfish.jersey.test.external.ExternalTestContainerFactory$ExternalTestContainer.<init>(ExternalTestContainerFactory.java:91) Creating ExternalTestContainer configured at the base URI http://localhost:9998/docs 
24 Apr 2024 15:50:16,842 INFO com.sismics.util.filter.RequestContextFilter.init(RequestContextFilter.java:43) Using base data directory: /tmp 
24 Apr 2024 15:50:17,108 INFO com.sismics.util.ClasspathScanner.findClasses(ClasspathScanner.java:48) Found 1 classes for IndexingHandler 
24 Apr 2024 15:50:17,110 INFO com.sismics.docs.core.util.indexing.LuceneIndexingHandler.initLucene(LuceneIndexingHandler.java:115) Using RAM Lucene storage 
24 Apr 2024 15:50:17,112 INFO com.sismics.docs.core.service.FileService.startUp(FileService.java:39) File service starting up 
24 Apr 2024 15:50:17,118 INFO com.sismics.docs.core.service.InboxService.startUp(InboxService.java:55) Inbox service starting up 
24 Apr 2024 15:50:18,120 INFO com.sismics.docs.core.listener.async.DocumentCreatedAsyncListener.on(DocumentCreatedAsyncListener.java:35) Document created event: DocumentCreatedAsyncEvent{documentId=040d8140-d544-4db1-b86c-26b49746a13e} 
24 Apr 2024 15:50:18,248 INFO com.sismics.docs.core.util.FileUtil.startProcessingFile(FileUtil.java:221) Processing started for file: 0398a80d-b0fe-4fed-ace6-e71b8a35ac6d 
24 Apr 2024 15:50:18,253 INFO com.sismics.docs.core.listener.async.FileProcessingAsyncListener.on(FileProcessingAsyncListener.java:53) File created event: FileCreatedAsyncEvent{fileId=0398a80d-b0fe-4fed-ace6-e71b8a35ac6d, language=eng} 
24 Apr 2024 15:50:18,824 INFO com.sismics.docs.core.listener.async.FileProcessingAsyncListener.extractContent(FileProcessingAsyncListener.java:176) Start extracting content from: File{id=0398a80d-b0fe-4fed-ace6-e71b8a35ac6d, name=wikipedia.pdf} 
24 Apr 2024 15:50:19,053 WARN org.apache.pdfbox.pdmodel.font.PDFont.loadUnicodeCmap(PDFont.java:150) Invalid ToUnicode CMap in font HSVMXH+HiraKakuPro-W3 
24 Apr 2024 15:50:19,147 WARN org.apache.pdfbox.pdmodel.font.PDFont.loadUnicodeCmap(PDFont.java:150) Invalid ToUnicode CMap in font XICUVH+HiraKakuPro-W3 
24 Apr 2024 15:50:19,688 INFO com.sismics.docs.core.listener.async.FileProcessingAsyncListener.extractContent(FileProcessingAsyncListener.java:182) File content extracted in 864ms: 0398a80d-b0fe-4fed-ace6-e71b8a35ac6d 
24 Apr 2024 15:50:19,744 INFO com.sismics.docs.core.util.FileUtil.endProcessingFile(FileUtil.java:231) Processing ended for file: 0398a80d-b0fe-4fed-ace6-e71b8a35ac6d 
24 Apr 2024 15:50:19,746 INFO com.sismics.docs.core.listener.async.DocumentUpdatedAsyncListener.on(DocumentUpdatedAsyncListener.java:39) Document updated event: DocumentUpdatedAsyncEvent{documentId=040d8140-d544-4db1-b86c-26b49746a13e} 
24 Apr 2024 15:50:20,498 INFO org.subethamail.smtp.server.SMTPServer.run(SMTPServer.java:333) SMTP Server socket shut down. 
24 Apr 2024 15:50:20,512 INFO com.sismics.docs.core.service.InboxService.shutDown(InboxService.java:60) Inbox service shutting down 
24 Apr 2024 15:50:20,513 INFO com.sismics.docs.core.service.FileService.shutDown(FileService.java:44) File service shutting down 
]]></system-out>
  </testcase>
  <testcase name="testDocxExtraction" classname="com.sismics.docs.rest.TestDocumentResource" time="3.735">
    <system-out><![CDATA[24 Apr 2024 15:50:20,530 INFO org.glassfish.jersey.test.external.ExternalTestContainerFactory$ExternalTestContainer.<init>(ExternalTestContainerFactory.java:91) Creating ExternalTestContainer configured at the base URI http://localhost:9998/docs 
24 Apr 2024 15:50:20,693 INFO com.sismics.util.filter.RequestContextFilter.init(RequestContextFilter.java:43) Using base data directory: /tmp 
24 Apr 2024 15:50:20,912 INFO com.sismics.util.ClasspathScanner.findClasses(ClasspathScanner.java:48) Found 1 classes for IndexingHandler 
24 Apr 2024 15:50:20,914 INFO com.sismics.docs.core.util.indexing.LuceneIndexingHandler.initLucene(LuceneIndexingHandler.java:115) Using RAM Lucene storage 
24 Apr 2024 15:50:20,917 INFO com.sismics.docs.core.service.FileService.startUp(FileService.java:39) File service starting up 
24 Apr 2024 15:50:20,922 INFO com.sismics.docs.core.service.InboxService.startUp(InboxService.java:55) Inbox service starting up 
24 Apr 2024 15:50:21,892 INFO com.sismics.docs.core.listener.async.DocumentCreatedAsyncListener.on(DocumentCreatedAsyncListener.java:35) Document created event: DocumentCreatedAsyncEvent{documentId=d63b9d75-b2bf-4fdc-8daa-5c77db1edf3d} 
24 Apr 2024 15:50:21,963 INFO com.sismics.docs.core.util.FileUtil.startProcessingFile(FileUtil.java:221) Processing started for file: 06438ba6-95fd-456d-8365-869022cd1c06 
24 Apr 2024 15:50:21,966 INFO com.sismics.docs.core.listener.async.FileProcessingAsyncListener.on(FileProcessingAsyncListener.java:53) File created event: FileCreatedAsyncEvent{fileId=06438ba6-95fd-456d-8365-869022cd1c06, language=eng} 
24 Apr 2024 15:50:23,823 INFO com.sismics.docs.core.listener.async.FileProcessingAsyncListener.extractContent(FileProcessingAsyncListener.java:176) Start extracting content from: File{id=06438ba6-95fd-456d-8365-869022cd1c06, name=document.docx} 
24 Apr 2024 15:50:23,832 INFO com.sismics.docs.core.listener.async.FileProcessingAsyncListener.extractContent(FileProcessingAsyncListener.java:182) File content extracted in 9ms: 06438ba6-95fd-456d-8365-869022cd1c06 
24 Apr 2024 15:50:23,853 INFO com.sismics.docs.core.util.FileUtil.endProcessingFile(FileUtil.java:231) Processing ended for file: 06438ba6-95fd-456d-8365-869022cd1c06 
24 Apr 2024 15:50:23,856 INFO com.sismics.docs.core.listener.async.DocumentUpdatedAsyncListener.on(DocumentUpdatedAsyncListener.java:39) Document updated event: DocumentUpdatedAsyncEvent{documentId=d63b9d75-b2bf-4fdc-8daa-5c77db1edf3d} 
24 Apr 2024 15:50:24,187 INFO org.subethamail.smtp.server.SMTPServer.run(SMTPServer.java:333) SMTP Server socket shut down. 
24 Apr 2024 15:50:24,190 INFO com.sismics.docs.core.service.InboxService.shutDown(InboxService.java:60) Inbox service shutting down 
24 Apr 2024 15:50:24,194 INFO com.sismics.docs.core.service.FileService.shutDown(FileService.java:44) File service shutting down 
]]></system-out>
  </testcase>
  <testcase name="testPptxExtraction" classname="com.sismics.docs.rest.TestDocumentResource" time="29.106">
    <system-out><![CDATA[24 Apr 2024 15:50:24,237 INFO org.glassfish.jersey.test.external.ExternalTestContainerFactory$ExternalTestContainer.<init>(ExternalTestContainerFactory.java:91) Creating ExternalTestContainer configured at the base URI http://localhost:9998/docs 
24 Apr 2024 15:50:24,432 INFO com.sismics.util.filter.RequestContextFilter.init(RequestContextFilter.java:43) Using base data directory: /tmp 
24 Apr 2024 15:50:24,655 INFO com.sismics.util.ClasspathScanner.findClasses(ClasspathScanner.java:48) Found 1 classes for IndexingHandler 
24 Apr 2024 15:50:24,658 INFO com.sismics.docs.core.util.indexing.LuceneIndexingHandler.initLucene(LuceneIndexingHandler.java:115) Using RAM Lucene storage 
24 Apr 2024 15:50:24,661 INFO com.sismics.docs.core.service.FileService.startUp(FileService.java:39) File service starting up 
24 Apr 2024 15:50:24,668 INFO com.sismics.docs.core.service.InboxService.startUp(InboxService.java:55) Inbox service starting up 
24 Apr 2024 15:50:25,790 INFO com.sismics.docs.core.listener.async.DocumentCreatedAsyncListener.on(DocumentCreatedAsyncListener.java:35) Document created event: DocumentCreatedAsyncEvent{documentId=41b8b782-5d14-49cf-8051-4ac8fa3ae6cc} 
24 Apr 2024 15:50:26,381 INFO com.sismics.docs.core.util.FileUtil.startProcessingFile(FileUtil.java:221) Processing started for file: eed740fd-7293-40f3-b527-14cf303c191d 
24 Apr 2024 15:50:26,390 INFO com.sismics.docs.core.listener.async.FileProcessingAsyncListener.on(FileProcessingAsyncListener.java:53) File created event: FileCreatedAsyncEvent{fileId=eed740fd-7293-40f3-b527-14cf303c191d, language=eng} 
24 Apr 2024 15:50:30,680 INFO com.sismics.docs.core.listener.async.FileProcessingAsyncListener.extractContent(FileProcessingAsyncListener.java:176) Start extracting content from: File{id=eed740fd-7293-40f3-b527-14cf303c191d, name=apache.pptx} 
24 Apr 2024 15:50:30,979 INFO com.sismics.docs.core.listener.async.FileProcessingAsyncListener.extractContent(FileProcessingAsyncListener.java:182) File content extracted in 299ms: eed740fd-7293-40f3-b527-14cf303c191d 
24 Apr 2024 15:50:31,020 INFO com.sismics.docs.core.util.FileUtil.endProcessingFile(FileUtil.java:231) Processing ended for file: eed740fd-7293-40f3-b527-14cf303c191d 
24 Apr 2024 15:50:31,028 INFO com.sismics.docs.core.listener.async.DocumentUpdatedAsyncListener.on(DocumentUpdatedAsyncListener.java:39) Document updated event: DocumentUpdatedAsyncEvent{documentId=41b8b782-5d14-49cf-8051-4ac8fa3ae6cc} 
24 Apr 2024 15:50:53,301 INFO org.subethamail.smtp.server.SMTPServer.run(SMTPServer.java:333) SMTP Server socket shut down. 
24 Apr 2024 15:50:53,306 INFO com.sismics.docs.core.service.InboxService.shutDown(InboxService.java:60) Inbox service shutting down 
24 Apr 2024 15:50:53,307 INFO com.sismics.docs.core.service.FileService.shutDown(FileService.java:44) File service shutting down 
]]></system-out>
  </testcase>
  <testcase name="testCustomMetadata" classname="com.sismics.docs.rest.TestDocumentResource" time="2.526">
    <system-out><![CDATA[24 Apr 2024 15:50:53,332 INFO org.glassfish.jersey.test.external.ExternalTestContainerFactory$ExternalTestContainer.<init>(ExternalTestContainerFactory.java:91) Creating ExternalTestContainer configured at the base URI http://localhost:9998/docs 
24 Apr 2024 15:50:53,518 INFO com.sismics.util.filter.RequestContextFilter.init(RequestContextFilter.java:43) Using base data directory: /tmp 
24 Apr 2024 15:50:53,752 INFO com.sismics.util.ClasspathScanner.findClasses(ClasspathScanner.java:48) Found 1 classes for IndexingHandler 
24 Apr 2024 15:50:53,756 INFO com.sismics.docs.core.util.indexing.LuceneIndexingHandler.initLucene(LuceneIndexingHandler.java:115) Using RAM Lucene storage 
24 Apr 2024 15:50:53,758 INFO com.sismics.docs.core.service.FileService.startUp(FileService.java:39) File service starting up 
24 Apr 2024 15:50:53,763 INFO com.sismics.docs.core.service.InboxService.startUp(InboxService.java:55) Inbox service starting up 
24 Apr 2024 15:50:55,511 INFO com.sismics.docs.core.listener.async.DocumentCreatedAsyncListener.on(DocumentCreatedAsyncListener.java:35) Document created event: DocumentCreatedAsyncEvent{documentId=feaec921-99de-4093-b9f2-dd3c636e73c0} 
24 Apr 2024 15:50:55,629 INFO com.sismics.docs.core.listener.async.DocumentUpdatedAsyncListener.on(DocumentUpdatedAsyncListener.java:39) Document updated event: DocumentUpdatedAsyncEvent{documentId=feaec921-99de-4093-b9f2-dd3c636e73c0} 
24 Apr 2024 15:50:55,759 INFO com.sismics.docs.core.listener.async.DocumentUpdatedAsyncListener.on(DocumentUpdatedAsyncListener.java:39) Document updated event: DocumentUpdatedAsyncEvent{documentId=feaec921-99de-4093-b9f2-dd3c636e73c0} 
24 Apr 2024 15:50:55,847 INFO org.subethamail.smtp.server.SMTPServer.run(SMTPServer.java:333) SMTP Server socket shut down. 
24 Apr 2024 15:50:55,859 INFO com.sismics.docs.core.service.InboxService.shutDown(InboxService.java:60) Inbox service shutting down 
24 Apr 2024 15:50:55,860 INFO com.sismics.docs.core.service.FileService.shutDown(FileService.java:44) File service shutting down 
]]></system-out>
  </testcase>
  <testcase name="testOdtExtraction" classname="com.sismics.docs.rest.TestDocumentResource" time="4.041">
    <system-out><![CDATA[24 Apr 2024 15:50:55,877 INFO org.glassfish.jersey.test.external.ExternalTestContainerFactory$ExternalTestContainer.<init>(ExternalTestContainerFactory.java:91) Creating ExternalTestContainer configured at the base URI http://localhost:9998/docs 
24 Apr 2024 15:50:56,116 INFO com.sismics.util.filter.RequestContextFilter.init(RequestContextFilter.java:43) Using base data directory: /tmp 
24 Apr 2024 15:50:56,653 INFO com.sismics.util.ClasspathScanner.findClasses(ClasspathScanner.java:48) Found 1 classes for IndexingHandler 
24 Apr 2024 15:50:56,656 INFO com.sismics.docs.core.util.indexing.LuceneIndexingHandler.initLucene(LuceneIndexingHandler.java:115) Using RAM Lucene storage 
24 Apr 2024 15:50:56,659 INFO com.sismics.docs.core.service.FileService.startUp(FileService.java:39) File service starting up 
24 Apr 2024 15:50:56,664 INFO com.sismics.docs.core.service.InboxService.startUp(InboxService.java:55) Inbox service starting up 
24 Apr 2024 15:50:57,703 INFO com.sismics.docs.core.listener.async.DocumentCreatedAsyncListener.on(DocumentCreatedAsyncListener.java:35) Document created event: DocumentCreatedAsyncEvent{documentId=6f593c51-c68e-4577-8125-40eb8b8e777c} 
24 Apr 2024 15:50:57,798 INFO com.sismics.docs.core.util.FileUtil.startProcessingFile(FileUtil.java:221) Processing started for file: e22a24c5-50cb-48d3-9811-4e32551e46e1 
24 Apr 2024 15:50:57,803 INFO com.sismics.docs.core.listener.async.FileProcessingAsyncListener.on(FileProcessingAsyncListener.java:53) File created event: FileCreatedAsyncEvent{fileId=e22a24c5-50cb-48d3-9811-4e32551e46e1, language=eng} 
24 Apr 2024 15:50:59,642 INFO com.sismics.docs.core.listener.async.FileProcessingAsyncListener.extractContent(FileProcessingAsyncListener.java:176) Start extracting content from: File{id=e22a24c5-50cb-48d3-9811-4e32551e46e1, name=document.odt} 
24 Apr 2024 15:50:59,653 INFO com.sismics.docs.core.listener.async.FileProcessingAsyncListener.extractContent(FileProcessingAsyncListener.java:182) File content extracted in 11ms: e22a24c5-50cb-48d3-9811-4e32551e46e1 
24 Apr 2024 15:50:59,668 INFO com.sismics.docs.core.util.FileUtil.endProcessingFile(FileUtil.java:231) Processing ended for file: e22a24c5-50cb-48d3-9811-4e32551e46e1 
24 Apr 2024 15:50:59,671 INFO com.sismics.docs.core.listener.async.DocumentUpdatedAsyncListener.on(DocumentUpdatedAsyncListener.java:39) Document updated event: DocumentUpdatedAsyncEvent{documentId=6f593c51-c68e-4577-8125-40eb8b8e777c} 
24 Apr 2024 15:50:59,907 INFO org.subethamail.smtp.server.SMTPServer.run(SMTPServer.java:333) SMTP Server socket shut down. 
24 Apr 2024 15:50:59,923 INFO com.sismics.docs.core.service.InboxService.shutDown(InboxService.java:60) Inbox service shutting down 
24 Apr 2024 15:50:59,924 INFO com.sismics.docs.core.service.FileService.shutDown(FileService.java:44) File service shutting down 
]]></system-out>
  </testcase>
  <testcase name="testPlainTextExtraction" classname="com.sismics.docs.rest.TestDocumentResource" time="2.225">
    <system-out><![CDATA[24 Apr 2024 15:50:59,931 INFO org.glassfish.jersey.test.external.ExternalTestContainerFactory$ExternalTestContainer.<init>(ExternalTestContainerFactory.java:91) Creating ExternalTestContainer configured at the base URI http://localhost:9998/docs 
24 Apr 2024 15:51:00,100 INFO com.sismics.util.filter.RequestContextFilter.init(RequestContextFilter.java:43) Using base data directory: /tmp 
24 Apr 2024 15:51:00,330 INFO com.sismics.util.ClasspathScanner.findClasses(ClasspathScanner.java:48) Found 1 classes for IndexingHandler 
24 Apr 2024 15:51:00,333 INFO com.sismics.docs.core.util.indexing.LuceneIndexingHandler.initLucene(LuceneIndexingHandler.java:115) Using RAM Lucene storage 
24 Apr 2024 15:51:00,336 INFO com.sismics.docs.core.service.FileService.startUp(FileService.java:39) File service starting up 
24 Apr 2024 15:51:00,338 INFO com.sismics.docs.core.service.InboxService.startUp(InboxService.java:55) Inbox service starting up 
24 Apr 2024 15:51:01,420 INFO com.sismics.docs.core.listener.async.DocumentCreatedAsyncListener.on(DocumentCreatedAsyncListener.java:35) Document created event: DocumentCreatedAsyncEvent{documentId=316641f8-e0c8-4d0d-b56e-6bec179c3c97} 
24 Apr 2024 15:51:01,511 INFO com.sismics.docs.core.util.FileUtil.startProcessingFile(FileUtil.java:221) Processing started for file: 46800d44-ded3-4d10-9753-3759401ca033 
24 Apr 2024 15:51:01,515 INFO com.sismics.docs.core.listener.async.FileProcessingAsyncListener.on(FileProcessingAsyncListener.java:53) File created event: FileCreatedAsyncEvent{fileId=46800d44-ded3-4d10-9753-3759401ca033, language=eng} 
24 Apr 2024 15:51:01,895 INFO com.sismics.docs.core.listener.async.FileProcessingAsyncListener.extractContent(FileProcessingAsyncListener.java:176) Start extracting content from: File{id=46800d44-ded3-4d10-9753-3759401ca033, name=document.txt} 
24 Apr 2024 15:51:01,897 INFO com.sismics.docs.core.listener.async.FileProcessingAsyncListener.extractContent(FileProcessingAsyncListener.java:182) File content extracted in 2ms: 46800d44-ded3-4d10-9753-3759401ca033 
24 Apr 2024 15:51:01,918 INFO com.sismics.docs.core.util.FileUtil.endProcessingFile(FileUtil.java:231) Processing ended for file: 46800d44-ded3-4d10-9753-3759401ca033 
24 Apr 2024 15:51:01,921 INFO com.sismics.docs.core.listener.async.DocumentUpdatedAsyncListener.on(DocumentUpdatedAsyncListener.java:39) Document updated event: DocumentUpdatedAsyncEvent{documentId=316641f8-e0c8-4d0d-b56e-6bec179c3c97} 
24 Apr 2024 15:51:02,101 INFO org.subethamail.smtp.server.SMTPServer.run(SMTPServer.java:333) SMTP Server socket shut down. 
24 Apr 2024 15:51:02,105 INFO com.sismics.docs.core.service.InboxService.shutDown(InboxService.java:60) Inbox service shutting down 
24 Apr 2024 15:51:02,105 INFO com.sismics.docs.core.service.FileService.shutDown(FileService.java:44) File service shutting down 
]]></system-out>
  </testcase>
  <testcase name="testDocumentResource" classname="com.sismics.docs.rest.TestDocumentResource" time="32.339">
    <system-out><![CDATA[24 Apr 2024 15:51:02,127 INFO org.glassfish.jersey.test.external.ExternalTestContainerFactory$ExternalTestContainer.<init>(ExternalTestContainerFactory.java:91) Creating ExternalTestContainer configured at the base URI http://localhost:9998/docs 
24 Apr 2024 15:51:02,328 INFO com.sismics.util.filter.RequestContextFilter.init(RequestContextFilter.java:43) Using base data directory: /tmp 
24 Apr 2024 15:51:02,597 INFO com.sismics.util.ClasspathScanner.findClasses(ClasspathScanner.java:48) Found 1 classes for IndexingHandler 
24 Apr 2024 15:51:02,600 INFO com.sismics.docs.core.util.indexing.LuceneIndexingHandler.initLucene(LuceneIndexingHandler.java:115) Using RAM Lucene storage 
24 Apr 2024 15:51:02,604 INFO com.sismics.docs.core.service.FileService.startUp(FileService.java:39) File service starting up 
24 Apr 2024 15:51:02,609 INFO com.sismics.docs.core.service.InboxService.startUp(InboxService.java:55) Inbox service starting up 
24 Apr 2024 15:51:04,333 INFO com.sismics.docs.core.listener.async.DocumentCreatedAsyncListener.on(DocumentCreatedAsyncListener.java:35) Document created event: DocumentCreatedAsyncEvent{documentId=4119da44-46a7-4179-8ba7-34039b30ea44} 
24 Apr 2024 15:51:04,373 INFO com.sismics.docs.core.listener.async.DocumentCreatedAsyncListener.on(DocumentCreatedAsyncListener.java:35) Document created event: DocumentCreatedAsyncEvent{documentId=cebb8589-c632-4d59-92e5-5e08bb79232e} 
24 Apr 2024 15:51:04,494 INFO com.sismics.docs.core.util.FileUtil.startProcessingFile(FileUtil.java:221) Processing started for file: 6bc3ad82-6080-451c-be64-87688b611a9d 
24 Apr 2024 15:51:04,502 INFO com.sismics.docs.core.listener.async.FileProcessingAsyncListener.on(FileProcessingAsyncListener.java:53) File created event: FileCreatedAsyncEvent{fileId=6bc3ad82-6080-451c-be64-87688b611a9d, language=eng} 
24 Apr 2024 15:51:05,299 INFO com.sismics.docs.core.listener.async.FileProcessingAsyncListener.extractContent(FileProcessingAsyncListener.java:176) Start extracting content from: File{id=6bc3ad82-6080-451c-be64-87688b611a9d, name=Einstein-Roosevelt-letter.png} 
24 Apr 2024 15:51:18,556 INFO com.sismics.docs.core.listener.async.FileProcessingAsyncListener.extractContent(FileProcessingAsyncListener.java:182) File content extracted in 13,256ms: 6bc3ad82-6080-451c-be64-87688b611a9d 
24 Apr 2024 15:51:18,589 INFO com.sismics.docs.core.util.FileUtil.endProcessingFile(FileUtil.java:231) Processing ended for file: 6bc3ad82-6080-451c-be64-87688b611a9d 
24 Apr 2024 15:51:18,592 INFO com.sismics.docs.core.listener.async.DocumentUpdatedAsyncListener.on(DocumentUpdatedAsyncListener.java:39) Document updated event: DocumentUpdatedAsyncEvent{documentId=4119da44-46a7-4179-8ba7-34039b30ea44} 
24 Apr 2024 15:51:18,667 INFO com.sismics.docs.core.listener.async.DocumentUpdatedAsyncListener.on(DocumentUpdatedAsyncListener.java:39) Document updated event: DocumentUpdatedAsyncEvent{documentId=4119da44-46a7-4179-8ba7-34039b30ea44} 
24 Apr 2024 15:51:18,873 INFO com.sismics.docs.core.listener.async.DocumentCreatedAsyncListener.on(DocumentCreatedAsyncListener.java:35) Document created event: DocumentCreatedAsyncEvent{documentId=eb08ab90-9ccd-438f-862b-134aaf112b77} 
24 Apr 2024 15:51:18,981 INFO com.sismics.docs.core.util.FileUtil.startProcessingFile(FileUtil.java:221) Processing started for file: 0b4ca9bf-d385-4a39-a821-465767210e98 
24 Apr 2024 15:51:18,986 INFO com.sismics.docs.core.listener.async.FileProcessingAsyncListener.on(FileProcessingAsyncListener.java:53) File created event: FileCreatedAsyncEvent{fileId=0b4ca9bf-d385-4a39-a821-465767210e98, language=eng} 
24 Apr 2024 15:51:19,754 INFO com.sismics.docs.core.listener.async.FileProcessingAsyncListener.extractContent(FileProcessingAsyncListener.java:176) Start extracting content from: File{id=0b4ca9bf-d385-4a39-a821-465767210e98, name=Einstein-Roosevelt-letter.png} 
24 Apr 2024 15:51:30,910 INFO com.sismics.docs.core.listener.async.FileProcessingAsyncListener.extractContent(FileProcessingAsyncListener.java:182) File content extracted in 11,154ms: 0b4ca9bf-d385-4a39-a821-465767210e98 
24 Apr 2024 15:51:30,939 INFO com.sismics.docs.core.util.FileUtil.endProcessingFile(FileUtil.java:231) Processing ended for file: 0b4ca9bf-d385-4a39-a821-465767210e98 
24 Apr 2024 15:51:30,942 INFO com.sismics.docs.core.listener.async.DocumentUpdatedAsyncListener.on(DocumentUpdatedAsyncListener.java:39) Document updated event: DocumentUpdatedAsyncEvent{documentId=eb08ab90-9ccd-438f-862b-134aaf112b77} 
24 Apr 2024 15:51:33,438 INFO com.sismics.docs.core.listener.async.DocumentUpdatedAsyncListener.on(DocumentUpdatedAsyncListener.java:39) Document updated event: DocumentUpdatedAsyncEvent{documentId=4119da44-46a7-4179-8ba7-34039b30ea44} 
24 Apr 2024 15:51:33,486 INFO com.sismics.docs.core.listener.async.DocumentUpdatedAsyncListener.on(DocumentUpdatedAsyncListener.java:39) Document updated event: DocumentUpdatedAsyncEvent{documentId=cebb8589-c632-4d59-92e5-5e08bb79232e} 
24 Apr 2024 15:51:34,267 INFO com.sismics.docs.core.listener.async.FileDeletedAsyncListener.on(FileDeletedAsyncListener.java:33) File deleted event: FileDeletedAsyncEvent{fileId=6bc3ad82-6080-451c-be64-87688b611a9d} 
24 Apr 2024 15:51:34,281 INFO com.sismics.docs.core.listener.async.DocumentDeletedAsyncListener.on(DocumentDeletedAsyncListener.java:31) Document deleted event: DocumentDeletedAsyncEvent{documentId=4119da44-46a7-4179-8ba7-34039b30ea44} 
24 Apr 2024 15:51:34,453 INFO org.subethamail.smtp.server.SMTPServer.run(SMTPServer.java:333) SMTP Server socket shut down. 
24 Apr 2024 15:51:34,458 INFO com.sismics.docs.core.service.InboxService.shutDown(InboxService.java:60) Inbox service shutting down 
24 Apr 2024 15:51:34,460 INFO com.sismics.docs.core.service.FileService.shutDown(FileService.java:44) File service shutting down 
]]></system-out>
  </testcase>
  <testcase name="testVideoExtraction" classname="com.sismics.docs.rest.TestDocumentResource" time="4.641">
    <failure message="expected:&lt;1&gt; but was:&lt;0&gt;" type="java.lang.AssertionError"><![CDATA[java.lang.AssertionError: expected:<1> but was:<0>
	at com.sismics.docs.rest.TestDocumentResource.testVideoExtraction(TestDocumentResource.java:672)
]]></failure>
    <system-out><![CDATA[24 Apr 2024 15:51:34,493 INFO org.glassfish.jersey.test.external.ExternalTestContainerFactory$ExternalTestContainer.<init>(ExternalTestContainerFactory.java:91) Creating ExternalTestContainer configured at the base URI http://localhost:9998/docs 
24 Apr 2024 15:51:34,698 INFO com.sismics.util.filter.RequestContextFilter.init(RequestContextFilter.java:43) Using base data directory: /tmp 
24 Apr 2024 15:51:34,937 INFO com.sismics.util.ClasspathScanner.findClasses(ClasspathScanner.java:48) Found 1 classes for IndexingHandler 
24 Apr 2024 15:51:34,940 INFO com.sismics.docs.core.util.indexing.LuceneIndexingHandler.initLucene(LuceneIndexingHandler.java:115) Using RAM Lucene storage 
24 Apr 2024 15:51:34,943 INFO com.sismics.docs.core.service.FileService.startUp(FileService.java:39) File service starting up 
24 Apr 2024 15:51:34,948 INFO com.sismics.docs.core.service.InboxService.startUp(InboxService.java:55) Inbox service starting up 
24 Apr 2024 15:51:36,140 INFO com.sismics.docs.core.listener.async.DocumentCreatedAsyncListener.on(DocumentCreatedAsyncListener.java:35) Document created event: DocumentCreatedAsyncEvent{documentId=005c398b-7ca9-4862-aa80-45e0c394a003} 
24 Apr 2024 15:51:36,244 INFO com.sismics.docs.core.util.FileUtil.startProcessingFile(FileUtil.java:221) Processing started for file: 1ccaa084-3086-4df7-8b90-5e0fc9d321e1 
24 Apr 2024 15:51:36,250 INFO com.sismics.docs.core.listener.async.FileProcessingAsyncListener.on(FileProcessingAsyncListener.java:53) File created event: FileCreatedAsyncEvent{fileId=1ccaa084-3086-4df7-8b90-5e0fc9d321e1, language=eng} 
24 Apr 2024 15:51:38,973 INFO com.sismics.docs.core.listener.async.FileProcessingAsyncListener.extractContent(FileProcessingAsyncListener.java:176) Start extracting content from: File{id=1ccaa084-3086-4df7-8b90-5e0fc9d321e1, name=video.webm} 
24 Apr 2024 15:51:38,982 INFO com.sismics.docs.core.listener.async.FileProcessingAsyncListener.extractContent(FileProcessingAsyncListener.java:182) File content extracted in 9ms: 1ccaa084-3086-4df7-8b90-5e0fc9d321e1 
24 Apr 2024 15:51:39,002 INFO com.sismics.docs.core.util.FileUtil.endProcessingFile(FileUtil.java:231) Processing ended for file: 1ccaa084-3086-4df7-8b90-5e0fc9d321e1 
24 Apr 2024 15:51:39,005 INFO com.sismics.docs.core.listener.async.DocumentUpdatedAsyncListener.on(DocumentUpdatedAsyncListener.java:39) Document updated event: DocumentUpdatedAsyncEvent{documentId=005c398b-7ca9-4862-aa80-45e0c394a003} 
24 Apr 2024 15:51:39,072 INFO org.subethamail.smtp.server.SMTPServer.run(SMTPServer.java:333) SMTP Server socket shut down. 
24 Apr 2024 15:51:39,075 INFO com.sismics.docs.core.service.InboxService.shutDown(InboxService.java:60) Inbox service shutting down 
24 Apr 2024 15:51:39,076 INFO com.sismics.docs.core.service.FileService.shutDown(FileService.java:44) File service shutting down 
]]></system-out>
  </testcase>
</testsuite>